Executing mkdir -p /Users/gcenx/Documents/GitHub/Sims4-wineskin-build/Sims4.app/Contents/SharedSupport
------------------------------------------------------
warning: You are using a 64-bit WINEPREFIX. Note that many verbs only install 32-bit versions of packages. If you encounter problems, please retest in a clean 32-bit WINEPREFIX before reporting a bug.
------------------------------------------------------
Using winetricks 20220411-next - sha256sum: 46d3cb086ed5c4cbd15d5809684ef684868846343c2be044736620ea231707ae with wine-6.0.2 (WineskinCX 21.2.0) and WINEARCH=win64
Executing w_do_call origin
Executing mkdir -p /Users/gcenx/Documents/GitHub/Sims4-wineskin-build/Sims4.app/Contents/SharedSupport
------------------------------------------------------
warning: You are using a 64-bit WINEPREFIX. Note that many verbs only install 32-bit versions of packages. If you encounter problems, please retest in a clean 32-bit WINEPREFIX before reporting a bug.
------------------------------------------------------
Executing load_origin 
Executing cd /Users/gcenx/.cache/winetricks/origin
Executing wine OriginSetup.exe /NoLaunch /SILENT
------------------------------------------------------
warning: Working around wine bug 32342 -- QtWebEngineProcess.exe crashes when updating or launching Origin (missing fonts)
------------------------------------------------------
Executing w_do_call corefonts
Executing mkdir -p /Users/gcenx/Documents/GitHub/Sims4-wineskin-build/Sims4.app/Contents/SharedSupport
------------------------------------------------------
warning: You are using a 64-bit WINEPREFIX. Note that many verbs only install 32-bit versions of packages. If you encounter problems, please retest in a clean 32-bit WINEPREFIX before reporting a bug.
------------------------------------------------------
Executing load_corefonts 
Executing w_do_call andale
Executing mkdir -p /Users/gcenx/Documents/GitHub/Sims4-wineskin-build/Sims4.app/Contents/SharedSupport
------------------------------------------------------
warning: You are using a 64-bit WINEPREFIX. Note that many verbs only install 32-bit versions of packages. If you encounter problems, please retest in a clean 32-bit WINEPREFIX before reporting a bug.
------------------------------------------------------
Executing load_andale 
Executing cabextract -q -d /Users/gcenx/Documents/GitHub/Sims4-wineskin-build/Sims4.app/Contents/SharedSupport/prefix/dosdevices/c:/windows/temp /Users/gcenx/.cache/winetricks/corefonts/andale32.exe
------------------------------------------------------
warning: Running wineserver -w. This will hang until all wine processes in prefix=/Users/gcenx/Documents/GitHub/Sims4-wineskin-build/Sims4.app/Contents/SharedSupport/prefix terminate
------------------------------------------------------
Executing wine C:\windows\syswow64/regedit /S C:\windows\Temp\_register-font.reg
Executing wine64 C:\windows\system32/regedit /S C:\windows\Temp\_register-font.reg
Executing cp /Users/gcenx/Documents/GitHub/Sims4-wineskin-build/Sims4.app/Contents/SharedSupport/prefix/dosdevices/c:/windows/temp/_register-font.reg /var/folders/rb/8l1lq_857b5ccyjrd039vf0w0000gn/T//winetricks.rzOrvdAK/_reg_90ad6a9f_85179.reg
Executing wine C:\windows\syswow64/regedit /S C:\windows\Temp\_register-font.reg
Executing wine64 C:\windows\system32/regedit /S C:\windows\Temp\_register-font.reg
Executing cp /Users/gcenx/Documents/GitHub/Sims4-wineskin-build/Sims4.app/Contents/SharedSupport/prefix/dosdevices/c:/windows/temp/_register-font.reg /var/folders/rb/8l1lq_857b5ccyjrd039vf0w0000gn/T//winetricks.rzOrvdAK/_reg_f6204652_85179.reg
Executing w_do_call arial
Executing mkdir -p /Users/gcenx/Documents/GitHub/Sims4-wineskin-build/Sims4.app/Contents/SharedSupport
------------------------------------------------------
warning: You are using a 64-bit WINEPREFIX. Note that many verbs only install 32-bit versions of packages. If you encounter problems, please retest in a clean 32-bit WINEPREFIX before reporting a bug.
------------------------------------------------------
Executing load_arial 
Executing cabextract -q -d /Users/gcenx/Documents/GitHub/Sims4-wineskin-build/Sims4.app/Contents/SharedSupport/prefix/dosdevices/c:/windows/temp /Users/gcenx/.cache/winetricks/corefonts/arial32.exe
------------------------------------------------------
warning: Running wineserver -w. This will hang until all wine processes in prefix=/Users/gcenx/Documents/GitHub/Sims4-wineskin-build/Sims4.app/Contents/SharedSupport/prefix terminate
------------------------------------------------------
Executing wine C:\windows\syswow64/regedit /S C:\windows\Temp\_register-font.reg
Executing wine64 C:\windows\system32/regedit /S C:\windows\Temp\_register-font.reg
Executing cp /Users/gcenx/Documents/GitHub/Sims4-wineskin-build/Sims4.app/Contents/SharedSupport/prefix/dosdevices/c:/windows/temp/_register-font.reg /var/folders/rb/8l1lq_857b5ccyjrd039vf0w0000gn/T//winetricks.rzOrvdAK/_reg_304f5183_85179.reg
Executing wine C:\windows\syswow64/regedit /S C:\windows\Temp\_register-font.reg
Executing wine64 C:\windows\system32/regedit /S C:\windows\Temp\_register-font.reg
Executing cp /Users/gcenx/Documents/GitHub/Sims4-wineskin-build/Sims4.app/Contents/SharedSupport/prefix/dosdevices/c:/windows/temp/_register-font.reg /var/folders/rb/8l1lq_857b5ccyjrd039vf0w0000gn/T//winetricks.rzOrvdAK/_reg_964415d4_85179.reg
Executing wine C:\windows\syswow64/regedit /S C:\windows\Temp\_register-font.reg
Executing wine64 C:\windows\system32/regedit /S C:\windows\Temp\_register-font.reg
Executing cp /Users/gcenx/Documents/GitHub/Sims4-wineskin-build/Sims4.app/Contents/SharedSupport/prefix/dosdevices/c:/windows/temp/_register-font.reg /var/folders/rb/8l1lq_857b5ccyjrd039vf0w0000gn/T//winetricks.rzOrvdAK/_reg_1f616c49_85179.reg
Executing wine C:\windows\syswow64/regedit /S C:\windows\Temp\_register-font.reg
Executing wine64 C:\windows\system32/regedit /S C:\windows\Temp\_register-font.reg
Executing cp /Users/gcenx/Documents/GitHub/Sims4-wineskin-build/Sims4.app/Contents/SharedSupport/prefix/dosdevices/c:/windows/temp/_register-font.reg /var/folders/rb/8l1lq_857b5ccyjrd039vf0w0000gn/T//winetricks.rzOrvdAK/_reg_16f0ad00_85179.reg
Executing wine C:\windows\syswow64/regedit /S C:\windows\Temp\_register-font.reg
Executing wine64 C:\windows\system32/regedit /S C:\windows\Temp\_register-font.reg
Executing cp /Users/gcenx/Documents/GitHub/Sims4-wineskin-build/Sims4.app/Contents/SharedSupport/prefix/dosdevices/c:/windows/temp/_register-font.reg /var/folders/rb/8l1lq_857b5ccyjrd039vf0w0000gn/T//winetricks.rzOrvdAK/_reg_afb17c0c_85179.reg
Executing wine C:\windows\syswow64/regedit /S C:\windows\Temp\_register-font.reg
Executing wine64 C:\windows\system32/regedit /S C:\windows\Temp\_register-font.reg
Executing cp /Users/gcenx/Documents/GitHub/Sims4-wineskin-build/Sims4.app/Contents/SharedSupport/prefix/dosdevices/c:/windows/temp/_register-font.reg /var/folders/rb/8l1lq_857b5ccyjrd039vf0w0000gn/T//winetricks.rzOrvdAK/_reg_4cd1fddd_85179.reg
Executing wine C:\windows\syswow64/regedit /S C:\windows\Temp\_register-font.reg
Executing wine64 C:\windows\system32/regedit /S C:\windows\Temp\_register-font.reg
Executing cp /Users/gcenx/Documents/GitHub/Sims4-wineskin-build/Sims4.app/Contents/SharedSupport/prefix/dosdevices/c:/windows/temp/_register-font.reg /var/folders/rb/8l1lq_857b5ccyjrd039vf0w0000gn/T//winetricks.rzOrvdAK/_reg_dae52f18_85179.reg
Executing wine C:\windows\syswow64/regedit /S C:\windows\Temp\_register-font.reg
Executing wine64 C:\windows\system32/regedit /S C:\windows\Temp\_register-font.reg
Executing cp /Users/gcenx/Documents/GitHub/Sims4-wineskin-build/Sims4.app/Contents/SharedSupport/prefix/dosdevices/c:/windows/temp/_register-font.reg /var/folders/rb/8l1lq_857b5ccyjrd039vf0w0000gn/T//winetricks.rzOrvdAK/_reg_f89c822c_85179.reg
Executing cabextract -q -d /Users/gcenx/Documents/GitHub/Sims4-wineskin-build/Sims4.app/Contents/SharedSupport/prefix/dosdevices/c:/windows/temp /Users/gcenx/.cache/winetricks/corefonts/arialb32.exe
------------------------------------------------------
warning: Running wineserver -w. This will hang until all wine processes in prefix=/Users/gcenx/Documents/GitHub/Sims4-wineskin-build/Sims4.app/Contents/SharedSupport/prefix terminate
------------------------------------------------------
Executing wine C:\windows\syswow64/regedit /S C:\windows\Temp\_register-font.reg
Executing wine64 C:\windows\system32/regedit /S C:\windows\Temp\_register-font.reg
Executing cp /Users/gcenx/Documents/GitHub/Sims4-wineskin-build/Sims4.app/Contents/SharedSupport/prefix/dosdevices/c:/windows/temp/_register-font.reg /var/folders/rb/8l1lq_857b5ccyjrd039vf0w0000gn/T//winetricks.rzOrvdAK/_reg_66d0267b_85179.reg
Executing wine C:\windows\syswow64/regedit /S C:\windows\Temp\_register-font.reg
Executing wine64 C:\windows\system32/regedit /S C:\windows\Temp\_register-font.reg
Executing cp /Users/gcenx/Documents/GitHub/Sims4-wineskin-build/Sims4.app/Contents/SharedSupport/prefix/dosdevices/c:/windows/temp/_register-font.reg /var/folders/rb/8l1lq_857b5ccyjrd039vf0w0000gn/T//winetricks.rzOrvdAK/_reg_8067e78b_85179.reg
Executing w_do_call comicsans
Executing mkdir -p /Users/gcenx/Documents/GitHub/Sims4-wineskin-build/Sims4.app/Contents/SharedSupport
------------------------------------------------------
warning: You are using a 64-bit WINEPREFIX. Note that many verbs only install 32-bit versions of packages. If you encounter problems, please retest in a clean 32-bit WINEPREFIX before reporting a bug.
------------------------------------------------------
Executing load_comicsans 
Executing cabextract -q -d /Users/gcenx/Documents/GitHub/Sims4-wineskin-build/Sims4.app/Contents/SharedSupport/prefix/dosdevices/c:/windows/temp /Users/gcenx/.cache/winetricks/corefonts/comic32.exe
------------------------------------------------------
warning: Running wineserver -w. This will hang until all wine processes in prefix=/Users/gcenx/Documents/GitHub/Sims4-wineskin-build/Sims4.app/Contents/SharedSupport/prefix terminate
------------------------------------------------------
Executing wine C:\windows\syswow64/regedit /S C:\windows\Temp\_register-font.reg
Executing wine64 C:\windows\system32/regedit /S C:\windows\Temp\_register-font.reg
Executing cp /Users/gcenx/Documents/GitHub/Sims4-wineskin-build/Sims4.app/Contents/SharedSupport/prefix/dosdevices/c:/windows/temp/_register-font.reg /var/folders/rb/8l1lq_857b5ccyjrd039vf0w0000gn/T//winetricks.rzOrvdAK/_reg_b59fdb6f_85179.reg
Executing wine C:\windows\syswow64/regedit /S C:\windows\Temp\_register-font.reg
Executing wine64 C:\windows\system32/regedit /S C:\windows\Temp\_register-font.reg
Executing cp /Users/gcenx/Documents/GitHub/Sims4-wineskin-build/Sims4.app/Contents/SharedSupport/prefix/dosdevices/c:/windows/temp/_register-font.reg /var/folders/rb/8l1lq_857b5ccyjrd039vf0w0000gn/T//winetricks.rzOrvdAK/_reg_487ea6dc_85179.reg
Executing wine C:\windows\syswow64/regedit /S C:\windows\Temp\_register-font.reg
Executing wine64 C:\windows\system32/regedit /S C:\windows\Temp\_register-font.reg
Executing cp /Users/gcenx/Documents/GitHub/Sims4-wineskin-build/Sims4.app/Contents/SharedSupport/prefix/dosdevices/c:/windows/temp/_register-font.reg /var/folders/rb/8l1lq_857b5ccyjrd039vf0w0000gn/T//winetricks.rzOrvdAK/_reg_39bed46a_85179.reg
Executing wine C:\windows\syswow64/regedit /S C:\windows\Temp\_register-font.reg
Executing wine64 C:\windows\system32/regedit /S C:\windows\Temp\_register-font.reg
Executing cp /Users/gcenx/Documents/GitHub/Sims4-wineskin-build/Sims4.app/Contents/SharedSupport/prefix/dosdevices/c:/windows/temp/_register-font.reg /var/folders/rb/8l1lq_857b5ccyjrd039vf0w0000gn/T//winetricks.rzOrvdAK/_reg_1a737988_85179.reg
Executing w_do_call courier
Executing mkdir -p /Users/gcenx/Documents/GitHub/Sims4-wineskin-build/Sims4.app/Contents/SharedSupport
------------------------------------------------------
warning: You are using a 64-bit WINEPREFIX. Note that many verbs only install 32-bit versions of packages. If you encounter problems, please retest in a clean 32-bit WINEPREFIX before reporting a bug.
------------------------------------------------------
Executing load_courier 
Executing cabextract -q -d /Users/gcenx/Documents/GitHub/Sims4-wineskin-build/Sims4.app/Contents/SharedSupport/prefix/dosdevices/c:/windows/temp /Users/gcenx/.cache/winetricks/corefonts/courie32.exe
------------------------------------------------------
warning: Running wineserver -w. This will hang until all wine processes in prefix=/Users/gcenx/Documents/GitHub/Sims4-wineskin-build/Sims4.app/Contents/SharedSupport/prefix terminate
------------------------------------------------------
Executing wine C:\windows\syswow64/regedit /S C:\windows\Temp\_register-font.reg
Executing wine64 C:\windows\system32/regedit /S C:\windows\Temp\_register-font.reg
Executing cp /Users/gcenx/Documents/GitHub/Sims4-wineskin-build/Sims4.app/Contents/SharedSupport/prefix/dosdevices/c:/windows/temp/_register-font.reg /var/folders/rb/8l1lq_857b5ccyjrd039vf0w0000gn/T//winetricks.rzOrvdAK/_reg_7c2c4123_85179.reg
Executing wine C:\windows\syswow64/regedit /S C:\windows\Temp\_register-font.reg
Executing wine64 C:\windows\system32/regedit /S C:\windows\Temp\_register-font.reg
Executing cp /Users/gcenx/Documents/GitHub/Sims4-wineskin-build/Sims4.app/Contents/SharedSupport/prefix/dosdevices/c:/windows/temp/_register-font.reg /var/folders/rb/8l1lq_857b5ccyjrd039vf0w0000gn/T//winetricks.rzOrvdAK/_reg_891b54d0_85179.reg
Executing wine C:\windows\syswow64/regedit /S C:\windows\Temp\_register-font.reg
Executing wine64 C:\windows\system32/regedit /S C:\windows\Temp\_register-font.reg
Executing cp /Users/gcenx/Documents/GitHub/Sims4-wineskin-build/Sims4.app/Contents/SharedSupport/prefix/dosdevices/c:/windows/temp/_register-font.reg /var/folders/rb/8l1lq_857b5ccyjrd039vf0w0000gn/T//winetricks.rzOrvdAK/_reg_18981059_85179.reg
Executing wine C:\windows\syswow64/regedit /S C:\windows\Temp\_register-font.reg
Executing wine64 C:\windows\system32/regedit /S C:\windows\Temp\_register-font.reg
Executing cp /Users/gcenx/Documents/GitHub/Sims4-wineskin-build/Sims4.app/Contents/SharedSupport/prefix/dosdevices/c:/windows/temp/_register-font.reg /var/folders/rb/8l1lq_857b5ccyjrd039vf0w0000gn/T//winetricks.rzOrvdAK/_reg_d5235b9d_85179.reg
Executing wine C:\windows\syswow64/regedit /S C:\windows\Temp\_register-font.reg
Executing wine64 C:\windows\system32/regedit /S C:\windows\Temp\_register-font.reg
Executing cp /Users/gcenx/Documents/GitHub/Sims4-wineskin-build/Sims4.app/Contents/SharedSupport/prefix/dosdevices/c:/windows/temp/_register-font.reg /var/folders/rb/8l1lq_857b5ccyjrd039vf0w0000gn/T//winetricks.rzOrvdAK/_reg_ca9299dd_85179.reg
Executing wine C:\windows\syswow64/regedit /S C:\windows\Temp\_register-font.reg
Executing wine64 C:\windows\system32/regedit /S C:\windows\Temp\_register-font.reg
Executing cp /Users/gcenx/Documents/GitHub/Sims4-wineskin-build/Sims4.app/Contents/SharedSupport/prefix/dosdevices/c:/windows/temp/_register-font.reg /var/folders/rb/8l1lq_857b5ccyjrd039vf0w0000gn/T//winetricks.rzOrvdAK/_reg_54cc9ff7_85179.reg
Executing wine C:\windows\syswow64/regedit /S C:\windows\Temp\_register-font.reg
Executing wine64 C:\windows\system32/regedit /S C:\windows\Temp\_register-font.reg
Executing cp /Users/gcenx/Documents/GitHub/Sims4-wineskin-build/Sims4.app/Contents/SharedSupport/prefix/dosdevices/c:/windows/temp/_register-font.reg /var/folders/rb/8l1lq_857b5ccyjrd039vf0w0000gn/T//winetricks.rzOrvdAK/_reg_2add04a3_85179.reg
Executing wine C:\windows\syswow64/regedit /S C:\windows\Temp\_register-font.reg
Executing wine64 C:\windows\system32/regedit /S C:\windows\Temp\_register-font.reg
Executing cp /Users/gcenx/Documents/GitHub/Sims4-wineskin-build/Sims4.app/Contents/SharedSupport/prefix/dosdevices/c:/windows/temp/_register-font.reg /var/folders/rb/8l1lq_857b5ccyjrd039vf0w0000gn/T//winetricks.rzOrvdAK/_reg_323957ce_85179.reg
Executing w_do_call georgia
Executing mkdir -p /Users/gcenx/Documents/GitHub/Sims4-wineskin-build/Sims4.app/Contents/SharedSupport
------------------------------------------------------
warning: You are using a 64-bit WINEPREFIX. Note that many verbs only install 32-bit versions of packages. If you encounter problems, please retest in a clean 32-bit WINEPREFIX before reporting a bug.
------------------------------------------------------
Executing load_georgia 
Executing cabextract -q -d /Users/gcenx/Documents/GitHub/Sims4-wineskin-build/Sims4.app/Contents/SharedSupport/prefix/dosdevices/c:/windows/temp /Users/gcenx/.cache/winetricks/corefonts/georgi32.exe
------------------------------------------------------
warning: Running wineserver -w. This will hang until all wine processes in prefix=/Users/gcenx/Documents/GitHub/Sims4-wineskin-build/Sims4.app/Contents/SharedSupport/prefix terminate
------------------------------------------------------
Executing wine C:\windows\syswow64/regedit /S C:\windows\Temp\_register-font.reg
Executing wine64 C:\windows\system32/regedit /S C:\windows\Temp\_register-font.reg
Executing cp /Users/gcenx/Documents/GitHub/Sims4-wineskin-build/Sims4.app/Contents/SharedSupport/prefix/dosdevices/c:/windows/temp/_register-font.reg /var/folders/rb/8l1lq_857b5ccyjrd039vf0w0000gn/T//winetricks.rzOrvdAK/_reg_7c0d8b91_85179.reg
Executing wine C:\windows\syswow64/regedit /S C:\windows\Temp\_register-font.reg
Executing wine64 C:\windows\system32/regedit /S C:\windows\Temp\_register-font.reg
Executing cp /Users/gcenx/Documents/GitHub/Sims4-wineskin-build/Sims4.app/Contents/SharedSupport/prefix/dosdevices/c:/windows/temp/_register-font.reg /var/folders/rb/8l1lq_857b5ccyjrd039vf0w0000gn/T//winetricks.rzOrvdAK/_reg_537b121d_85179.reg
Executing wine C:\windows\syswow64/regedit /S C:\windows\Temp\_register-font.reg
Executing wine64 C:\windows\system32/regedit /S C:\windows\Temp\_register-font.reg
Executing cp /Users/gcenx/Documents/GitHub/Sims4-wineskin-build/Sims4.app/Contents/SharedSupport/prefix/dosdevices/c:/windows/temp/_register-font.reg /var/folders/rb/8l1lq_857b5ccyjrd039vf0w0000gn/T//winetricks.rzOrvdAK/_reg_d2a59526_85179.reg
Executing wine C:\windows\syswow64/regedit /S C:\windows\Temp\_register-font.reg
Executing wine64 C:\windows\system32/regedit /S C:\windows\Temp\_register-font.reg
Executing cp /Users/gcenx/Documents/GitHub/Sims4-wineskin-build/Sims4.app/Contents/SharedSupport/prefix/dosdevices/c:/windows/temp/_register-font.reg /var/folders/rb/8l1lq_857b5ccyjrd039vf0w0000gn/T//winetricks.rzOrvdAK/_reg_5996c7ae_85179.reg
Executing wine C:\windows\syswow64/regedit /S C:\windows\Temp\_register-font.reg
Executing wine64 C:\windows\system32/regedit /S C:\windows\Temp\_register-font.reg
Executing cp /Users/gcenx/Documents/GitHub/Sims4-wineskin-build/Sims4.app/Contents/SharedSupport/prefix/dosdevices/c:/windows/temp/_register-font.reg /var/folders/rb/8l1lq_857b5ccyjrd039vf0w0000gn/T//winetricks.rzOrvdAK/_reg_4c1b3afe_85179.reg
Executing wine C:\windows\syswow64/regedit /S C:\windows\Temp\_register-font.reg
Executing wine64 C:\windows\system32/regedit /S C:\windows\Temp\_register-font.reg
Executing cp /Users/gcenx/Documents/GitHub/Sims4-wineskin-build/Sims4.app/Contents/SharedSupport/prefix/dosdevices/c:/windows/temp/_register-font.reg /var/folders/rb/8l1lq_857b5ccyjrd039vf0w0000gn/T//winetricks.rzOrvdAK/_reg_d73b8d5d_85179.reg
Executing wine C:\windows\syswow64/regedit /S C:\windows\Temp\_register-font.reg
Executing wine64 C:\windows\system32/regedit /S C:\windows\Temp\_register-font.reg
Executing cp /Users/gcenx/Documents/GitHub/Sims4-wineskin-build/Sims4.app/Contents/SharedSupport/prefix/dosdevices/c:/windows/temp/_register-font.reg /var/folders/rb/8l1lq_857b5ccyjrd039vf0w0000gn/T//winetricks.rzOrvdAK/_reg_7ad937dd_85179.reg
Executing wine C:\windows\syswow64/regedit /S C:\windows\Temp\_register-font.reg
Executing wine64 C:\windows\system32/regedit /S C:\windows\Temp\_register-font.reg
Executing cp /Users/gcenx/Documents/GitHub/Sims4-wineskin-build/Sims4.app/Contents/SharedSupport/prefix/dosdevices/c:/windows/temp/_register-font.reg /var/folders/rb/8l1lq_857b5ccyjrd039vf0w0000gn/T//winetricks.rzOrvdAK/_reg_d7f60a67_85179.reg
Executing w_do_call impact
Executing mkdir -p /Users/gcenx/Documents/GitHub/Sims4-wineskin-build/Sims4.app/Contents/SharedSupport
------------------------------------------------------
warning: You are using a 64-bit WINEPREFIX. Note that many verbs only install 32-bit versions of packages. If you encounter problems, please retest in a clean 32-bit WINEPREFIX before reporting a bug.
------------------------------------------------------
Executing load_impact 
Executing cabextract -q -d /Users/gcenx/Documents/GitHub/Sims4-wineskin-build/Sims4.app/Contents/SharedSupport/prefix/dosdevices/c:/windows/temp /Users/gcenx/.cache/winetricks/corefonts/impact32.exe
------------------------------------------------------
warning: Running wineserver -w. This will hang until all wine processes in prefix=/Users/gcenx/Documents/GitHub/Sims4-wineskin-build/Sims4.app/Contents/SharedSupport/prefix terminate
------------------------------------------------------
Executing wine C:\windows\syswow64/regedit /S C:\windows\Temp\_register-font.reg
Executing wine64 C:\windows\system32/regedit /S C:\windows\Temp\_register-font.reg
Executing cp /Users/gcenx/Documents/GitHub/Sims4-wineskin-build/Sims4.app/Contents/SharedSupport/prefix/dosdevices/c:/windows/temp/_register-font.reg /var/folders/rb/8l1lq_857b5ccyjrd039vf0w0000gn/T//winetricks.rzOrvdAK/_reg_85408d52_85179.reg
Executing wine C:\windows\syswow64/regedit /S C:\windows\Temp\_register-font.reg
Executing wine64 C:\windows\system32/regedit /S C:\windows\Temp\_register-font.reg
Executing cp /Users/gcenx/Documents/GitHub/Sims4-wineskin-build/Sims4.app/Contents/SharedSupport/prefix/dosdevices/c:/windows/temp/_register-font.reg /var/folders/rb/8l1lq_857b5ccyjrd039vf0w0000gn/T//winetricks.rzOrvdAK/_reg_83bd4a0f_85179.reg
Executing w_do_call times
Executing mkdir -p /Users/gcenx/Documents/GitHub/Sims4-wineskin-build/Sims4.app/Contents/SharedSupport
------------------------------------------------------
warning: You are using a 64-bit WINEPREFIX. Note that many verbs only install 32-bit versions of packages. If you encounter problems, please retest in a clean 32-bit WINEPREFIX before reporting a bug.
------------------------------------------------------
Executing load_times 
Executing cabextract -q -d /Users/gcenx/Documents/GitHub/Sims4-wineskin-build/Sims4.app/Contents/SharedSupport/prefix/dosdevices/c:/windows/temp /Users/gcenx/.cache/winetricks/corefonts/times32.exe
------------------------------------------------------
warning: Running wineserver -w. This will hang until all wine processes in prefix=/Users/gcenx/Documents/GitHub/Sims4-wineskin-build/Sims4.app/Contents/SharedSupport/prefix terminate
------------------------------------------------------
Executing wine C:\windows\syswow64/regedit /S C:\windows\Temp\_register-font.reg
Executing wine64 C:\windows\system32/regedit /S C:\windows\Temp\_register-font.reg
Executing cp /Users/gcenx/Documents/GitHub/Sims4-wineskin-build/Sims4.app/Contents/SharedSupport/prefix/dosdevices/c:/windows/temp/_register-font.reg /var/folders/rb/8l1lq_857b5ccyjrd039vf0w0000gn/T//winetricks.rzOrvdAK/_reg_c7df04fe_85179.reg
Executing wine C:\windows\syswow64/regedit /S C:\windows\Temp\_register-font.reg
Executing wine64 C:\windows\system32/regedit /S C:\windows\Temp\_register-font.reg
Executing cp /Users/gcenx/Documents/GitHub/Sims4-wineskin-build/Sims4.app/Contents/SharedSupport/prefix/dosdevices/c:/windows/temp/_register-font.reg /var/folders/rb/8l1lq_857b5ccyjrd039vf0w0000gn/T//winetricks.rzOrvdAK/_reg_882d004f_85179.reg
Executing wine C:\windows\syswow64/regedit /S C:\windows\Temp\_register-font.reg
Executing wine64 C:\windows\system32/regedit /S C:\windows\Temp\_register-font.reg
Executing cp /Users/gcenx/Documents/GitHub/Sims4-wineskin-build/Sims4.app/Contents/SharedSupport/prefix/dosdevices/c:/windows/temp/_register-font.reg /var/folders/rb/8l1lq_857b5ccyjrd039vf0w0000gn/T//winetricks.rzOrvdAK/_reg_a7b0a685_85179.reg
Executing wine C:\windows\syswow64/regedit /S C:\windows\Temp\_register-font.reg
Executing wine64 C:\windows\system32/regedit /S C:\windows\Temp\_register-font.reg
Executing cp /Users/gcenx/Documents/GitHub/Sims4-wineskin-build/Sims4.app/Contents/SharedSupport/prefix/dosdevices/c:/windows/temp/_register-font.reg /var/folders/rb/8l1lq_857b5ccyjrd039vf0w0000gn/T//winetricks.rzOrvdAK/_reg_9523176f_85179.reg
Executing wine C:\windows\syswow64/regedit /S C:\windows\Temp\_register-font.reg
Executing wine64 C:\windows\system32/regedit /S C:\windows\Temp\_register-font.reg
Executing cp /Users/gcenx/Documents/GitHub/Sims4-wineskin-build/Sims4.app/Contents/SharedSupport/prefix/dosdevices/c:/windows/temp/_register-font.reg /var/folders/rb/8l1lq_857b5ccyjrd039vf0w0000gn/T//winetricks.rzOrvdAK/_reg_d6a6cd95_85179.reg
Executing wine C:\windows\syswow64/regedit /S C:\windows\Temp\_register-font.reg
Executing wine64 C:\windows\system32/regedit /S C:\windows\Temp\_register-font.reg
Executing cp /Users/gcenx/Documents/GitHub/Sims4-wineskin-build/Sims4.app/Contents/SharedSupport/prefix/dosdevices/c:/windows/temp/_register-font.reg /var/folders/rb/8l1lq_857b5ccyjrd039vf0w0000gn/T//winetricks.rzOrvdAK/_reg_54e8fd8d_85179.reg
Executing wine C:\windows\syswow64/regedit /S C:\windows\Temp\_register-font.reg
Executing wine64 C:\windows\system32/regedit /S C:\windows\Temp\_register-font.reg
Executing cp /Users/gcenx/Documents/GitHub/Sims4-wineskin-build/Sims4.app/Contents/SharedSupport/prefix/dosdevices/c:/windows/temp/_register-font.reg /var/folders/rb/8l1lq_857b5ccyjrd039vf0w0000gn/T//winetricks.rzOrvdAK/_reg_e1819b6c_85179.reg
Executing wine C:\windows\syswow64/regedit /S C:\windows\Temp\_register-font.reg
Executing wine64 C:\windows\system32/regedit /S C:\windows\Temp\_register-font.reg
Executing cp /Users/gcenx/Documents/GitHub/Sims4-wineskin-build/Sims4.app/Contents/SharedSupport/prefix/dosdevices/c:/windows/temp/_register-font.reg /var/folders/rb/8l1lq_857b5ccyjrd039vf0w0000gn/T//winetricks.rzOrvdAK/_reg_12e799de_85179.reg
Executing w_do_call trebuchet
Executing mkdir -p /Users/gcenx/Documents/GitHub/Sims4-wineskin-build/Sims4.app/Contents/SharedSupport
------------------------------------------------------
warning: You are using a 64-bit WINEPREFIX. Note that many verbs only install 32-bit versions of packages. If you encounter problems, please retest in a clean 32-bit WINEPREFIX before reporting a bug.
------------------------------------------------------
Executing load_trebuchet 
Executing cabextract -q -d /Users/gcenx/Documents/GitHub/Sims4-wineskin-build/Sims4.app/Contents/SharedSupport/prefix/dosdevices/c:/windows/temp /Users/gcenx/.cache/winetricks/corefonts/trebuc32.exe
------------------------------------------------------
warning: Running wineserver -w. This will hang until all wine processes in prefix=/Users/gcenx/Documents/GitHub/Sims4-wineskin-build/Sims4.app/Contents/SharedSupport/prefix terminate
------------------------------------------------------
Executing wine C:\windows\syswow64/regedit /S C:\windows\Temp\_register-font.reg
Executing wine64 C:\windows\system32/regedit /S C:\windows\Temp\_register-font.reg
Executing cp /Users/gcenx/Documents/GitHub/Sims4-wineskin-build/Sims4.app/Contents/SharedSupport/prefix/dosdevices/c:/windows/temp/_register-font.reg /var/folders/rb/8l1lq_857b5ccyjrd039vf0w0000gn/T//winetricks.rzOrvdAK/_reg_8000236b_85179.reg
Executing wine C:\windows\syswow64/regedit /S C:\windows\Temp\_register-font.reg
Executing wine64 C:\windows\system32/regedit /S C:\windows\Temp\_register-font.reg
Executing cp /Users/gcenx/Documents/GitHub/Sims4-wineskin-build/Sims4.app/Contents/SharedSupport/prefix/dosdevices/c:/windows/temp/_register-font.reg /var/folders/rb/8l1lq_857b5ccyjrd039vf0w0000gn/T//winetricks.rzOrvdAK/_reg_66ed7d3c_85179.reg
Executing wine C:\windows\syswow64/regedit /S C:\windows\Temp\_register-font.reg
Executing wine64 C:\windows\system32/regedit /S C:\windows\Temp\_register-font.reg
Executing cp /Users/gcenx/Documents/GitHub/Sims4-wineskin-build/Sims4.app/Contents/SharedSupport/prefix/dosdevices/c:/windows/temp/_register-font.reg /var/folders/rb/8l1lq_857b5ccyjrd039vf0w0000gn/T//winetricks.rzOrvdAK/_reg_e03e6b06_85179.reg
Executing wine C:\windows\syswow64/regedit /S C:\windows\Temp\_register-font.reg
Executing wine64 C:\windows\system32/regedit /S C:\windows\Temp\_register-font.reg
Executing cp /Users/gcenx/Documents/GitHub/Sims4-wineskin-build/Sims4.app/Contents/SharedSupport/prefix/dosdevices/c:/windows/temp/_register-font.reg /var/folders/rb/8l1lq_857b5ccyjrd039vf0w0000gn/T//winetricks.rzOrvdAK/_reg_4defd6cc_85179.reg
Executing wine C:\windows\syswow64/regedit /S C:\windows\Temp\_register-font.reg
Executing wine64 C:\windows\system32/regedit /S C:\windows\Temp\_register-font.reg
Executing cp /Users/gcenx/Documents/GitHub/Sims4-wineskin-build/Sims4.app/Contents/SharedSupport/prefix/dosdevices/c:/windows/temp/_register-font.reg /var/folders/rb/8l1lq_857b5ccyjrd039vf0w0000gn/T//winetricks.rzOrvdAK/_reg_9d24ff53_85179.reg
Executing wine C:\windows\syswow64/regedit /S C:\windows\Temp\_register-font.reg
Executing wine64 C:\windows\system32/regedit /S C:\windows\Temp\_register-font.reg
Executing cp /Users/gcenx/Documents/GitHub/Sims4-wineskin-build/Sims4.app/Contents/SharedSupport/prefix/dosdevices/c:/windows/temp/_register-font.reg /var/folders/rb/8l1lq_857b5ccyjrd039vf0w0000gn/T//winetricks.rzOrvdAK/_reg_9539cec7_85179.reg
Executing wine C:\windows\syswow64/regedit /S C:\windows\Temp\_register-font.reg
Executing wine64 C:\windows\system32/regedit /S C:\windows\Temp\_register-font.reg
Executing cp /Users/gcenx/Documents/GitHub/Sims4-wineskin-build/Sims4.app/Contents/SharedSupport/prefix/dosdevices/c:/windows/temp/_register-font.reg /var/folders/rb/8l1lq_857b5ccyjrd039vf0w0000gn/T//winetricks.rzOrvdAK/_reg_c0ce2062_85179.reg
Executing wine C:\windows\syswow64/regedit /S C:\windows\Temp\_register-font.reg
Executing wine64 C:\windows\system32/regedit /S C:\windows\Temp\_register-font.reg
Executing cp /Users/gcenx/Documents/GitHub/Sims4-wineskin-build/Sims4.app/Contents/SharedSupport/prefix/dosdevices/c:/windows/temp/_register-font.reg /var/folders/rb/8l1lq_857b5ccyjrd039vf0w0000gn/T//winetricks.rzOrvdAK/_reg_0d13f97a_85179.reg
Executing w_do_call verdana
Executing mkdir -p /Users/gcenx/Documents/GitHub/Sims4-wineskin-build/Sims4.app/Contents/SharedSupport
------------------------------------------------------
warning: You are using a 64-bit WINEPREFIX. Note that many verbs only install 32-bit versions of packages. If you encounter problems, please retest in a clean 32-bit WINEPREFIX before reporting a bug.
------------------------------------------------------
Executing load_verdana 
Executing cabextract -q -d /Users/gcenx/Documents/GitHub/Sims4-wineskin-build/Sims4.app/Contents/SharedSupport/prefix/dosdevices/c:/windows/temp /Users/gcenx/.cache/winetricks/corefonts/verdan32.exe
------------------------------------------------------
warning: Running wineserver -w. This will hang until all wine processes in prefix=/Users/gcenx/Documents/GitHub/Sims4-wineskin-build/Sims4.app/Contents/SharedSupport/prefix terminate
------------------------------------------------------
Executing wine C:\windows\syswow64/regedit /S C:\windows\Temp\_register-font.reg
Executing wine64 C:\windows\system32/regedit /S C:\windows\Temp\_register-font.reg
Executing cp /Users/gcenx/Documents/GitHub/Sims4-wineskin-build/Sims4.app/Contents/SharedSupport/prefix/dosdevices/c:/windows/temp/_register-font.reg /var/folders/rb/8l1lq_857b5ccyjrd039vf0w0000gn/T//winetricks.rzOrvdAK/_reg_1ae856a5_85179.reg
Executing wine C:\windows\syswow64/regedit /S C:\windows\Temp\_register-font.reg
Executing wine64 C:\windows\system32/regedit /S C:\windows\Temp\_register-font.reg
Executing cp /Users/gcenx/Documents/GitHub/Sims4-wineskin-build/Sims4.app/Contents/SharedSupport/prefix/dosdevices/c:/windows/temp/_register-font.reg /var/folders/rb/8l1lq_857b5ccyjrd039vf0w0000gn/T//winetricks.rzOrvdAK/_reg_3b8c6ecc_85179.reg
Executing wine C:\windows\syswow64/regedit /S C:\windows\Temp\_register-font.reg
Executing wine64 C:\windows\system32/regedit /S C:\windows\Temp\_register-font.reg
Executing cp /Users/gcenx/Documents/GitHub/Sims4-wineskin-build/Sims4.app/Contents/SharedSupport/prefix/dosdevices/c:/windows/temp/_register-font.reg /var/folders/rb/8l1lq_857b5ccyjrd039vf0w0000gn/T//winetricks.rzOrvdAK/_reg_9a3fa42a_85179.reg
Executing wine C:\windows\syswow64/regedit /S C:\windows\Temp\_register-font.reg
Executing wine64 C:\windows\system32/regedit /S C:\windows\Temp\_register-font.reg
Executing cp /Users/gcenx/Documents/GitHub/Sims4-wineskin-build/Sims4.app/Contents/SharedSupport/prefix/dosdevices/c:/windows/temp/_register-font.reg /var/folders/rb/8l1lq_857b5ccyjrd039vf0w0000gn/T//winetricks.rzOrvdAK/_reg_dd6ee781_85179.reg
Executing wine C:\windows\syswow64/regedit /S C:\windows\Temp\_register-font.reg
Executing wine64 C:\windows\system32/regedit /S C:\windows\Temp\_register-font.reg
Executing cp /Users/gcenx/Documents/GitHub/Sims4-wineskin-build/Sims4.app/Contents/SharedSupport/prefix/dosdevices/c:/windows/temp/_register-font.reg /var/folders/rb/8l1lq_857b5ccyjrd039vf0w0000gn/T//winetricks.rzOrvdAK/_reg_55447381_85179.reg
Executing wine C:\windows\syswow64/regedit /S C:\windows\Temp\_register-font.reg
Executing wine64 C:\windows\system32/regedit /S C:\windows\Temp\_register-font.reg
Executing cp /Users/gcenx/Documents/GitHub/Sims4-wineskin-build/Sims4.app/Contents/SharedSupport/prefix/dosdevices/c:/windows/temp/_register-font.reg /var/folders/rb/8l1lq_857b5ccyjrd039vf0w0000gn/T//winetricks.rzOrvdAK/_reg_35f4f98b_85179.reg
Executing wine C:\windows\syswow64/regedit /S C:\windows\Temp\_register-font.reg
Executing wine64 C:\windows\system32/regedit /S C:\windows\Temp\_register-font.reg
Executing cp /Users/gcenx/Documents/GitHub/Sims4-wineskin-build/Sims4.app/Contents/SharedSupport/prefix/dosdevices/c:/windows/temp/_register-font.reg /var/folders/rb/8l1lq_857b5ccyjrd039vf0w0000gn/T//winetricks.rzOrvdAK/_reg_fa2a389b_85179.reg
Executing wine C:\windows\syswow64/regedit /S C:\windows\Temp\_register-font.reg
Executing wine64 C:\windows\system32/regedit /S C:\windows\Temp\_register-font.reg
Executing cp /Users/gcenx/Documents/GitHub/Sims4-wineskin-build/Sims4.app/Contents/SharedSupport/prefix/dosdevices/c:/windows/temp/_register-font.reg /var/folders/rb/8l1lq_857b5ccyjrd039vf0w0000gn/T//winetricks.rzOrvdAK/_reg_a88367ad_85179.reg
Executing w_do_call webdings
Executing mkdir -p /Users/gcenx/Documents/GitHub/Sims4-wineskin-build/Sims4.app/Contents/SharedSupport
------------------------------------------------------
warning: You are using a 64-bit WINEPREFIX. Note that many verbs only install 32-bit versions of packages. If you encounter problems, please retest in a clean 32-bit WINEPREFIX before reporting a bug.
------------------------------------------------------
Executing load_webdings 
Executing cabextract -q -d /Users/gcenx/Documents/GitHub/Sims4-wineskin-build/Sims4.app/Contents/SharedSupport/prefix/dosdevices/c:/windows/temp /Users/gcenx/.cache/winetricks/corefonts/webdin32.exe
------------------------------------------------------
warning: Running wineserver -w. This will hang until all wine processes in prefix=/Users/gcenx/Documents/GitHub/Sims4-wineskin-build/Sims4.app/Contents/SharedSupport/prefix terminate
------------------------------------------------------
Executing wine C:\windows\syswow64/regedit /S C:\windows\Temp\_register-font.reg
Executing wine64 C:\windows\system32/regedit /S C:\windows\Temp\_register-font.reg
Executing cp /Users/gcenx/Documents/GitHub/Sims4-wineskin-build/Sims4.app/Contents/SharedSupport/prefix/dosdevices/c:/windows/temp/_register-font.reg /var/folders/rb/8l1lq_857b5ccyjrd039vf0w0000gn/T//winetricks.rzOrvdAK/_reg_405b24a4_85179.reg
Executing wine C:\windows\syswow64/regedit /S C:\windows\Temp\_register-font.reg
Executing wine64 C:\windows\system32/regedit /S C:\windows\Temp\_register-font.reg
Executing cp /Users/gcenx/Documents/GitHub/Sims4-wineskin-build/Sims4.app/Contents/SharedSupport/prefix/dosdevices/c:/windows/temp/_register-font.reg /var/folders/rb/8l1lq_857b5ccyjrd039vf0w0000gn/T//winetricks.rzOrvdAK/_reg_70fc14d8_85179.reg
------------------------------------------------------
warning: Working around wine bug 44985 -- Disabling libglesv2 to make Store and Library function correctly.
------------------------------------------------------
Using  override for following DLLs: libglesv2
Executing wine C:\windows\syswow64/regedit /S C:\windows\Temp\override-dll.reg
Executing wine64 C:\windows\system32/regedit /S C:\windows\Temp\override-dll.reg
Executing w_do_call vcrun2019
Executing mkdir -p /Users/gcenx/Documents/GitHub/Sims4-wineskin-build/Sims4.app/Contents/SharedSupport
------------------------------------------------------
warning: You are using a 64-bit WINEPREFIX. Note that many verbs only install 32-bit versions of packages. If you encounter problems, please retest in a clean 32-bit WINEPREFIX before reporting a bug.
------------------------------------------------------
Executing load_vcrun2019 
Using native,builtin override for following DLLs: api-ms-win-crt-private-l1-1-0 api-ms-win-crt-conio-l1-1-0 api-ms-win-crt-heap-l1-1-0 api-ms-win-crt-locale-l1-1-0 api-ms-win-crt-math-l1-1-0 api-ms-win-crt-runtime-l1-1-0 api-ms-win-crt-stdio-l1-1-0 api-ms-win-crt-time-l1-1-0 atl140 concrt140 msvcp140 msvcp140_1 msvcp140_2 msvcp140_atomic_wait msvcp140_codecvt_ids vcamp140 vccorlib140 vcomp140 vcruntime140
Executing wine C:\windows\syswow64/regedit /S C:\windows\Temp\override-dll.reg
Executing wine64 C:\windows\system32/regedit /S C:\windows\Temp\override-dll.reg
------------------------------------------------------
warning: Working around wine bug 50894 -- Working around failing wusa.exe lookup via C:\windows\SysNative
------------------------------------------------------
Executing wine winecfg -v winxp64
------------------------------------------------------
warning: Running wineserver -w. This will hang until all wine processes in prefix=/Users/gcenx/Documents/GitHub/Sims4-wineskin-build/Sims4.app/Contents/SharedSupport/prefix terminate
------------------------------------------------------
Executing cd /Users/gcenx/.cache/winetricks/vcrun2019
Executing wine vc_redist.x86.exe /q
exit status 194 - normal, user selected 'restart later'
Using native,builtin override for following DLLs: vcruntime140_1
Executing wine C:\windows\syswow64/regedit /S C:\windows\Temp\override-dll.reg
Executing wine64 C:\windows\system32/regedit /S C:\windows\Temp\override-dll.reg
Executing wine vc_redist.x64.exe /q
Executing w_do_call ucrtbase2019
Executing mkdir -p /Users/gcenx/Documents/GitHub/Sims4-wineskin-build/Sims4.app/Contents/SharedSupport
------------------------------------------------------
warning: You are using a 64-bit WINEPREFIX. Note that many verbs only install 32-bit versions of packages. If you encounter problems, please retest in a clean 32-bit WINEPREFIX before reporting a bug.
------------------------------------------------------
Executing load_ucrtbase2019 
Using native,builtin override for following DLLs: ucrtbase
Executing wine C:\windows\syswow64/regedit /S C:\windows\Temp\override-dll.reg
Executing wine64 C:\windows\system32/regedit /S C:\windows\Temp\override-dll.reg
Executing cabextract -q --directory=/Users/gcenx/Documents/GitHub/Sims4-wineskin-build/Sims4.app/Contents/SharedSupport/prefix/dosdevices/c:/windows/temp/win32 /Users/gcenx/.cache/winetricks/ucrtbase2019/vc_redist.x86.exe -F a10
Executing cabextract -q --directory=/Users/gcenx/Documents/GitHub/Sims4-wineskin-build/Sims4.app/Contents/SharedSupport/prefix/dosdevices/c:/windows/syswow64 /Users/gcenx/Documents/GitHub/Sims4-wineskin-build/Sims4.app/Contents/SharedSupport/prefix/dosdevices/c:/windows/temp/win32/a10 -F ucrtbase.dll
/Users/gcenx/Documents/GitHub/Sims4-wineskin-build/Sims4.app/Contents/SharedSupport/prefix/dosdevices/c:/windows/temp/win32/a10: WARNING; possible 9136 extra bytes at end of file.
Executing cabextract -q --directory=/Users/gcenx/Documents/GitHub/Sims4-wineskin-build/Sims4.app/Contents/SharedSupport/prefix/dosdevices/c:/windows/temp/win64 /Users/gcenx/.cache/winetricks/ucrtbase2019/vc_redist.x64.exe -F a10
Executing cabextract -q --directory=/Users/gcenx/Documents/GitHub/Sims4-wineskin-build/Sims4.app/Contents/SharedSupport/prefix/dosdevices/c:/windows/system32 /Users/gcenx/Documents/GitHub/Sims4-wineskin-build/Sims4.app/Contents/SharedSupport/prefix/dosdevices/c:/windows/temp/win64/a10 -F ucrtbase.dll
/Users/gcenx/Documents/GitHub/Sims4-wineskin-build/Sims4.app/Contents/SharedSupport/prefix/dosdevices/c:/windows/temp/win64/a10: WARNING; possible 9152 extra bytes at end of file.
Executing wine winecfg -v win7
------------------------------------------------------
warning: Running wineserver -w. This will hang until all wine processes in prefix=/Users/gcenx/Documents/GitHub/Sims4-wineskin-build/Sims4.app/Contents/SharedSupport/prefix terminate
------------------------------------------------------
Executing w_do_call vcrun2010
Executing mkdir -p /Users/gcenx/Documents/GitHub/Sims4-wineskin-build/Sims4.app/Contents/SharedSupport
------------------------------------------------------
warning: You are using a 64-bit WINEPREFIX. Note that many verbs only install 32-bit versions of packages. If you encounter problems, please retest in a clean 32-bit WINEPREFIX before reporting a bug.
------------------------------------------------------
Executing load_vcrun2010 
Using native,builtin override for following DLLs: msvcp100 msvcr100 vcomp100 atl100
Executing wine C:\windows\syswow64/regedit /S C:\windows\Temp\override-dll.reg
Executing wine64 C:\windows\system32/regedit /S C:\windows\Temp\override-dll.reg
Executing cd /Users/gcenx/.cache/winetricks/vcrun2010
Executing wine vcredist_x86.exe /q
exit status 236 - newer version detected
Executing wine vcredist_x64.exe /q
Executing w_do_call d3dcompiler_47
Executing mkdir -p /Users/gcenx/Documents/GitHub/Sims4-wineskin-build/Sims4.app/Contents/SharedSupport
------------------------------------------------------
warning: You are using a 64-bit WINEPREFIX. Note that many verbs only install 32-bit versions of packages. If you encounter problems, please retest in a clean 32-bit WINEPREFIX before reporting a bug.
------------------------------------------------------
Executing load_d3dcompiler_47 
Executing 7z x /Users/gcenx/.cache/winetricks/d3dcompiler_47/FirefoxSetup62.0.3-win32.exe -o/Users/gcenx/Documents/GitHub/Sims4-wineskin-build/Sims4.app/Contents/SharedSupport/prefix/dosdevices/c:/windows/temp/win32 core/d3dcompiler_47.dll

7-Zip [64] 16.02 : Copyright (c) 1999-2016 Igor Pavlov : 2016-05-21
p7zip Version 16.02 (locale=utf8,Utf16=on,HugeFiles=on,64 bits,8 CPUs x64)

Scanning the drive for archives:
1 file, 37111376 bytes (36 MiB)

Extracting archive: /Users/gcenx/.cache/winetricks/d3dcompiler_47/FirefoxSetup62.0.3-win32.exe
--
Path = /Users/gcenx/.cache/winetricks/d3dcompiler_47/FirefoxSetup62.0.3-win32.exe
Type = PE
Physical Size = 37111376
CPU = x86
Characteristics = Executable 32-bit NoRelocs NoLineNums NoLocalSyms
Created = 2018-04-26 11:54:09
Headers Size = 4096
Checksum = 37158920
Name = 7zS.sfx.exe
Image Size = 274432
Section Alignment = 4096
File Alignment = 512
Code Size = 57344
Initialized Data Size = 65536
Uninitialized Data Size = 147456
Linker Version = 6.0
OS Version = 4.0
Image Version = 0.0
Subsystem Version = 4.0
Subsystem = Windows GUI
Stack Reserve = 1048576
Stack Commit = 4096
Heap Reserve = 1048576
Heap Commit = 4096
Image Base = 4194304
Comment = FileVersion: 18.1.0.0
FileVersion: 18.01
ProductVersion: 18.1.0.0
ProductVersion: 18.01
CompanyName: Igor Pavlov
FileDescription: 7z Setup SFX
InternalName: 7zS.sfx
LegalCopyright: Copyright (c) 1999-2018 Igor Pavlov
OriginalFilename: 7zS.sfx.exe
ProductName: 7-Zip
----
Path = [0]
Size = 36983424
Packed Size = 36983424
Virtual Size = 36983424
Offset = 120320
--
Path = [0]
Type = 7z
Offset = 81
Physical Size = 36983337
Tail Size = 6
Headers Size = 2137
Method = LZMA:25 BCJ2
Solid = +
Blocks = 1

Everything is Ok

Files: 61
Size:       46133485
Compressed: 37111376
Executing cp -f /Users/gcenx/Documents/GitHub/Sims4-wineskin-build/Sims4.app/Contents/SharedSupport/prefix/dosdevices/c:/windows/temp/win32/core/d3dcompiler_47.dll /Users/gcenx/Documents/GitHub/Sims4-wineskin-build/Sims4.app/Contents/SharedSupport/prefix/dosdevices/c:/windows/syswow64/d3dcompiler_47.dll
Executing 7z x /Users/gcenx/.cache/winetricks/d3dcompiler_47/FirefoxSetup62.0.3-win64.exe -o/Users/gcenx/Documents/GitHub/Sims4-wineskin-build/Sims4.app/Contents/SharedSupport/prefix/dosdevices/c:/windows/temp/win64 core/d3dcompiler_47.dll

7-Zip [64] 16.02 : Copyright (c) 1999-2016 Igor Pavlov : 2016-05-21
p7zip Version 16.02 (locale=utf8,Utf16=on,HugeFiles=on,64 bits,8 CPUs x64)

Scanning the drive for archives:
1 file, 40176024 bytes (39 MiB)

Extracting archive: /Users/gcenx/.cache/winetricks/d3dcompiler_47/FirefoxSetup62.0.3-win64.exe
--
Path = /Users/gcenx/.cache/winetricks/d3dcompiler_47/FirefoxSetup62.0.3-win64.exe
Type = PE
Physical Size = 40176024
CPU = x86
Characteristics = Executable 32-bit NoRelocs NoLineNums NoLocalSyms
Created = 2018-04-26 11:54:09
Headers Size = 4096
Checksum = 40199636
Name = 7zS.sfx.exe
Image Size = 274432
Section Alignment = 4096
File Alignment = 512
Code Size = 57344
Initialized Data Size = 65536
Uninitialized Data Size = 147456
Linker Version = 6.0
OS Version = 4.0
Image Version = 0.0
Subsystem Version = 4.0
Subsystem = Windows GUI
Stack Reserve = 1048576
Stack Commit = 4096
Heap Reserve = 1048576
Heap Commit = 4096
Image Base = 4194304
Comment = FileVersion: 18.1.0.0
FileVersion: 18.01
ProductVersion: 18.1.0.0
ProductVersion: 18.01
CompanyName: Igor Pavlov
FileDescription: 7z Setup SFX
InternalName: 7zS.sfx
LegalCopyright: Copyright (c) 1999-2018 Igor Pavlov
OriginalFilename: 7zS.sfx.exe
ProductName: 7-Zip
----
Path = [0]
Size = 40048072
Packed Size = 40048072
Virtual Size = 40048072
Offset = 120320
--
Path = [0]
Type = 7z
Offset = 81
Physical Size = 40047984
Tail Size = 7
Headers Size = 2125
Method = LZMA:25 BCJ2
Solid = +
Blocks = 1

Everything is Ok

Files: 60
Size:       46848324
Compressed: 40176024
Executing cp -f /Users/gcenx/Documents/GitHub/Sims4-wineskin-build/Sims4.app/Contents/SharedSupport/prefix/dosdevices/c:/windows/temp/win64/core/d3dcompiler_47.dll /Users/gcenx/Documents/GitHub/Sims4-wineskin-build/Sims4.app/Contents/SharedSupport/prefix/dosdevices/c:/windows/system32/d3dcompiler_47.dll
Using native override for following DLLs: d3dcompiler_47
Executing wine C:\windows\syswow64/regedit /S C:\windows\Temp\override-dll.reg
Executing wine64 C:\windows\system32/regedit /S C:\windows\Temp\override-dll.reg
Using  override for following DLLs when running origin.exe: gameux
Executing wine C:\windows\syswow64/regedit /S C:\windows\Temp\override-dll.reg
Executing wine64 C:\windows\system32/regedit /S C:\windows\Temp\override-dll.reg
Executing rm /Users/gcenx/Documents/GitHub/Sims4-wineskin-build/Sims4.app/Contents/SharedSupport/prefix/dosdevices/c:/windows/temp/override-dll.reg
Executing w_do_call steam
Executing mkdir -p /Users/gcenx/Documents/GitHub/Sims4-wineskin-build/Sims4.app/Contents/SharedSupport
------------------------------------------------------
warning: You are using a 64-bit WINEPREFIX. Note that many verbs only install 32-bit versions of packages. If you encounter problems, please retest in a clean 32-bit WINEPREFIX before reporting a bug.
------------------------------------------------------
Executing load_steam 
Executing cd /Users/gcenx/.cache/winetricks/steam
Executing wine SteamSetup.exe /S
------------------------------------------------------
warning: Working around wine bug 22053 -- Disabling gameoverlayrenderer to prevent game crashes on some machines.
------------------------------------------------------
Using  override for following DLLs: gameoverlayrenderer
Executing wine C:\windows\syswow64/regedit /S C:\windows\Temp\override-dll.reg
Executing wine64 C:\windows\system32/regedit /S C:\windows\Temp\override-dll.reg
------------------------------------------------------
warning: Working around wine bug 44985 -- Disabling libglesv2 to make Store and Library function correctly.
------------------------------------------------------
Using  override for following DLLs: libglesv2
Executing wine C:\windows\syswow64/regedit /S C:\windows\Temp\override-dll.reg
Executing wine64 C:\windows\system32/regedit /S C:\windows\Temp\override-dll.reg
Executing w_do_call corefonts
Executing mkdir -p /Users/gcenx/Documents/GitHub/Sims4-wineskin-build/Sims4.app/Contents/SharedSupport
------------------------------------------------------
warning: You are using a 64-bit WINEPREFIX. Note that many verbs only install 32-bit versions of packages. If you encounter problems, please retest in a clean 32-bit WINEPREFIX before reporting a bug.
------------------------------------------------------
corefonts already installed, skipping
