1: 0 2: 1033 3: 1252 
=== Logging started: 8/7/2022  5:36:03 ===
Message type: 0, Argument: 1033
Message type: 1, Argument: Microsoft Visual C++ 2013 x64 Minimum Runtime - 12.0.21005
Action 5:36:03: INSTALL. 
Action start 5:36:03: INSTALL.
1: 0 2: 1033 3: 1252 
1: 0 2: 1033 3: 1252 
=== Logging started: 8/7/2022  5:36:03 ===
Message type: 0, Argument: 1033
Message type: 1, Argument: Microsoft Visual C++ 2013 x64 Minimum Runtime - 12.0.21005
Action 5:36:03: INSTALL. 
Action start 5:36:03: INSTALL.
1: Microsoft Visual C++ 2013 x64 Minimum Runtime - 12.0.21005 2: {A749D8E6-B613-3BE3-8F5F-045C84EBA29B} 
Action 5:36:03: FindRelatedProducts. Searching for related applications
Action start 5:36:03: FindRelatedProducts.
Action ended 5:36:03: FindRelatedProducts. Return value 1.
Action 5:36:03: LaunchConditions. Evaluating launch conditions
Action start 5:36:03: LaunchConditions.
Action ended 5:36:03: LaunchConditions. Return value 1.
Action 5:36:03: AppSearch. Searching for installed applications
Action start 5:36:03: AppSearch.
Property: REDISTFOUNDVERLANG, Signature: DetectRedistVerLangSignature
Property: REDISTFOUNDVER, Signature: DetectRedistVerSignature
Property: JSHFOUNDVER, Signature: DetectJSHVerSignature
Property: OCMFOUNDVER, Signature: DetectOCMRedistVerSignature
Property: OCMFOUNDVERLANG, Signature: DetectOCMRedistVerLangSignature
Action ended 5:36:03: AppSearch. Return value 1.
Action 5:36:03: ValidateProductID. 
Action start 5:36:03: ValidateProductID.
Action ended 5:36:03: ValidateProductID. Return value 1.
Action 5:36:03: CostInitialize. Computing space requirements
Action start 5:36:03: CostInitialize.
Action ended 5:36:03: CostInitialize. Return value 1.
Action 5:36:03: FileCost. Computing space requirements
Action start 5:36:03: FileCost.
Action ended 5:36:03: FileCost. Return value 1.
Action 5:36:03: CostFinalize. Computing space requirements
Action start 5:36:03: CostFinalize.
Action ended 5:36:03: CostFinalize. Return value 1.
Action 5:36:03: SetODBCFolders. Initializing ODBC directories
Action start 5:36:03: SetODBCFolders.
Action ended 5:36:03: SetODBCFolders. Return value 1.
Action 5:36:03: InstallValidate. Validating install
Action start 5:36:03: InstallValidate.
Action ended 5:36:03: InstallValidate. Return value 1.
Action 5:36:03: InstallInitialize. 
Action start 5:36:03: InstallInitialize.
Action ended 5:36:03: InstallInitialize. Return value 1.
Action 5:36:03: AllocateRegistrySpace. Allocating registry space
Action start 5:36:03: AllocateRegistrySpace.
Free space: 0
Action ended 5:36:03: AllocateRegistrySpace. Return value 1.
Action 5:36:03: ProcessComponents. Updating component registration
Action start 5:36:03: ProcessComponents.
Action ended 5:36:03: ProcessComponents. Return value 1.
Action 5:36:03: UnpublishComponents. Unpublishing Qualified Components
Action start 5:36:03: UnpublishComponents.
Action ended 5:36:03: UnpublishComponents. Return value 1.
Action 5:36:03: MsiUnpublishAssemblies. Unpublishing assembly information
Action start 5:36:03: MsiUnpublishAssemblies.
Action ended 5:36:03: MsiUnpublishAssemblies. Return value 1.
Action 5:36:03: UnpublishFeatures. Unpublishing Product Features
Action start 5:36:03: UnpublishFeatures.
Action ended 5:36:03: UnpublishFeatures. Return value 1.
Action 5:36:03: StopServices. Stopping services
Action start 5:36:03: StopServices.
Action ended 5:36:03: StopServices. Return value 1.
Action 5:36:03: DeleteServices. Deleting services
Action start 5:36:03: DeleteServices.
Action ended 5:36:03: DeleteServices. Return value 1.
Action 5:36:03: UnregisterComPlus. Unregistering COM+ Applications and Components
Action start 5:36:03: UnregisterComPlus.
Action ended 5:36:03: UnregisterComPlus. Return value 1.
Action 5:36:03: SelfUnregModules. Unregistering modules
Action start 5:36:03: SelfUnregModules.
Action ended 5:36:03: SelfUnregModules. Return value 1.
Action 5:36:03: UnregisterTypeLibraries. Unregistering type libraries
Action start 5:36:03: UnregisterTypeLibraries.
Action ended 5:36:03: UnregisterTypeLibraries. Return value 1.
Action 5:36:03: RemoveODBC. Removing ODBC components
Action start 5:36:03: RemoveODBC.
Action ended 5:36:03: RemoveODBC. Return value 1.
Action 5:36:03: UnregisterFonts. Unregistering fonts
Action start 5:36:03: UnregisterFonts.
Action ended 5:36:03: UnregisterFonts. Return value 1.
Action 5:36:03: RemoveRegistryValues. Removing system registry values
Action start 5:36:03: RemoveRegistryValues.
Action ended 5:36:03: RemoveRegistryValues. Return value 1.
Action 5:36:03: UnregisterClassInfo. Unregister Class servers
Action start 5:36:03: UnregisterClassInfo.
Action ended 5:36:03: UnregisterClassInfo. Return value 1.
Action 5:36:03: UnregisterMIMEInfo. Unregistering MIME info
Action start 5:36:03: UnregisterMIMEInfo.
Action ended 5:36:03: UnregisterMIMEInfo. Return value 1.
Action 5:36:03: RemoveIniValues. Removing INI files entries
Action start 5:36:03: RemoveIniValues.
Action ended 5:36:03: RemoveIniValues. Return value 1.
Action 5:36:03: RemoveShortcuts. Removing shortcuts
Action start 5:36:03: RemoveShortcuts.
Action ended 5:36:03: RemoveShortcuts. Return value 1.
Action 5:36:03: RemoveEnvironmentStrings. Updating environment strings
Action start 5:36:03: RemoveEnvironmentStrings.
Action ended 5:36:03: RemoveEnvironmentStrings. Return value 1.
Action 5:36:03: RemoveDuplicateFiles. Removing duplicated files
Action start 5:36:03: RemoveDuplicateFiles.
Action ended 5:36:03: RemoveDuplicateFiles. Return value 1.
Action 5:36:03: RemoveFiles. Removing files
Action start 5:36:03: RemoveFiles.
Action ended 5:36:03: RemoveFiles. Return value 1.
Action 5:36:03: RemoveFolders. Removing folders
Action start 5:36:03: RemoveFolders.
Action ended 5:36:03: RemoveFolders. Return value 1.
Action 5:36:03: CreateFolders. Creating folders
Action start 5:36:03: CreateFolders.
Action ended 5:36:03: CreateFolders. Return value 1.
Action 5:36:03: MoveFiles. Moving files
Action start 5:36:03: MoveFiles.
Action ended 5:36:03: MoveFiles. Return value 1.
Action 5:36:03: InstallFiles. Copying new files
Action start 5:36:03: InstallFiles.
Action ended 5:36:03: InstallFiles. Return value 1.
Action 5:36:03: DuplicateFiles. Creating duplicate files
Action start 5:36:03: DuplicateFiles.
Action ended 5:36:03: DuplicateFiles. Return value 1.
Action 5:36:03: BindImage. Binding executables
Action start 5:36:03: BindImage.
Action ended 5:36:03: BindImage. Return value 1.
Action 5:36:03: RegisterClassInfo. Registering Class servers
Action start 5:36:03: RegisterClassInfo.
Action ended 5:36:03: RegisterClassInfo. Return value 1.
Action 5:36:03: RegisterMIMEInfo. Registering MIME info
Action start 5:36:03: RegisterMIMEInfo.
Action ended 5:36:03: RegisterMIMEInfo. Return value 1.
Action 5:36:03: RegisterTypeLibraries. Registering type libraries
Action start 5:36:03: RegisterTypeLibraries.
Action ended 5:36:03: RegisterTypeLibraries. Return value 1.
Action 5:36:03: WriteRegistryValues. Writing system registry values
Action start 5:36:03: WriteRegistryValues.
Action ended 5:36:03: WriteRegistryValues. Return value 1.
Action 5:36:03: WriteIniValues. Writing INI files values
Action start 5:36:03: WriteIniValues.
Action ended 5:36:03: WriteIniValues. Return value 1.
Action 5:36:03: WriteEnvironmentStrings. Updating environment strings
Action start 5:36:03: WriteEnvironmentStrings.
Action ended 5:36:03: WriteEnvironmentStrings. Return value 1.
Action 5:36:03: RegisterFonts. Registering fonts
Action start 5:36:03: RegisterFonts.
Action ended 5:36:03: RegisterFonts. Return value 1.
Action 5:36:03: InstallODBC. Installing ODBC components
Action start 5:36:03: InstallODBC.
Action ended 5:36:03: InstallODBC. Return value 1.
Action 5:36:03: SelfRegModules. Registering modules
Action start 5:36:03: SelfRegModules.
Action ended 5:36:03: SelfRegModules. Return value 1.
Action 5:36:03: RegisterComPlus. Registering COM+ Applications and Components
Action start 5:36:03: RegisterComPlus.
Action ended 5:36:03: RegisterComPlus. Return value 1.
Action 5:36:03: InstallServices. Installing new services
Action start 5:36:03: InstallServices.
Action ended 5:36:03: InstallServices. Return value 1.
Action 5:36:03: StartServices. Starting services
Action start 5:36:03: StartServices.
Action ended 5:36:03: StartServices. Return value 1.
Action 5:36:03: RegisterUser. Registering user
Action start 5:36:03: RegisterUser.
Action ended 5:36:03: RegisterUser. Return value 1.
Action 5:36:03: RegisterProduct. Registering product
Action start 5:36:03: RegisterProduct.
Action ended 5:36:03: RegisterProduct. Return value 1.
Action 5:36:03: PublishComponents. Publishing Qualified Components
Action start 5:36:03: PublishComponents.
Action ended 5:36:03: PublishComponents. Return value 1.
Action 5:36:03: MsiPublishAssemblies. Publishing assembly information
Action start 5:36:03: MsiPublishAssemblies.
Action ended 5:36:03: MsiPublishAssemblies. Return value 1.
Action 5:36:03: PublishFeatures. Publishing Product Features
Action start 5:36:03: PublishFeatures.
Action ended 5:36:03: PublishFeatures. Return value 1.
Action 5:36:03: PublishProduct. Publishing product information
Action start 5:36:03: PublishProduct.
Action ended 5:36:03: PublishProduct. Return value 1.
Action 5:36:03: CreateShortcuts. Creating shortcuts
Action start 5:36:03: CreateShortcuts.
Action ended 5:36:03: CreateShortcuts. Return value 1.
Action 5:36:03: InstallFinalize. 
Action start 5:36:03: InstallFinalize.
Action 5:36:03: ProcessComponents. Updating component registration
Action start 5:36:03: ProcessComponents.
1: {A749D8E6-B613-3BE3-8F5F-045C84EBA29B} 2: {BC1F4291-6F0A-38EB-984E-C2E555837FE1} 3: 02:\SOFTWARE\Microsoft\VisualStudio\12.0\VC\Runtimes\x64\Version 
1: {A749D8E6-B613-3BE3-8F5F-045C84EBA29B} 2: {E5B92048-5859-4AF1-AEAD-B97EBF00B087} 3: C:\windows\system32\msvcr120.dll 
1: {A749D8E6-B613-3BE3-8F5F-045C84EBA29B} 2: {570C624B-D57C-4CD1-9013-1B80C800093B} 3: C:\windows\system32\msvcp120.dll 
1: {A749D8E6-B613-3BE3-8F5F-045C84EBA29B} 2: {14E8634F-8AEA-4CD1-AC48-BEBFDA18523A} 3: C:\windows\system32\vccorlib120.dll 
1: {A749D8E6-B613-3BE3-8F5F-045C84EBA29B} 2: {4C723A6F-9201-44D8-BE75-E08B5D104F85} 3: C:\windows\system32\vcamp120.dll 
1: {A749D8E6-B613-3BE3-8F5F-045C84EBA29B} 2: {EFA0F8A1-F16D-4E44-8EE4-2CD86E1D12F4} 3: C:\windows\system32\vcomp120.dll 
1: {A749D8E6-B613-3BE3-8F5F-045C84EBA29B} 2: {626AF7EB-DC16-3842-B021-371810A3C501} 3: 02:\SOFTWARE\Microsoft\DevDiv\vc\Servicing\12.0\SP 
1: {A749D8E6-B613-3BE3-8F5F-045C84EBA29B} 2: {7B83B156-8EBB-330F-91AC-2A770919C2C9} 3: 02:\SOFTWARE\Microsoft\DevDiv\vc\Servicing\12.0\RuntimeMinimum\Install 
1: {A749D8E6-B613-3BE3-8F5F-045C84EBA29B} 2: {71002A1E-E506-3A54-AC5E-FD166ACF100C} 3: -1:\Software\Classes\Installer\Dependencies\Microsoft.VS.VC_RuntimeMinimumVSU_amd64,v12\Version 
Action ended 5:36:03: ProcessComponents. Return value 1.
Action 5:36:03: UnpublishComponents. Unpublishing Qualified Components
Action start 5:36:03: UnpublishComponents.
Action ended 5:36:03: UnpublishComponents. Return value 1.
Action 5:36:03: MsiUnpublishAssemblies. Unpublishing assembly information
Action start 5:36:03: MsiUnpublishAssemblies.
Action ended 5:36:03: MsiUnpublishAssemblies. Return value 1.
Action 5:36:03: UnpublishFeatures. Unpublishing Product Features
Action start 5:36:03: UnpublishFeatures.
Action ended 5:36:03: UnpublishFeatures. Return value 1.
Action 5:36:03: StopServices. Stopping services
Action start 5:36:03: StopServices.
Action ended 5:36:03: StopServices. Return value 1.
Action 5:36:03: DeleteServices. Deleting services
Action start 5:36:03: DeleteServices.
Action ended 5:36:03: DeleteServices. Return value 1.
Action 5:36:03: SelfUnregModules. Unregistering modules
Action start 5:36:03: SelfUnregModules.
Action ended 5:36:03: SelfUnregModules. Return value 1.
Action 5:36:03: UnregisterTypeLibraries. Unregistering type libraries
Action start 5:36:03: UnregisterTypeLibraries.
Action ended 5:36:03: UnregisterTypeLibraries. Return value 1.
Action 5:36:03: RemoveODBC. Removing ODBC components
Action start 5:36:03: RemoveODBC.
Action ended 5:36:03: RemoveODBC. Return value 1.
Action 5:36:03: UnregisterFonts. Unregistering fonts
Action start 5:36:03: UnregisterFonts.
Action ended 5:36:03: UnregisterFonts. Return value 1.
Action 5:36:03: RemoveRegistryValues. Removing system registry values
Action start 5:36:03: RemoveRegistryValues.
Action ended 5:36:03: RemoveRegistryValues. Return value 1.
Action 5:36:03: UnregisterClassInfo. Unregister Class servers
Action start 5:36:03: UnregisterClassInfo.
Action ended 5:36:03: UnregisterClassInfo. Return value 1.
Action 5:36:03: UnregisterMIMEInfo. Unregistering MIME info
Action start 5:36:03: UnregisterMIMEInfo.
Action ended 5:36:03: UnregisterMIMEInfo. Return value 1.
Action 5:36:03: RemoveIniValues. Removing INI files entries
Action start 5:36:03: RemoveIniValues.
Action ended 5:36:03: RemoveIniValues. Return value 1.
Action 5:36:03: RemoveShortcuts. Removing shortcuts
Action start 5:36:03: RemoveShortcuts.
Action ended 5:36:03: RemoveShortcuts. Return value 1.
Action 5:36:03: RemoveEnvironmentStrings. Updating environment strings
Action start 5:36:03: RemoveEnvironmentStrings.
Action ended 5:36:03: RemoveEnvironmentStrings. Return value 1.
Action 5:36:03: RemoveDuplicateFiles. Removing duplicated files
Action start 5:36:03: RemoveDuplicateFiles.
Action ended 5:36:03: RemoveDuplicateFiles. Return value 1.
Action 5:36:03: RemoveFiles. Removing files
Action start 5:36:03: RemoveFiles.
File: msvcp120.dll, Directory: System64Folder_amd64_VC
File: msvcr120.dll, Directory: System64Folder_amd64_VC
File: vcamp120.dll, Directory: System64Folder_amd64_VC
File: vccorlib120.dll, Directory: System64Folder_amd64_VC
File: vcomp120.dll, Directory: System64Folder_amd64_VC
Action ended 5:36:03: RemoveFiles. Return value 1.
Action 5:36:03: RemoveFolders. Removing folders
Action start 5:36:03: RemoveFolders.
Action ended 5:36:03: RemoveFolders. Return value 1.
Action 5:36:03: CreateFolders. Creating folders
Action start 5:36:03: CreateFolders.
Action ended 5:36:03: CreateFolders. Return value 1.
Action 5:36:03: MoveFiles. Moving files
Action start 5:36:03: MoveFiles.
Action ended 5:36:03: MoveFiles. Return value 1.
Action 5:36:03: InstallFiles. Copying new files
Action start 5:36:03: InstallFiles.
File: msvcp120.dll,  Directory: System64Folder_amd64_VC,  Size: 660128
File: msvcr120.dll,  Directory: System64Folder_amd64_VC,  Size: 963232
File: vcamp120.dll,  Directory: System64Folder_amd64_VC,  Size: 481952
File: vccorlib120.dll,  Directory: System64Folder_amd64_VC,  Size: 356528
File: vcomp120.dll,  Directory: System64Folder_amd64_VC,  Size: 137376
Action ended 5:36:03: InstallFiles. Return value 1.
Action 5:36:03: DuplicateFiles. Creating duplicate files
Action start 5:36:03: DuplicateFiles.
Action ended 5:36:03: DuplicateFiles. Return value 1.
Action 5:36:03: RegisterClassInfo. Registering Class servers
Action start 5:36:03: RegisterClassInfo.
Action ended 5:36:03: RegisterClassInfo. Return value 1.
Action 5:36:03: RegisterMIMEInfo. Registering MIME info
Action start 5:36:03: RegisterMIMEInfo.
Action ended 5:36:03: RegisterMIMEInfo. Return value 1.
Action 5:36:03: RegisterTypeLibraries. Registering type libraries
Action start 5:36:03: RegisterTypeLibraries.
Action ended 5:36:03: RegisterTypeLibraries. Return value 1.
Action 5:36:03: WriteRegistryValues. Writing system registry values
Action start 5:36:03: WriteRegistryValues.
Key: HKEY_LOCAL_MACHINE\SOFTWARE\Microsoft\VisualStudio\12.0\VC\Runtimes\x64, Name: Version, Value: v12.0.21005.01
Key: HKEY_LOCAL_MACHINE\SOFTWARE\Microsoft\DevDiv\vc\Servicing\12.0, Name: SP, Value: 
Key: HKEY_LOCAL_MACHINE\SOFTWARE\Microsoft\DevDiv\vc\Servicing\12.0\RuntimeMinimum, Name: Install, Value: 
Key: HKEY_LOCAL_MACHINE\Software\Classes\Installer\Dependencies\Microsoft.VS.VC_RuntimeMinimumVSU_amd64,v12, Name: Version, Value: 12.0.21005
Key: HKEY_LOCAL_MACHINE\SOFTWARE\Microsoft\VisualStudio\12.0\VC\Runtimes\x64, Name: Installed, Value: 
Key: HKEY_LOCAL_MACHINE\SOFTWARE\Microsoft\VisualStudio\12.0\VC\Runtimes\x64, Name: Major, Value: 
Key: HKEY_LOCAL_MACHINE\SOFTWARE\Microsoft\VisualStudio\12.0\VC\Runtimes\x64, Name: Minor, Value: 
Key: HKEY_LOCAL_MACHINE\SOFTWARE\Microsoft\VisualStudio\12.0\VC\Runtimes\x64, Name: Bld, Value: 
Key: HKEY_LOCAL_MACHINE\SOFTWARE\Microsoft\VisualStudio\12.0\VC\Runtimes\x64, Name: Rbld, Value: 
Key: HKEY_LOCAL_MACHINE\SOFTWARE\Microsoft\DevDiv\vc\Servicing\12.0, Name: SPIndex, Value: 
Key: HKEY_LOCAL_MACHINE\SOFTWARE\Microsoft\DevDiv\vc\Servicing\12.0\RuntimeMinimum, Name: InstallerType, Value: MSI
Key: HKEY_LOCAL_MACHINE\SOFTWARE\Microsoft\DevDiv\vc\Servicing\12.0\RuntimeMinimum, Name: SP, Value: 
Key: HKEY_LOCAL_MACHINE\SOFTWARE\Microsoft\DevDiv\vc\Servicing\12.0\RuntimeMinimum, Name: SPIndex, Value: 
Key: HKEY_LOCAL_MACHINE\SOFTWARE\Microsoft\DevDiv\vc\Servicing\12.0\RuntimeMinimum, Name: SPName, Value: RTM
Key: HKEY_LOCAL_MACHINE\SOFTWARE\Microsoft\DevDiv\vc\Servicing\12.0\RuntimeMinimum, Name: Version, Value: 12.0.21005
Key: HKEY_LOCAL_MACHINE\SOFTWARE\Microsoft\DevDiv\vc\Servicing\12.0\RuntimeMinimum, Name: UpdateVersion, Value: 12.0.21005
Key: HKEY_LOCAL_MACHINE\Software\Classes\Installer\Dependencies\Microsoft.VS.VC_RuntimeMinimumVSU_amd64,v12, Name: , Value: {A749D8E6-B613-3BE3-8F5F-045C84EBA29B}
Key: HKEY_LOCAL_MACHINE\Software\Classes\Installer\Dependencies\Microsoft.VS.VC_RuntimeMinimumVSU_amd64,v12, Name: DisplayName, Value: Microsoft Visual C++ 2013 x64 Minimum Runtime - 12.0.21005
Action ended 5:36:03: WriteRegistryValues. Return value 1.
Action 5:36:03: WriteIniValues. Writing INI files values
Action start 5:36:03: WriteIniValues.
Action ended 5:36:03: WriteIniValues. Return value 1.
Action 5:36:03: WriteEnvironmentStrings. Updating environment strings
Action start 5:36:03: WriteEnvironmentStrings.
Action ended 5:36:03: WriteEnvironmentStrings. Return value 1.
Action 5:36:03: RegisterFonts. Registering fonts
Action start 5:36:03: RegisterFonts.
Action ended 5:36:03: RegisterFonts. Return value 1.
Action 5:36:03: InstallODBC. Installing ODBC components
Action start 5:36:03: InstallODBC.
Action ended 5:36:03: InstallODBC. Return value 1.
Action 5:36:03: SelfRegModules. Registering modules
Action start 5:36:03: SelfRegModules.
Action ended 5:36:03: SelfRegModules. Return value 1.
Action 5:36:03: InstallServices. Installing new services
Action start 5:36:03: InstallServices.
Action ended 5:36:03: InstallServices. Return value 1.
Action 5:36:03: StartServices. Starting services
Action start 5:36:03: StartServices.
Action ended 5:36:03: StartServices. Return value 1.
Action 5:36:03: RegisterUser. Registering user
Action start 5:36:03: RegisterUser.
1:  
Action ended 5:36:03: RegisterUser. Return value 1.
Action 5:36:03: RegisterProduct. Registering product
Action start 5:36:03: RegisterProduct.
1: {A749D8E6-B613-3BE3-8F5F-045C84EBA29B} 
Action ended 5:36:03: RegisterProduct. Return value 1.
Action 5:36:03: PublishComponents. Publishing Qualified Components
Action start 5:36:03: PublishComponents.
Action ended 5:36:03: PublishComponents. Return value 1.
Action 5:36:03: MsiPublishAssemblies. Publishing assembly information
Action start 5:36:03: MsiPublishAssemblies.
Action ended 5:36:03: MsiPublishAssemblies. Return value 1.
Action 5:36:03: PublishFeatures. Publishing Product Features
Action start 5:36:03: PublishFeatures.
Feature: VC_Runtime_Minimum
Feature: Provider
Feature: Servicing_Key
Action ended 5:36:03: PublishFeatures. Return value 1.
Action 5:36:03: PublishProduct. Publishing product information
Action start 5:36:03: PublishProduct.
1: {A749D8E6-B613-3BE3-8F5F-045C84EBA29B} 
Action ended 5:36:03: PublishProduct. Return value 1.
Action 5:36:03: CreateShortcuts. Creating shortcuts
Action start 5:36:03: CreateShortcuts.
Action ended 5:36:03: CreateShortcuts. Return value 1.
Action ended 5:36:03: InstallFinalize. Return value 1.
Action 5:36:03: RemoveExistingProducts. Removing applications
Action start 5:36:03: RemoveExistingProducts.
Action ended 5:36:03: RemoveExistingProducts. Return value 1.
Action ended 5:36:03: INSTALL. Return value 1.
1: Microsoft Visual C++ 2013 x64 Minimum Runtime - 12.0.21005 2: {A749D8E6-B613-3BE3-8F5F-045C84EBA29B} 3: 1 
Property(S): DiskPrompt = 
Property(S): UpgradeCode = {20400CF0-DE7C-327E-9AE4-F0F38D9085F8}
Property(S): TARGETDIR = C:\
Property(S): System64Folder_amd64_VC = C:\windows\system32\
Property(S): SourceDir = C:\ProgramData\Package Cache\{A749D8E6-B613-3BE3-8F5F-045C84EBA29B}v12.0.21005\packages\vcRuntimeMinimum_amd64\
Property(S): System64Folder = C:\windows\system32\
Property(S): VersionNT = 601
Property(S): ALLUSERS = 1
Property(S): ARPHELPLINK = http://go.microsoft.com/fwlink/?LinkId=133405
Property(S): ARPNOMODIFY = 1
Property(S): ARPURLUpdateInfo = http://go.microsoft.com/fwlink/?LinkId=133408
Property(S): ARPCOMMENTS = Caution. Removing this product might prevent some applications from running.
Property(S): comspec_cmd = %comspec%
Property(S): DDPatch = 0
Property(S): FeatureID = 1
Property(S): FILESINUSETEXT = The following applications should be closed before continuing the install:
Property(S): FXAssemblyVersion = 4.0.0.0
Property(S): FXAssemblyVersion35 = 3.5.0.0
Property(S): INSTALLLEVEL = 2
Property(S): LIMITUI = 1
Property(S): NullGUID = {00000000-0000-0000-0000-000000000000}
Property(S): PIDRegEntryName = ProductID
Property(S): PIDUserNameRegKey = SOFTWARE\Microsoft\VisualStudio\7.0\Registration
Property(S): PIDUserNameRegRoot = HKEY_LOCAL_MACHINE
Property(S): PrimaryDir = VS7.3643236F_FC70_11D3_A536_0090278A1BB8
Property(S): REBOOT = ReallySuppress
Property(S): REPAIR_REINSTALLMODE = pecmsu
Property(S): ReserveAdditionalCostVS7UI = 8388608
Property(S): RunCount = 49
Property(S): UpdateProp1 = 0
Property(S): UpdateProp2 = 0
Property(S): UpdateProp3 = 0
Property(S): UpdateProp4 = 0
Property(S): UpdateProp5 = 0
Property(S): UserNameRegEntryName = UserName
Property(S): ARPSYSTEMCOMPONENT = 1
Property(S): BuildType = ret
Property(S): URTVersion = v4.0.30319
Property(S): LocProductName = Microsoft Visual C++ 2013 x64 Runtime
Property(S): ProductCPU = amd64
Property(S): ProductEdition = Runtime
Property(S): ProductFamily = VC
Property(S): ProductImage = net
Property(S): RTM_ProductVersion = 12.0.21005
Property(S): ProductVersionHigh = 720896
Property(S): ProductVersionLow = 1999110144
Property(S): MsiLogging = voicewarmup
Property(S): Manufacturer = Microsoft Corporation
Property(S): ProductCode = {A749D8E6-B613-3BE3-8F5F-045C84EBA29B}
Property(S): ProductLanguage = 1033
Property(S): ProductName = Microsoft Visual C++ 2013 x64 Minimum Runtime - 12.0.21005
Property(S): ProductVersion = 12.0.21005
Property(S): DirectoryTable100_amd64 = DirectoryTable
Property(S): SecureCustomProperties = IE501FOUND.3643236F_FC70_11D3_A536_0090278A1BB8;IGNOREDEPENDENCIES;INSTALLBLOCKFOUND.3643236F_FC70_11D3_A536_0090278A1BB8;JSHFOUNDVER;NEWERVCRUNTIMEVERSIONDETECTED;OCMFOUNDVER;OCMFOUNDVERLANG;REDISTFOUNDVER;REDISTFOUNDVERLANG;UNINSTALLBLOCKFOUND.3643236F_FC70_11D3_A536_0090278A1BB8;UPGRADEVCRUNTIME
Property(S): WixPdbPath = f:\ddSetup\SD\1\wix\outs\amd64ret\enu\cooked\vc_RuntimeMinimum_net.wixpdb
Property(S): AdminUser = 1
Property(S): CommonAppDataFolder = C:\ProgramData\
Property(S): FavoritesFolder = C:\users\gcenx\Favorites\
Property(S): FontsFolder = C:\windows\Fonts\
Property(S): SendToFolder = C:\users\gcenx\SendTo\
Property(S): StartMenuFolder = C:\users\gcenx\Start Menu\
Property(S): StartupFolder = C:\users\gcenx\Start Menu\Programs\StartUp\
Property(S): TemplateFolder = C:\users\gcenx\Templates\
Property(S): DesktopFolder = C:\users\gcenx\Desktop\
Property(S): ProgramMenuFolder = C:\users\gcenx\Start Menu\Programs\
Property(S): AdminToolsFolder = C:\users\gcenx\Start Menu\Programs\Administrative Tools\
Property(S): AppDataFolder = C:\users\gcenx\Application Data\
Property(S): SystemFolder = C:\windows\syswow64\
Property(S): System16Folder = C:\windows\system32\
Property(S): LocalAppDataFolder = C:\users\gcenx\Local Settings\Application Data\
Property(S): MyPicturesFolder = C:\users\gcenx\My Pictures\
Property(S): PersonalFolder = C:\users\gcenx\My Documents\
Property(S): WindowsFolder = C:\windows\
Property(S): PrintHoodFolder = C:\users\gcenx\PrintHood\
Property(S): NetHoodFolder = C:\users\gcenx\NetHood\
Property(S): RecentFolder = C:\users\gcenx\Recent\
Property(S): PhysicalMemory = 12288
Property(S): WindowsVolume = C:\
Property(S): TempFolder = C:\users\gcenx\Temp\
Property(S): Privileged = 1
Property(S): MsiNTProductType = 1
Property(S): WindowsBuild = 7601
Property(S): ServicePackLevel = 1
Property(S): VersionMsi = 4.5
Property(S): VersionDatabase = 400
Property(S): Intel = 6
Property(S): MsiAMD64 = 6
Property(S): Msix64 = 6
Property(S): VersionNT64 = 601
Property(S): ProgramFiles64Folder = C:\Program Files\
Property(S): ProgramFilesFolder = C:\Program Files (x86)\
Property(S): CommonFiles64Folder = C:\Program Files\Common Files\
Property(S): CommonFilesFolder = C:\Program Files (x86)\Common Files\
Property(S): ScreenX = 1440
Property(S): ScreenY = 900
Property(S): ColorBits = 32
Property(S): UserSID = S-1-5-21-0-0-0-1000
Property(S): UserLanguageID = 1033
Property(S): SystemLanguageID = 1033
Property(S): ProductState = -1
Property(S): LogonUser = gcenx
Property(S): ComputerName = DEANS-MAC-MINI
Property(S): UILevel = 2
Property(S): PackageCode = {FE26E34E-F44B-4B4D-A2C9-878D87759F44}
Property(S): DATABASE = C:\windows\Installer\235.msi
Property(S): OriginalDatabase = C:\ProgramData\Package Cache\{A749D8E6-B613-3BE3-8F5F-045C84EBA29B}v12.0.21005\packages\vcRuntimeMinimum_amd64\vc_runtimeMinimum_x64.msi
Property(S): SOURCEDIR = C:\ProgramData\Package Cache\{A749D8E6-B613-3BE3-8F5F-045C84EBA29B}v12.0.21005\packages\vcRuntimeMinimum_amd64\
Property(S): MSIFASTINSTALL = 7
Property(S): NOVSUI = 1
Property(S): ACTION = INSTALL
Property(S): EXECUTEACTION = INSTALL
Property(S): CostingComplete = 1
Property(S): ROOTDRIVE = C:\
Property(S): OutOfDiskSpace = 0
Property(S): OutOfNoRbDiskSpace = 0
1: 2 2: 0 
1: 2 2: 1 
Action ended 5:36:03: INSTALL. Return value 1.
