[0228:022C][2022-08-07T17:35:56]i001: Burn v3.7.3813.0, Windows v6.1 (Build 7601: Service Pack 1), path: C:\Program Files (x86)\Origin\vcredist_x64_vs2015.exe, cmdline: '/q -burn.unelevated BurnPipe.{2AF7A92C-3559-4D09-9F62-6F94E9376EA4} {586DBA7E-0C43-49B8-86B9-54164B07889F} 540'
[0228:022C][2022-08-07T17:35:56]i000: Setting string variable 'WixBundleLog' to value 'C:\users\gcenx\Temp\dd_vcredist_amd64_20220807173556.log'
[0228:022C][2022-08-07T17:35:56]i000: Setting string variable 'WixBundleOriginalSource' to value 'C:\Program Files (x86)\Origin\vcredist_x64_vs2015.exe'
[0228:022C][2022-08-07T17:35:56]i000: Setting string variable 'WixBundleOriginalSourceFolder' to value 'C:\Program Files (x86)\Origin\'
[0228:022C][2022-08-07T17:35:57]i000: Setting string variable 'WixBundleName' to value 'Microsoft Visual C++ 2015 Redistributable (x64) - 14.0.24212'
[0228:022C][2022-08-07T17:35:57]i100: Detect begin, 10 packages
[0228:022C][2022-08-07T17:35:57]i000: Setting version variable 'windows_uCRT_DetectKey' to value '10.0.14393.2247'
[0228:022C][2022-08-07T17:35:57]i000: Setting numeric variable 'windows_uCRT_DetectKeyExists' to value 1
[0228:022C][2022-08-07T17:35:57]i052: Condition '(VersionNT = v6.3 AND NOT VersionNT64) AND (windows_uCRT_DetectKeyExists AND windows_uCRT_DetectKey >= v10.0.10240.0)' evaluates to false.
[0228:022C][2022-08-07T17:35:57]i052: Condition '(VersionNT = v6.3 AND VersionNT64) AND (windows_uCRT_DetectKeyExists AND windows_uCRT_DetectKey >= v10.0.10240.0)' evaluates to false.
[0228:022C][2022-08-07T17:35:57]i052: Condition '(VersionNT = v6.2 AND NOT VersionNT64) AND (windows_uCRT_DetectKeyExists AND windows_uCRT_DetectKey >= v10.0.10240.0)' evaluates to false.
[0228:022C][2022-08-07T17:35:57]i052: Condition '(VersionNT = v6.2 AND VersionNT64) AND (windows_uCRT_DetectKeyExists AND windows_uCRT_DetectKey >= v10.0.10240.0)' evaluates to false.
[0228:022C][2022-08-07T17:35:57]i052: Condition '(VersionNT = v6.1 AND NOT VersionNT64) AND (windows_uCRT_DetectKeyExists AND windows_uCRT_DetectKey >= v10.0.10240.0)' evaluates to false.
[0228:022C][2022-08-07T17:35:57]i052: Condition '(VersionNT = v6.1 AND VersionNT64) AND (windows_uCRT_DetectKeyExists AND windows_uCRT_DetectKey >= v10.0.10240.0)' evaluates to true.
[0228:022C][2022-08-07T17:35:57]i052: Condition '(VersionNT = v6.0 AND NOT VersionNT64) AND (windows_uCRT_DetectKeyExists AND windows_uCRT_DetectKey >= v10.0.10240.0)' evaluates to false.
[0228:022C][2022-08-07T17:35:57]i052: Condition '(VersionNT = v6.0 AND VersionNT64) AND (windows_uCRT_DetectKeyExists AND windows_uCRT_DetectKey >= v10.0.10240.0)' evaluates to false.
[0228:022C][2022-08-07T17:35:57]i101: Detected package: vcRuntimeMinimum_x64, state: Absent, cached: None
[0228:022C][2022-08-07T17:35:57]i101: Detected package: vcRuntimeAdditional_x64, state: Absent, cached: None
[0228:022C][2022-08-07T17:35:57]i101: Detected package: Windows81_x86, state: Absent, cached: None
[0228:022C][2022-08-07T17:35:57]i101: Detected package: Windows81_x64, state: Absent, cached: None
[0228:022C][2022-08-07T17:35:57]i101: Detected package: Windows8_x86, state: Absent, cached: None
[0228:022C][2022-08-07T17:35:57]i101: Detected package: Windows8_x64, state: Absent, cached: None
[0228:022C][2022-08-07T17:35:57]i101: Detected package: Windows7_MSU_x86, state: Absent, cached: None
[0228:022C][2022-08-07T17:35:57]i101: Detected package: Windows7_MSU_x64, state: Present, cached: None
[0228:022C][2022-08-07T17:35:57]i101: Detected package: WindowsVista_MSU_x86, state: Absent, cached: None
[0228:022C][2022-08-07T17:35:57]i101: Detected package: WindowsVista_MSU_x64, state: Absent, cached: None
[0228:022C][2022-08-07T17:35:57]i052: Condition 'VersionNT64 >= v6.0 OR (VersionNT64 = v5.2 AND ServicePackLevel >= 1)' evaluates to true.
[0228:022C][2022-08-07T17:35:57]i199: Detect complete, result: 0x0
[0228:022C][2022-08-07T17:35:57]i200: Plan begin, 10 packages, action: Install
[0228:022C][2022-08-07T17:35:57]i052: Condition '(VersionNT64)' evaluates to true.
[0228:022C][2022-08-07T17:35:57]i000: Setting string variable 'WixBundleRollbackLog_vcRuntimeMinimum_x64' to value 'C:\users\gcenx\Temp\dd_vcredist_amd64_20220807173556_000_vcRuntimeMinimum_x64_rollback.log'
[0228:022C][2022-08-07T17:35:57]i000: Setting string variable 'WixBundleLog_vcRuntimeMinimum_x64' to value 'C:\users\gcenx\Temp\dd_vcredist_amd64_20220807173556_000_vcRuntimeMinimum_x64.log'
[0228:022C][2022-08-07T17:35:57]i052: Condition '(VersionNT64)' evaluates to true.
[0228:022C][2022-08-07T17:35:57]i000: Setting string variable 'WixBundleRollbackLog_vcRuntimeAdditional_x64' to value 'C:\users\gcenx\Temp\dd_vcredist_amd64_20220807173556_001_vcRuntimeAdditional_x64_rollback.log'
[0228:022C][2022-08-07T17:35:57]i000: Setting string variable 'WixBundleLog_vcRuntimeAdditional_x64' to value 'C:\users\gcenx\Temp\dd_vcredist_amd64_20220807173556_001_vcRuntimeAdditional_x64.log'
[0228:022C][2022-08-07T17:35:57]i052: Condition 'VersionNT = v6.3 AND NOT VersionNT64' evaluates to false.
[0228:022C][2022-08-07T17:35:57]w321: Skipping dependency registration on package with no dependency providers: Windows81_x86
[0228:022C][2022-08-07T17:35:57]i052: Condition 'VersionNT = v6.3 AND VersionNT64' evaluates to false.
[0228:022C][2022-08-07T17:35:57]w321: Skipping dependency registration on package with no dependency providers: Windows81_x64
[0228:022C][2022-08-07T17:35:57]i052: Condition 'VersionNT = v6.2 AND NOT VersionNT64' evaluates to false.
[0228:022C][2022-08-07T17:35:57]w321: Skipping dependency registration on package with no dependency providers: Windows8_x86
[0228:022C][2022-08-07T17:35:57]i052: Condition 'VersionNT = v6.2 AND VersionNT64' evaluates to false.
[0228:022C][2022-08-07T17:35:57]w321: Skipping dependency registration on package with no dependency providers: Windows8_x64
[0228:022C][2022-08-07T17:35:57]i052: Condition 'VersionNT = v6.1 AND NOT VersionNT64' evaluates to false.
[0228:022C][2022-08-07T17:35:57]w321: Skipping dependency registration on package with no dependency providers: Windows7_MSU_x86
[0228:022C][2022-08-07T17:35:57]i052: Condition 'VersionNT = v6.1 AND VersionNT64' evaluates to true.
[0228:022C][2022-08-07T17:35:57]w321: Skipping dependency registration on package with no dependency providers: Windows7_MSU_x64
[0228:022C][2022-08-07T17:35:57]i052: Condition 'VersionNT = v6.0 AND NOT VersionNT64' evaluates to false.
[0228:022C][2022-08-07T17:35:57]w321: Skipping dependency registration on package with no dependency providers: WindowsVista_MSU_x86
[0228:022C][2022-08-07T17:35:57]i052: Condition 'VersionNT = v6.0 AND VersionNT64' evaluates to false.
[0228:022C][2022-08-07T17:35:57]w321: Skipping dependency registration on package with no dependency providers: WindowsVista_MSU_x64
[0228:022C][2022-08-07T17:35:57]i201: Planned package: vcRuntimeMinimum_x64, state: Absent, default requested: Present, ba requested: Present, execute: Install, rollback: Uninstall, cache: Yes, uncache: No, dependency: Register
[0228:022C][2022-08-07T17:35:57]i201: Planned package: vcRuntimeAdditional_x64, state: Absent, default requested: Present, ba requested: Present, execute: Install, rollback: Uninstall, cache: Yes, uncache: No, dependency: Register
[0228:022C][2022-08-07T17:35:57]i201: Planned package: Windows81_x86, state: Absent, default requested: Absent, ba requested: Absent, execute: None, rollback: None, cache: No, uncache: No, dependency: None
[0228:022C][2022-08-07T17:35:57]i201: Planned package: Windows81_x64, state: Absent, default requested: Absent, ba requested: Absent, execute: None, rollback: None, cache: No, uncache: No, dependency: None
[0228:022C][2022-08-07T17:35:57]i201: Planned package: Windows8_x86, state: Absent, default requested: Absent, ba requested: Absent, execute: None, rollback: None, cache: No, uncache: No, dependency: None
[0228:022C][2022-08-07T17:35:57]i201: Planned package: Windows8_x64, state: Absent, default requested: Absent, ba requested: Absent, execute: None, rollback: None, cache: No, uncache: No, dependency: None
[0228:022C][2022-08-07T17:35:57]i201: Planned package: Windows7_MSU_x86, state: Absent, default requested: Absent, ba requested: Absent, execute: None, rollback: None, cache: No, uncache: No, dependency: None
[0228:022C][2022-08-07T17:35:57]i201: Planned package: Windows7_MSU_x64, state: Present, default requested: Present, ba requested: Present, execute: None, rollback: None, cache: No, uncache: No, dependency: None
[0228:022C][2022-08-07T17:35:57]i201: Planned package: WindowsVista_MSU_x86, state: Absent, default requested: Absent, ba requested: Absent, execute: None, rollback: None, cache: No, uncache: No, dependency: None
[0228:022C][2022-08-07T17:35:57]i201: Planned package: WindowsVista_MSU_x64, state: Absent, default requested: Absent, ba requested: Absent, execute: None, rollback: None, cache: No, uncache: No, dependency: None
[0228:022C][2022-08-07T17:35:57]i299: Plan complete, result: 0x0
[0228:022C][2022-08-07T17:35:57]i300: Apply begin
[021C:0220][2022-08-07T17:35:57]i360: Creating a system restore point.
[021C:0220][2022-08-07T17:35:57]i361: Created a system restore point.
[021C:0220][2022-08-07T17:35:57]i370: Session begin, registration key: SOFTWARE\Microsoft\Windows\CurrentVersion\Uninstall\{323dad84-0974-4d90-a1c1-e006c7fdbb7d}, options: 0x7, disable resume: No
[021C:0220][2022-08-07T17:35:57]i000: Caching bundle from: 'C:\users\gcenx\Temp\{323dad84-0974-4d90-a1c1-e006c7fdbb7d}\.be\VC_redist.x64.exe' to: 'C:\ProgramData\Package Cache\{323dad84-0974-4d90-a1c1-e006c7fdbb7d}\VC_redist.x64.exe'
[021C:0220][2022-08-07T17:35:57]i320: Registering bundle dependency provider: {323dad84-0974-4d90-a1c1-e006c7fdbb7d}, version: 14.0.24212.0
[021C:0220][2022-08-07T17:35:57]i371: Updating session, registration key: SOFTWARE\Microsoft\Windows\CurrentVersion\Uninstall\{323dad84-0974-4d90-a1c1-e006c7fdbb7d}, resume: Active, restart initiated: No, disable resume: No
[021C:0240][2022-08-07T17:35:57]i304: Verified existing payload: vcRuntimeMinimum_x64 at path: C:\ProgramData\Package Cache\.unverified\vcRuntimeMinimum_x64.
[021C:0240][2022-08-07T17:35:57]i305: Verified acquired payload: vcRuntimeMinimum_x64 at path: C:\ProgramData\Package Cache\.unverified\vcRuntimeMinimum_x64, moving to: C:\ProgramData\Package Cache\{FAAD7243-0141-3987-AA2F-E56B20F80E41}v14.0.24212\packages\vcRuntimeMinimum_amd64\vc_runtimeMinimum_x64.msi.
[021C:0240][2022-08-07T17:35:57]i304: Verified existing payload: cab5046A8AB272BF37297BB7928664C9503 at path: C:\ProgramData\Package Cache\.unverified\cab5046A8AB272BF37297BB7928664C9503.
[021C:0240][2022-08-07T17:35:57]i305: Verified acquired payload: cab5046A8AB272BF37297BB7928664C9503 at path: C:\ProgramData\Package Cache\.unverified\cab5046A8AB272BF37297BB7928664C9503, moving to: C:\ProgramData\Package Cache\{FAAD7243-0141-3987-AA2F-E56B20F80E41}v14.0.24212\packages\vcRuntimeMinimum_amd64\cab1.cab.
[021C:0240][2022-08-07T17:35:57]i304: Verified existing payload: vcRuntimeAdditional_x64 at path: C:\ProgramData\Package Cache\.unverified\vcRuntimeAdditional_x64.
[021C:0240][2022-08-07T17:35:57]i305: Verified acquired payload: vcRuntimeAdditional_x64 at path: C:\ProgramData\Package Cache\.unverified\vcRuntimeAdditional_x64, moving to: C:\ProgramData\Package Cache\{F20396E5-D84E-3505-A7A8-7358F0155F6C}v14.0.24212\packages\vcRuntimeAdditional_amd64\vc_runtimeAdditional_x64.msi.
[021C:0240][2022-08-07T17:35:57]i304: Verified existing payload: cab2C04DDC374BD96EB5C8EB8208F2C7C92 at path: C:\ProgramData\Package Cache\.unverified\cab2C04DDC374BD96EB5C8EB8208F2C7C92.
[021C:0240][2022-08-07T17:35:57]i305: Verified acquired payload: cab2C04DDC374BD96EB5C8EB8208F2C7C92 at path: C:\ProgramData\Package Cache\.unverified\cab2C04DDC374BD96EB5C8EB8208F2C7C92, moving to: C:\ProgramData\Package Cache\{F20396E5-D84E-3505-A7A8-7358F0155F6C}v14.0.24212\packages\vcRuntimeAdditional_amd64\cab1.cab.
[021C:0220][2022-08-07T17:35:57]i301: Applying execute package: vcRuntimeMinimum_x64, action: Install, path: C:\ProgramData\Package Cache\{FAAD7243-0141-3987-AA2F-E56B20F80E41}v14.0.24212\packages\vcRuntimeMinimum_amd64\vc_runtimeMinimum_x64.msi, arguments: ' MSIFASTINSTALL="7" NOVSUI="1"'
[0228:022C][2022-08-07T17:35:58]i319: Applied execute package: vcRuntimeMinimum_x64, result: 0x0, restart: None
[021C:0220][2022-08-07T17:35:58]i325: Registering dependency: {323dad84-0974-4d90-a1c1-e006c7fdbb7d} on package provider: Microsoft.VS.VC_RuntimeMinimumVSU_amd64,v14, package: vcRuntimeMinimum_x64
[021C:0220][2022-08-07T17:35:58]i301: Applying execute package: vcRuntimeAdditional_x64, action: Install, path: C:\ProgramData\Package Cache\{F20396E5-D84E-3505-A7A8-7358F0155F6C}v14.0.24212\packages\vcRuntimeAdditional_amd64\vc_runtimeAdditional_x64.msi, arguments: ' MSIFASTINSTALL="7" NOVSUI="1"'
[0228:022C][2022-08-07T17:35:58]i319: Applied execute package: vcRuntimeAdditional_x64, result: 0x0, restart: None
[021C:0220][2022-08-07T17:35:58]i325: Registering dependency: {323dad84-0974-4d90-a1c1-e006c7fdbb7d} on package provider: Microsoft.VS.VC_RuntimeAdditionalVSU_amd64,v14, package: vcRuntimeAdditional_x64
[021C:0220][2022-08-07T17:35:58]i372: Session end, registration key: SOFTWARE\Microsoft\Windows\CurrentVersion\Uninstall\{323dad84-0974-4d90-a1c1-e006c7fdbb7d}, resume: ARP, restart: None, disable resume: No
[021C:0220][2022-08-07T17:35:58]i371: Updating session, registration key: SOFTWARE\Microsoft\Windows\CurrentVersion\Uninstall\{323dad84-0974-4d90-a1c1-e006c7fdbb7d}, resume: ARP, restart initiated: No, disable resume: No
[0228:022C][2022-08-07T17:35:58]i399: Apply complete, result: 0x0, restart: None, ba requested restart:  No
[0228:022C][2022-08-07T17:35:58]i500: Shutting down, exit code: 0x0
[0228:022C][2022-08-07T17:35:58]i410: Variable: ServicePackLevel = 1
[0228:022C][2022-08-07T17:35:58]i410: Variable: SystemFolder = C:\windows\system32\
[0228:022C][2022-08-07T17:35:58]i410: Variable: VersionNT = 6.1.0.0
[0228:022C][2022-08-07T17:35:58]i410: Variable: VersionNT64 = 6.1.0.0
[0228:022C][2022-08-07T17:35:58]i410: Variable: windows_uCRT_DetectKey = 10.0.14393.2247
[0228:022C][2022-08-07T17:35:58]i410: Variable: windows_uCRT_DetectKeyExists = 1
[0228:022C][2022-08-07T17:35:58]i410: Variable: WixBundleAction = 5
[0228:022C][2022-08-07T17:35:58]i410: Variable: WixBundleCompressed = 1
[0228:022C][2022-08-07T17:35:58]i410: Variable: WixBundleElevated = 1
[0228:022C][2022-08-07T17:35:58]i410: Variable: WixBundleInstalled = 0
[0228:022C][2022-08-07T17:35:58]i410: Variable: WixBundleLog = C:\users\gcenx\Temp\dd_vcredist_amd64_20220807173556.log
[0228:022C][2022-08-07T17:35:58]i410: Variable: WixBundleLog_vcRuntimeAdditional_x64 = C:\users\gcenx\Temp\dd_vcredist_amd64_20220807173556_001_vcRuntimeAdditional_x64.log
[0228:022C][2022-08-07T17:35:58]i410: Variable: WixBundleLog_vcRuntimeMinimum_x64 = C:\users\gcenx\Temp\dd_vcredist_amd64_20220807173556_000_vcRuntimeMinimum_x64.log
[0228:022C][2022-08-07T17:35:58]i410: Variable: WixBundleManufacturer = Microsoft Corporation
[0228:022C][2022-08-07T17:35:58]i410: Variable: WixBundleName = Microsoft Visual C++ 2015 Redistributable (x64) - 14.0.24212
[0228:022C][2022-08-07T17:35:58]i410: Variable: WixBundleOriginalSource = C:\Program Files (x86)\Origin\vcredist_x64_vs2015.exe
[0228:022C][2022-08-07T17:35:58]i410: Variable: WixBundleOriginalSourceFolder = C:\Program Files (x86)\Origin\
[0228:022C][2022-08-07T17:35:58]i410: Variable: WixBundleProviderKey = {323dad84-0974-4d90-a1c1-e006c7fdbb7d}
[0228:022C][2022-08-07T17:35:58]i410: Variable: WixBundleRollbackLog_vcRuntimeAdditional_x64 = C:\users\gcenx\Temp\dd_vcredist_amd64_20220807173556_001_vcRuntimeAdditional_x64_rollback.log
[0228:022C][2022-08-07T17:35:58]i410: Variable: WixBundleRollbackLog_vcRuntimeMinimum_x64 = C:\users\gcenx\Temp\dd_vcredist_amd64_20220807173556_000_vcRuntimeMinimum_x64_rollback.log
[0228:022C][2022-08-07T17:35:58]i410: Variable: WixBundleTag = 
[0228:022C][2022-08-07T17:35:58]i410: Variable: WixBundleVersion = 14.0.24212.0
[0228:022C][2022-08-07T17:35:58]i007: Exit code: 0x0, restarting: No
