1: 0 2: 1033 3: 1252 
=== Logging started: 8/7/2022  5:36:00 ===
Message type: 0, Argument: 1033
Message type: 1, Argument: Microsoft Visual C++ 2015 x86 Minimum Runtime - 14.0.24212
Action 5:36:00: INSTALL. 
Action start 5:36:00: INSTALL.
1: 0 2: 1033 3: 1252 
1: 0 2: 1033 3: 1252 
=== Logging started: 8/7/2022  5:36:00 ===
Message type: 0, Argument: 1033
Message type: 1, Argument: Microsoft Visual C++ 2015 x86 Minimum Runtime - 14.0.24212
Action 5:36:00: INSTALL. 
Action start 5:36:00: INSTALL.
1: Microsoft Visual C++ 2015 x86 Minimum Runtime - 14.0.24212 2: {37B55901-995A-3650-80B1-BBFD047E2911} 
Action 5:36:00: FindRelatedProducts. Searching for related applications
Action start 5:36:00: FindRelatedProducts.
Action ended 5:36:00: FindRelatedProducts. Return value 1.
Action 5:36:00: LaunchConditions. Evaluating launch conditions
Action start 5:36:00: LaunchConditions.
Action ended 5:36:00: LaunchConditions. Return value 1.
Action 5:36:00: AppSearch. Searching for installed applications
Action start 5:36:00: AppSearch.
Property: REDISTFOUNDVERLANG, Signature: DetectRedistVerLangSignature
Property: REDISTFOUNDVER, Signature: DetectRedistVerSignature
Property: JSHFOUNDVER, Signature: DetectJSHVerSignature
Property: OCMFOUNDVER, Signature: DetectOCMRedistVerSignature
Property: OCMFOUNDVERLANG, Signature: DetectOCMRedistVerLangSignature
Action ended 5:36:00: AppSearch. Return value 1.
Action 5:36:00: ValidateProductID. 
Action start 5:36:00: ValidateProductID.
Action ended 5:36:00: ValidateProductID. Return value 1.
Action 5:36:00: CostInitialize. Computing space requirements
Action start 5:36:00: CostInitialize.
Action ended 5:36:00: CostInitialize. Return value 1.
Action 5:36:00: FileCost. Computing space requirements
Action start 5:36:00: FileCost.
Action ended 5:36:00: FileCost. Return value 1.
Action 5:36:00: CostFinalize. Computing space requirements
Action start 5:36:00: CostFinalize.
Action ended 5:36:00: CostFinalize. Return value 1.
Action 5:36:00: SetODBCFolders. Initializing ODBC directories
Action start 5:36:00: SetODBCFolders.
Action ended 5:36:00: SetODBCFolders. Return value 1.
Action 5:36:00: InstallValidate. Validating install
Action start 5:36:00: InstallValidate.
Action ended 5:36:00: InstallValidate. Return value 1.
Action 5:36:00: InstallInitialize. 
Action start 5:36:00: InstallInitialize.
Action ended 5:36:00: InstallInitialize. Return value 1.
Action 5:36:00: RemoveExistingProducts. Removing applications
Action start 5:36:00: RemoveExistingProducts.
Action ended 5:36:00: RemoveExistingProducts. Return value 1.
Action 5:36:00: AllocateRegistrySpace. Allocating registry space
Action start 5:36:00: AllocateRegistrySpace.
Free space: 0
Action ended 5:36:00: AllocateRegistrySpace. Return value 1.
Action 5:36:00: ProcessComponents. Updating component registration
Action start 5:36:00: ProcessComponents.
Action ended 5:36:00: ProcessComponents. Return value 1.
Action 5:36:00: UnpublishComponents. Unpublishing Qualified Components
Action start 5:36:00: UnpublishComponents.
Action ended 5:36:00: UnpublishComponents. Return value 1.
Action 5:36:00: MsiUnpublishAssemblies. Unpublishing assembly information
Action start 5:36:00: MsiUnpublishAssemblies.
Action ended 5:36:00: MsiUnpublishAssemblies. Return value 1.
Action 5:36:00: UnpublishFeatures. Unpublishing Product Features
Action start 5:36:00: UnpublishFeatures.
Action ended 5:36:00: UnpublishFeatures. Return value 1.
Action 5:36:00: StopServices. Stopping services
Action start 5:36:00: StopServices.
Action ended 5:36:00: StopServices. Return value 1.
Action 5:36:00: DeleteServices. Deleting services
Action start 5:36:00: DeleteServices.
Action ended 5:36:00: DeleteServices. Return value 1.
Action 5:36:00: UnregisterComPlus. Unregistering COM+ Applications and Components
Action start 5:36:00: UnregisterComPlus.
Action ended 5:36:00: UnregisterComPlus. Return value 1.
Action 5:36:00: SelfUnregModules. Unregistering modules
Action start 5:36:00: SelfUnregModules.
Action ended 5:36:00: SelfUnregModules. Return value 1.
Action 5:36:00: UnregisterTypeLibraries. Unregistering type libraries
Action start 5:36:00: UnregisterTypeLibraries.
Action ended 5:36:00: UnregisterTypeLibraries. Return value 1.
Action 5:36:00: RemoveODBC. Removing ODBC components
Action start 5:36:00: RemoveODBC.
Action ended 5:36:00: RemoveODBC. Return value 1.
Action 5:36:00: UnregisterFonts. Unregistering fonts
Action start 5:36:00: UnregisterFonts.
Action ended 5:36:00: UnregisterFonts. Return value 1.
Action 5:36:00: RemoveRegistryValues. Removing system registry values
Action start 5:36:00: RemoveRegistryValues.
Action ended 5:36:00: RemoveRegistryValues. Return value 1.
Action 5:36:00: UnregisterClassInfo. Unregister Class servers
Action start 5:36:00: UnregisterClassInfo.
Action ended 5:36:00: UnregisterClassInfo. Return value 1.
Action 5:36:00: UnregisterMIMEInfo. Unregistering MIME info
Action start 5:36:00: UnregisterMIMEInfo.
Action ended 5:36:00: UnregisterMIMEInfo. Return value 1.
Action 5:36:00: RemoveIniValues. Removing INI files entries
Action start 5:36:00: RemoveIniValues.
Action ended 5:36:00: RemoveIniValues. Return value 1.
Action 5:36:00: RemoveShortcuts. Removing shortcuts
Action start 5:36:00: RemoveShortcuts.
Action ended 5:36:00: RemoveShortcuts. Return value 1.
Action 5:36:00: RemoveEnvironmentStrings. Updating environment strings
Action start 5:36:00: RemoveEnvironmentStrings.
Action ended 5:36:00: RemoveEnvironmentStrings. Return value 1.
Action 5:36:00: RemoveDuplicateFiles. Removing duplicated files
Action start 5:36:00: RemoveDuplicateFiles.
Action ended 5:36:00: RemoveDuplicateFiles. Return value 1.
Action 5:36:00: RemoveFiles. Removing files
Action start 5:36:00: RemoveFiles.
Action ended 5:36:00: RemoveFiles. Return value 1.
Action 5:36:00: RemoveFolders. Removing folders
Action start 5:36:00: RemoveFolders.
Action ended 5:36:00: RemoveFolders. Return value 1.
Action 5:36:00: CreateFolders. Creating folders
Action start 5:36:00: CreateFolders.
Action ended 5:36:00: CreateFolders. Return value 1.
Action 5:36:00: MoveFiles. Moving files
Action start 5:36:00: MoveFiles.
Action ended 5:36:00: MoveFiles. Return value 1.
Action 5:36:00: InstallFiles. Copying new files
Action start 5:36:00: InstallFiles.
Action ended 5:36:00: InstallFiles. Return value 1.
Action 5:36:00: DuplicateFiles. Creating duplicate files
Action start 5:36:00: DuplicateFiles.
Action ended 5:36:00: DuplicateFiles. Return value 1.
Action 5:36:00: BindImage. Binding executables
Action start 5:36:00: BindImage.
Action ended 5:36:00: BindImage. Return value 1.
Action 5:36:00: RegisterClassInfo. Registering Class servers
Action start 5:36:00: RegisterClassInfo.
Action ended 5:36:00: RegisterClassInfo. Return value 1.
Action 5:36:00: RegisterMIMEInfo. Registering MIME info
Action start 5:36:00: RegisterMIMEInfo.
Action ended 5:36:00: RegisterMIMEInfo. Return value 1.
Action 5:36:00: RegisterTypeLibraries. Registering type libraries
Action start 5:36:00: RegisterTypeLibraries.
Action ended 5:36:00: RegisterTypeLibraries. Return value 1.
Action 5:36:00: WriteRegistryValues. Writing system registry values
Action start 5:36:00: WriteRegistryValues.
Action ended 5:36:00: WriteRegistryValues. Return value 1.
Action 5:36:00: WriteIniValues. Writing INI files values
Action start 5:36:00: WriteIniValues.
Action ended 5:36:00: WriteIniValues. Return value 1.
Action 5:36:00: WriteEnvironmentStrings. Updating environment strings
Action start 5:36:00: WriteEnvironmentStrings.
Action ended 5:36:00: WriteEnvironmentStrings. Return value 1.
Action 5:36:00: RegisterFonts. Registering fonts
Action start 5:36:00: RegisterFonts.
Action ended 5:36:00: RegisterFonts. Return value 1.
Action 5:36:00: InstallODBC. Installing ODBC components
Action start 5:36:00: InstallODBC.
Action ended 5:36:00: InstallODBC. Return value 1.
Action 5:36:00: SelfRegModules. Registering modules
Action start 5:36:00: SelfRegModules.
Action ended 5:36:00: SelfRegModules. Return value 1.
Action 5:36:00: RegisterComPlus. Registering COM+ Applications and Components
Action start 5:36:00: RegisterComPlus.
Action ended 5:36:00: RegisterComPlus. Return value 1.
Action 5:36:00: InstallServices. Installing new services
Action start 5:36:00: InstallServices.
Action ended 5:36:00: InstallServices. Return value 1.
Action 5:36:00: StartServices. Starting services
Action start 5:36:00: StartServices.
Action ended 5:36:00: StartServices. Return value 1.
Action 5:36:00: RegisterUser. Registering user
Action start 5:36:00: RegisterUser.
Action ended 5:36:00: RegisterUser. Return value 1.
Action 5:36:00: RegisterProduct. Registering product
Action start 5:36:00: RegisterProduct.
Action ended 5:36:00: RegisterProduct. Return value 1.
Action 5:36:00: PublishComponents. Publishing Qualified Components
Action start 5:36:00: PublishComponents.
Action ended 5:36:00: PublishComponents. Return value 1.
Action 5:36:00: MsiPublishAssemblies. Publishing assembly information
Action start 5:36:00: MsiPublishAssemblies.
Action ended 5:36:00: MsiPublishAssemblies. Return value 1.
Action 5:36:00: PublishFeatures. Publishing Product Features
Action start 5:36:00: PublishFeatures.
Action ended 5:36:00: PublishFeatures. Return value 1.
Action 5:36:00: PublishProduct. Publishing product information
Action start 5:36:00: PublishProduct.
Action ended 5:36:00: PublishProduct. Return value 1.
Action 5:36:00: CreateShortcuts. Creating shortcuts
Action start 5:36:00: CreateShortcuts.
Action ended 5:36:00: CreateShortcuts. Return value 1.
Action 5:36:00: InstallFinalize. 
Action start 5:36:00: InstallFinalize.
Action 5:36:00: ProcessComponents. Updating component registration
Action start 5:36:00: ProcessComponents.
1: {37B55901-995A-3650-80B1-BBFD047E2911} 2: {9C501CB1-E3C9-3DF3-9B8D-C55D81B59E6A} 3: 02:\SOFTWARE\Microsoft\VisualStudio\14.0\VC\Runtimes\x86\Version 
1: {37B55901-995A-3650-80B1-BBFD047E2911} 2: {42F41217-AF8B-33D4-9CB3-FF5F696BECBB} 3:  
1: {37B55901-995A-3650-80B1-BBFD047E2911} 2: {E8E39D3B-4F35-36D8-B892-4B28336FE041} 3: C:\windows\syswow64\vcruntime140.dll 
1: {37B55901-995A-3650-80B1-BBFD047E2911} 2: {A2AA960C-FD3C-3A6D-BD6F-14933011AFB3} 3: C:\windows\syswow64\msvcp140.dll 
1: {37B55901-995A-3650-80B1-BBFD047E2911} 2: {9FC931F8-9ED1-3263-A0F1-8ADE330D0ECE} 3: C:\windows\syswow64\concrt140.dll 
1: {37B55901-995A-3650-80B1-BBFD047E2911} 2: {0200CF79-B9A1-3BE4-955A-29FA9D4B1A5C} 3: C:\windows\syswow64\vccorlib140.dll 
1: {37B55901-995A-3650-80B1-BBFD047E2911} 2: {240E5802-BDC9-3681-9267-7CA35F29EEBF} 3: C:\windows\syswow64\vcamp140.dll 
1: {37B55901-995A-3650-80B1-BBFD047E2911} 2: {64DE6BFD-3D7C-36DF-9427-2DE6858F45CE} 3: C:\windows\syswow64\vcomp140.dll 
1: {37B55901-995A-3650-80B1-BBFD047E2911} 2: {C96DC6F1-894A-33E0-A8C1-3E9E7394FA28} 3: 02:\SOFTWARE\Microsoft\DevDiv\vc\Servicing\14.0\SP 
1: {37B55901-995A-3650-80B1-BBFD047E2911} 2: {7ACE84BA-4FF6-351B-AE91-E198DDB852EE} 3: 02:\SOFTWARE\Microsoft\DevDiv\vc\Servicing\14.0\RuntimeMinimum\Install 
1: {37B55901-995A-3650-80B1-BBFD047E2911} 2: {7F616D2F-B149-3802-BE4C-0F971B293B6C} 3: -1:\Software\Classes\Installer\Dependencies\Microsoft.VS.VC_RuntimeMinimumVSU_x86,v14\Version 
Action ended 5:36:01: ProcessComponents. Return value 1.
Action 5:36:01: UnpublishComponents. Unpublishing Qualified Components
Action start 5:36:01: UnpublishComponents.
Action ended 5:36:01: UnpublishComponents. Return value 1.
Action 5:36:01: MsiUnpublishAssemblies. Unpublishing assembly information
Action start 5:36:01: MsiUnpublishAssemblies.
Action ended 5:36:01: MsiUnpublishAssemblies. Return value 1.
Action 5:36:01: UnpublishFeatures. Unpublishing Product Features
Action start 5:36:01: UnpublishFeatures.
Action ended 5:36:01: UnpublishFeatures. Return value 1.
Action 5:36:01: StopServices. Stopping services
Action start 5:36:01: StopServices.
Action ended 5:36:01: StopServices. Return value 1.
Action 5:36:01: DeleteServices. Deleting services
Action start 5:36:01: DeleteServices.
Action ended 5:36:01: DeleteServices. Return value 1.
Action 5:36:01: SelfUnregModules. Unregistering modules
Action start 5:36:01: SelfUnregModules.
Action ended 5:36:01: SelfUnregModules. Return value 1.
Action 5:36:01: UnregisterTypeLibraries. Unregistering type libraries
Action start 5:36:01: UnregisterTypeLibraries.
Action ended 5:36:01: UnregisterTypeLibraries. Return value 1.
Action 5:36:01: RemoveODBC. Removing ODBC components
Action start 5:36:01: RemoveODBC.
Action ended 5:36:01: RemoveODBC. Return value 1.
Action 5:36:01: UnregisterFonts. Unregistering fonts
Action start 5:36:01: UnregisterFonts.
Action ended 5:36:01: UnregisterFonts. Return value 1.
Action 5:36:01: RemoveRegistryValues. Removing system registry values
Action start 5:36:01: RemoveRegistryValues.
Action ended 5:36:01: RemoveRegistryValues. Return value 1.
Action 5:36:01: UnregisterClassInfo. Unregister Class servers
Action start 5:36:01: UnregisterClassInfo.
Action ended 5:36:01: UnregisterClassInfo. Return value 1.
Action 5:36:01: UnregisterMIMEInfo. Unregistering MIME info
Action start 5:36:01: UnregisterMIMEInfo.
Action ended 5:36:01: UnregisterMIMEInfo. Return value 1.
Action 5:36:01: RemoveIniValues. Removing INI files entries
Action start 5:36:01: RemoveIniValues.
Action ended 5:36:01: RemoveIniValues. Return value 1.
Action 5:36:01: RemoveShortcuts. Removing shortcuts
Action start 5:36:01: RemoveShortcuts.
Action ended 5:36:01: RemoveShortcuts. Return value 1.
Action 5:36:01: RemoveEnvironmentStrings. Updating environment strings
Action start 5:36:01: RemoveEnvironmentStrings.
Action ended 5:36:01: RemoveEnvironmentStrings. Return value 1.
Action 5:36:01: RemoveDuplicateFiles. Removing duplicated files
Action start 5:36:01: RemoveDuplicateFiles.
Action ended 5:36:01: RemoveDuplicateFiles. Return value 1.
Action 5:36:01: RemoveFiles. Removing files
Action start 5:36:01: RemoveFiles.
File: api-ms-win-core-console-l1-1-0.dll, Directory: SystemFolder_x86_VC
File: api-ms-win-core-datetime-l1-1-0.dll, Directory: SystemFolder_x86_VC
File: api-ms-win-core-debug-l1-1-0.dll, Directory: SystemFolder_x86_VC
File: api-ms-win-core-errorhandling-l1-1-0.dll, Directory: SystemFolder_x86_VC
File: api-ms-win-core-file-l1-1-0.dll, Directory: SystemFolder_x86_VC
File: api-ms-win-core-file-l1-2-0.dll, Directory: SystemFolder_x86_VC
File: api-ms-win-core-file-l2-1-0.dll, Directory: SystemFolder_x86_VC
File: api-ms-win-core-handle-l1-1-0.dll, Directory: SystemFolder_x86_VC
File: api-ms-win-core-heap-l1-1-0.dll, Directory: SystemFolder_x86_VC
File: api-ms-win-core-interlocked-l1-1-0.dll, Directory: SystemFolder_x86_VC
File: api-ms-win-core-libraryloader-l1-1-0.dll, Directory: SystemFolder_x86_VC
File: api-ms-win-core-localization-l1-2-0.dll, Directory: SystemFolder_x86_VC
File: api-ms-win-core-memory-l1-1-0.dll, Directory: SystemFolder_x86_VC
File: api-ms-win-core-namedpipe-l1-1-0.dll, Directory: SystemFolder_x86_VC
File: api-ms-win-core-processenvironment-l1-1-0.dll, Directory: SystemFolder_x86_VC
File: api-ms-win-core-processthreads-l1-1-0.dll, Directory: SystemFolder_x86_VC
File: api-ms-win-core-processthreads-l1-1-1.dll, Directory: SystemFolder_x86_VC
File: api-ms-win-core-profile-l1-1-0.dll, Directory: SystemFolder_x86_VC
File: api-ms-win-core-rtlsupport-l1-1-0.dll, Directory: SystemFolder_x86_VC
File: api-ms-win-core-string-l1-1-0.dll, Directory: SystemFolder_x86_VC
File: api-ms-win-core-synch-l1-1-0.dll, Directory: SystemFolder_x86_VC
File: api-ms-win-core-synch-l1-2-0.dll, Directory: SystemFolder_x86_VC
File: api-ms-win-core-sysinfo-l1-1-0.dll, Directory: SystemFolder_x86_VC
File: api-ms-win-core-timezone-l1-1-0.dll, Directory: SystemFolder_x86_VC
File: api-ms-win-core-util-l1-1-0.dll, Directory: SystemFolder_x86_VC
File: api-ms-win-crt-conio-l1-1-0.dll, Directory: SystemFolder_x86_VC
File: api-ms-win-crt-convert-l1-1-0.dll, Directory: SystemFolder_x86_VC
File: api-ms-win-crt-environment-l1-1-0.dll, Directory: SystemFolder_x86_VC
File: api-ms-win-crt-filesystem-l1-1-0.dll, Directory: SystemFolder_x86_VC
File: api-ms-win-crt-heap-l1-1-0.dll, Directory: SystemFolder_x86_VC
File: api-ms-win-crt-locale-l1-1-0.dll, Directory: SystemFolder_x86_VC
File: api-ms-win-crt-math-l1-1-0.dll, Directory: SystemFolder_x86_VC
File: api-ms-win-crt-multibyte-l1-1-0.dll, Directory: SystemFolder_x86_VC
File: api-ms-win-crt-private-l1-1-0.dll, Directory: SystemFolder_x86_VC
File: api-ms-win-crt-process-l1-1-0.dll, Directory: SystemFolder_x86_VC
File: api-ms-win-crt-runtime-l1-1-0.dll, Directory: SystemFolder_x86_VC
File: api-ms-win-crt-stdio-l1-1-0.dll, Directory: SystemFolder_x86_VC
File: api-ms-win-crt-string-l1-1-0.dll, Directory: SystemFolder_x86_VC
File: api-ms-win-crt-time-l1-1-0.dll, Directory: SystemFolder_x86_VC
File: api-ms-win-crt-utility-l1-1-0.dll, Directory: SystemFolder_x86_VC
File: concrt140.dll, Directory: SystemFolder_x86_VC
File: msvcp140.dll, Directory: SystemFolder_x86_VC
File: ucrtbase.dll, Directory: SystemFolder_x86_VC
File: vcamp140.dll, Directory: SystemFolder_x86_VC
File: vccorlib140.dll, Directory: SystemFolder_x86_VC
File: vcomp140.dll, Directory: SystemFolder_x86_VC
File: vcruntime140.dll, Directory: SystemFolder_x86_VC
Action ended 5:36:01: RemoveFiles. Return value 1.
Action 5:36:01: RemoveFolders. Removing folders
Action start 5:36:01: RemoveFolders.
Action ended 5:36:01: RemoveFolders. Return value 1.
Action 5:36:01: CreateFolders. Creating folders
Action start 5:36:01: CreateFolders.
Action ended 5:36:01: CreateFolders. Return value 1.
Action 5:36:01: MoveFiles. Moving files
Action start 5:36:01: MoveFiles.
Action ended 5:36:01: MoveFiles. Return value 1.
Action 5:36:01: InstallFiles. Copying new files
Action start 5:36:01: InstallFiles.
File: api-ms-win-core-console-l1-1-0.dll,  Directory: SystemFolder_x86_VC,  Size: 19864
File: api-ms-win-core-datetime-l1-1-0.dll,  Directory: SystemFolder_x86_VC,  Size: 19360
File: api-ms-win-core-debug-l1-1-0.dll,  Directory: SystemFolder_x86_VC,  Size: 19352
File: api-ms-win-core-errorhandling-l1-1-0.dll,  Directory: SystemFolder_x86_VC,  Size: 19384
File: api-ms-win-core-file-l1-1-0.dll,  Directory: SystemFolder_x86_VC,  Size: 22928
File: api-ms-win-core-file-l1-2-0.dll,  Directory: SystemFolder_x86_VC,  Size: 19344
File: api-ms-win-core-file-l2-1-0.dll,  Directory: SystemFolder_x86_VC,  Size: 19344
File: api-ms-win-core-handle-l1-1-0.dll,  Directory: SystemFolder_x86_VC,  Size: 19352
File: api-ms-win-core-heap-l1-1-0.dll,  Directory: SystemFolder_x86_VC,  Size: 19856
File: api-ms-win-core-interlocked-l1-1-0.dll,  Directory: SystemFolder_x86_VC,  Size: 19888
File: api-ms-win-core-libraryloader-l1-1-0.dll,  Directory: SystemFolder_x86_VC,  Size: 19896
File: api-ms-win-core-localization-l1-2-0.dll,  Directory: SystemFolder_x86_VC,  Size: 21936
File: api-ms-win-core-memory-l1-1-0.dll,  Directory: SystemFolder_x86_VC,  Size: 19864
File: api-ms-win-core-namedpipe-l1-1-0.dll,  Directory: SystemFolder_x86_VC,  Size: 19368
File: api-ms-win-core-processenvironment-l1-1-0.dll,  Directory: SystemFolder_x86_VC,  Size: 20424
File: api-ms-win-core-processthreads-l1-1-0.dll,  Directory: SystemFolder_x86_VC,  Size: 21432
File: api-ms-win-core-processthreads-l1-1-1.dll,  Directory: SystemFolder_x86_VC,  Size: 19896
File: api-ms-win-core-profile-l1-1-0.dll,  Directory: SystemFolder_x86_VC,  Size: 18848
File: api-ms-win-core-rtlsupport-l1-1-0.dll,  Directory: SystemFolder_x86_VC,  Size: 18856
File: api-ms-win-core-string-l1-1-0.dll,  Directory: SystemFolder_x86_VC,  Size: 19352
File: api-ms-win-core-synch-l1-1-0.dll,  Directory: SystemFolder_x86_VC,  Size: 21400
File: api-ms-win-core-synch-l1-2-0.dll,  Directory: SystemFolder_x86_VC,  Size: 19864
File: api-ms-win-core-sysinfo-l1-1-0.dll,  Directory: SystemFolder_x86_VC,  Size: 20384
File: api-ms-win-core-timezone-l1-1-0.dll,  Directory: SystemFolder_x86_VC,  Size: 19360
File: api-ms-win-core-util-l1-1-0.dll,  Directory: SystemFolder_x86_VC,  Size: 19344
File: api-ms-win-crt-conio-l1-1-0.dll,  Directory: SystemFolder_x86_VC,  Size: 20368
File: api-ms-win-crt-convert-l1-1-0.dll,  Directory: SystemFolder_x86_VC,  Size: 23448
File: api-ms-win-crt-environment-l1-1-0.dll,  Directory: SystemFolder_x86_VC,  Size: 19880
File: api-ms-win-crt-filesystem-l1-1-0.dll,  Directory: SystemFolder_x86_VC,  Size: 21416
File: api-ms-win-crt-heap-l1-1-0.dll,  Directory: SystemFolder_x86_VC,  Size: 20368
File: api-ms-win-crt-locale-l1-1-0.dll,  Directory: SystemFolder_x86_VC,  Size: 19864
File: api-ms-win-crt-math-l1-1-0.dll,  Directory: SystemFolder_x86_VC,  Size: 30096
File: api-ms-win-crt-multibyte-l1-1-0.dll,  Directory: SystemFolder_x86_VC,  Size: 27552
File: api-ms-win-crt-private-l1-1-0.dll,  Directory: SystemFolder_x86_VC,  Size: 74136
File: api-ms-win-crt-process-l1-1-0.dll,  Directory: SystemFolder_x86_VC,  Size: 20376
File: api-ms-win-crt-runtime-l1-1-0.dll,  Directory: SystemFolder_x86_VC,  Size: 23960
File: api-ms-win-crt-stdio-l1-1-0.dll,  Directory: SystemFolder_x86_VC,  Size: 25488
File: api-ms-win-crt-string-l1-1-0.dll,  Directory: SystemFolder_x86_VC,  Size: 25496
File: api-ms-win-crt-time-l1-1-0.dll,  Directory: SystemFolder_x86_VC,  Size: 21896
File: api-ms-win-crt-utility-l1-1-0.dll,  Directory: SystemFolder_x86_VC,  Size: 19864
File: concrt140.dll,  Directory: SystemFolder_x86_VC,  Size: 244032
File: msvcp140.dll,  Directory: SystemFolder_x86_VC,  Size: 440128
File: ucrtbase.dll,  Directory: SystemFolder_x86_VC,  Size: 921920
File: vcamp140.dll,  Directory: SystemFolder_x86_VC,  Size: 400192
File: vccorlib140.dll,  Directory: SystemFolder_x86_VC,  Size: 267592
File: vcomp140.dll,  Directory: SystemFolder_x86_VC,  Size: 138560
File: vcruntime140.dll,  Directory: SystemFolder_x86_VC,  Size: 83792
Action ended 5:36:01: InstallFiles. Return value 1.
Action 5:36:01: DuplicateFiles. Creating duplicate files
Action start 5:36:01: DuplicateFiles.
Action ended 5:36:01: DuplicateFiles. Return value 1.
Action 5:36:01: RegisterClassInfo. Registering Class servers
Action start 5:36:01: RegisterClassInfo.
Action ended 5:36:01: RegisterClassInfo. Return value 1.
Action 5:36:01: RegisterMIMEInfo. Registering MIME info
Action start 5:36:01: RegisterMIMEInfo.
Action ended 5:36:01: RegisterMIMEInfo. Return value 1.
Action 5:36:01: RegisterTypeLibraries. Registering type libraries
Action start 5:36:01: RegisterTypeLibraries.
Action ended 5:36:01: RegisterTypeLibraries. Return value 1.
Action 5:36:01: WriteRegistryValues. Writing system registry values
Action start 5:36:01: WriteRegistryValues.
Key: HKEY_LOCAL_MACHINE\SOFTWARE\Microsoft\VisualStudio\14.0\VC\Runtimes\x86, Name: Version, Value: v14.0.24212.00
Key: HKEY_LOCAL_MACHINE\SOFTWARE\Microsoft\DevDiv\vc\Servicing\14.0, Name: SP, Value: 
Key: HKEY_LOCAL_MACHINE\SOFTWARE\Microsoft\DevDiv\vc\Servicing\14.0\RuntimeMinimum, Name: Install, Value: 
Key: HKEY_LOCAL_MACHINE\Software\Classes\Installer\Dependencies\Microsoft.VS.VC_RuntimeMinimumVSU_x86,v14, Name: Version, Value: 14.0.24212
Key: HKEY_LOCAL_MACHINE\SOFTWARE\Microsoft\VisualStudio\14.0\VC\Runtimes\x86, Name: Installed, Value: 
Key: HKEY_LOCAL_MACHINE\SOFTWARE\Microsoft\VisualStudio\14.0\VC\Runtimes\x86, Name: Major, Value: 
Key: HKEY_LOCAL_MACHINE\SOFTWARE\Microsoft\VisualStudio\14.0\VC\Runtimes\x86, Name: Minor, Value: 
Key: HKEY_LOCAL_MACHINE\SOFTWARE\Microsoft\VisualStudio\14.0\VC\Runtimes\x86, Name: Bld, Value: 
Key: HKEY_LOCAL_MACHINE\SOFTWARE\Microsoft\VisualStudio\14.0\VC\Runtimes\x86, Name: Rbld, Value: 
Key: HKEY_LOCAL_MACHINE\SOFTWARE\Microsoft\DevDiv\vc\Servicing\14.0, Name: SPIndex, Value: 
Key: HKEY_LOCAL_MACHINE\SOFTWARE\Microsoft\DevDiv\vc\Servicing\14.0\RuntimeMinimum, Name: InstallerType, Value: MSI
Key: HKEY_LOCAL_MACHINE\SOFTWARE\Microsoft\DevDiv\vc\Servicing\14.0\RuntimeMinimum, Name: SP, Value: 
Key: HKEY_LOCAL_MACHINE\SOFTWARE\Microsoft\DevDiv\vc\Servicing\14.0\RuntimeMinimum, Name: SPIndex, Value: 
Key: HKEY_LOCAL_MACHINE\SOFTWARE\Microsoft\DevDiv\vc\Servicing\14.0\RuntimeMinimum, Name: SPName, Value: RTM
Key: HKEY_LOCAL_MACHINE\SOFTWARE\Microsoft\DevDiv\vc\Servicing\14.0\RuntimeMinimum, Name: Version, Value: 14.0.24212
Key: HKEY_LOCAL_MACHINE\SOFTWARE\Microsoft\DevDiv\vc\Servicing\14.0\RuntimeMinimum, Name: UpdateVersion, Value: 14.0.24212
Key: HKEY_LOCAL_MACHINE\Software\Classes\Installer\Dependencies\Microsoft.VS.VC_RuntimeMinimumVSU_x86,v14, Name: , Value: {37B55901-995A-3650-80B1-BBFD047E2911}
Key: HKEY_LOCAL_MACHINE\Software\Classes\Installer\Dependencies\Microsoft.VS.VC_RuntimeMinimumVSU_x86,v14, Name: DisplayName, Value: Microsoft Visual C++ 2015 x86 Minimum Runtime - 14.0.24212
Action ended 5:36:01: WriteRegistryValues. Return value 1.
Action 5:36:01: WriteIniValues. Writing INI files values
Action start 5:36:01: WriteIniValues.
Action ended 5:36:01: WriteIniValues. Return value 1.
Action 5:36:01: WriteEnvironmentStrings. Updating environment strings
Action start 5:36:01: WriteEnvironmentStrings.
Action ended 5:36:01: WriteEnvironmentStrings. Return value 1.
Action 5:36:01: RegisterFonts. Registering fonts
Action start 5:36:01: RegisterFonts.
Action ended 5:36:01: RegisterFonts. Return value 1.
Action 5:36:01: InstallODBC. Installing ODBC components
Action start 5:36:01: InstallODBC.
Action ended 5:36:01: InstallODBC. Return value 1.
Action 5:36:01: SelfRegModules. Registering modules
Action start 5:36:01: SelfRegModules.
Action ended 5:36:01: SelfRegModules. Return value 1.
Action 5:36:01: InstallServices. Installing new services
Action start 5:36:01: InstallServices.
Action ended 5:36:01: InstallServices. Return value 1.
Action 5:36:01: StartServices. Starting services
Action start 5:36:01: StartServices.
Action ended 5:36:01: StartServices. Return value 1.
Action 5:36:01: RegisterUser. Registering user
Action start 5:36:01: RegisterUser.
1:  
Action ended 5:36:01: RegisterUser. Return value 1.
Action 5:36:01: RegisterProduct. Registering product
Action start 5:36:01: RegisterProduct.
1: {37B55901-995A-3650-80B1-BBFD047E2911} 
Action ended 5:36:01: RegisterProduct. Return value 1.
Action 5:36:01: PublishComponents. Publishing Qualified Components
Action start 5:36:01: PublishComponents.
Action ended 5:36:01: PublishComponents. Return value 1.
Action 5:36:01: MsiPublishAssemblies. Publishing assembly information
Action start 5:36:01: MsiPublishAssemblies.
Action ended 5:36:01: MsiPublishAssemblies. Return value 1.
Action 5:36:01: PublishFeatures. Publishing Product Features
Action start 5:36:01: PublishFeatures.
Feature: VC_Runtime_Minimum
Feature: Provider
Feature: Servicing_Key
Action ended 5:36:01: PublishFeatures. Return value 1.
Action 5:36:01: PublishProduct. Publishing product information
Action start 5:36:01: PublishProduct.
1: {37B55901-995A-3650-80B1-BBFD047E2911} 
Action ended 5:36:01: PublishProduct. Return value 1.
Action 5:36:01: CreateShortcuts. Creating shortcuts
Action start 5:36:01: CreateShortcuts.
Action ended 5:36:01: CreateShortcuts. Return value 1.
Action ended 5:36:01: InstallFinalize. Return value 1.
Action ended 5:36:01: INSTALL. Return value 1.
1: Microsoft Visual C++ 2015 x86 Minimum Runtime - 14.0.24212 2: {37B55901-995A-3650-80B1-BBFD047E2911} 3: 1 
Property(S): DiskPrompt = 
Property(S): UpgradeCode = {65E5BD06-6392-3027-8C26-853107D3CF1A}
Property(S): TARGETDIR = C:\
Property(S): SystemFolder_x86_VC = C:\windows\syswow64\
Property(S): SourceDir = C:\ProgramData\Package Cache\{37B55901-995A-3650-80B1-BBFD047E2911}v14.0.24212\packages\vcRuntimeMinimum_x86\
Property(S): SystemFolder = C:\windows\syswow64\
Property(S): VersionNT = 601
Property(S): ALLUSERS = 1
Property(S): ARPHELPLINK = http://go.microsoft.com/fwlink/?LinkId=133405
Property(S): ARPNOMODIFY = 1
Property(S): ARPURLUpdateInfo = http://go.microsoft.com/fwlink/?LinkId=133408
Property(S): ARPCOMMENTS = Caution. Removing this product might prevent some applications from running.
Property(S): comspec_cmd = %comspec%
Property(S): DDPatch = 0
Property(S): FeatureID = 1
Property(S): FILESINUSETEXT = The following applications should be closed before continuing the install:
Property(S): FXAssemblyVersion = 4.0.0.0
Property(S): FXAssemblyVersion35 = 3.5.0.0
Property(S): INSTALLLEVEL = 2
Property(S): LIMITUI = 1
Property(S): NullGUID = {00000000-0000-0000-0000-000000000000}
Property(S): PIDRegEntryName = ProductID
Property(S): PIDUserNameRegKey = SOFTWARE\Microsoft\VisualStudio\7.0\Registration
Property(S): PIDUserNameRegRoot = HKEY_LOCAL_MACHINE
Property(S): PrimaryDir = VS7.3643236F_FC70_11D3_A536_0090278A1BB8
Property(S): REBOOT = ReallySuppress
Property(S): REPAIR_REINSTALLMODE = pecmsu
Property(S): ReserveAdditionalCostVS7UI = 8388608
Property(S): RunCount = 49
Property(S): UpdateProp1 = 0
Property(S): UpdateProp2 = 0
Property(S): UpdateProp3 = 0
Property(S): UpdateProp4 = 0
Property(S): UpdateProp5 = 0
Property(S): UserNameRegEntryName = UserName
Property(S): ARPSYSTEMCOMPONENT = 1
Property(S): BuildType = ret
Property(S): URTVersion = v4.0.30319
Property(S): LocProductName = Microsoft Visual C++ 2015 x86 Runtime
Property(S): ProductCPU = x86
Property(S): ProductEdition = Runtime
Property(S): ProductFamily = VC
Property(S): ProductImage = net
Property(S): RTM_ProductVersion = 14.0.24212
Property(S): ProductVersionHigh = 720896
Property(S): ProductVersionLow = 1999110144
Property(S): MsiLogging = voicewarmup
Property(S): Manufacturer = Microsoft Corporation
Property(S): ProductCode = {37B55901-995A-3650-80B1-BBFD047E2911}
Property(S): ProductLanguage = 1033
Property(S): ProductName = Microsoft Visual C++ 2015 x86 Minimum Runtime - 14.0.24212
Property(S): ProductVersion = 14.0.24212
Property(S): DirectoryTable100_x86 = DirectoryTable
Property(S): SecureCustomProperties = IE501FOUND.3643236F_FC70_11D3_A536_0090278A1BB8;IGNOREDEPENDENCIES;INSTALLBLOCKFOUND.3643236F_FC70_11D3_A536_0090278A1BB8;JSHFOUNDVER;NEWERVCRUNTIMEVERSIONDETECTED;OCMFOUNDVER;OCMFOUNDVERLANG;REDISTFOUNDVER;REDISTFOUNDVERLANG;UNINSTALLBLOCKFOUND.3643236F_FC70_11D3_A536_0090278A1BB8;UPGRADEVCRUNTIME
Property(S): WixPdbPath = f:\ddSetup\SD\2\wix\outs\x86ret\enu\cooked\vc_RuntimeMinimum_net.wixpdb
Property(S): AdminUser = 1
Property(S): CommonAppDataFolder = C:\ProgramData\
Property(S): FavoritesFolder = C:\users\gcenx\Favorites\
Property(S): FontsFolder = C:\windows\Fonts\
Property(S): SendToFolder = C:\users\gcenx\SendTo\
Property(S): StartMenuFolder = C:\users\gcenx\Start Menu\
Property(S): StartupFolder = C:\users\gcenx\Start Menu\Programs\StartUp\
Property(S): TemplateFolder = C:\users\gcenx\Templates\
Property(S): DesktopFolder = C:\users\gcenx\Desktop\
Property(S): ProgramMenuFolder = C:\users\gcenx\Start Menu\Programs\
Property(S): AdminToolsFolder = C:\users\gcenx\Start Menu\Programs\Administrative Tools\
Property(S): AppDataFolder = C:\users\gcenx\Application Data\
Property(S): System16Folder = C:\windows\system32\
Property(S): LocalAppDataFolder = C:\users\gcenx\Local Settings\Application Data\
Property(S): MyPicturesFolder = C:\users\gcenx\My Pictures\
Property(S): PersonalFolder = C:\users\gcenx\My Documents\
Property(S): WindowsFolder = C:\windows\
Property(S): PrintHoodFolder = C:\users\gcenx\PrintHood\
Property(S): NetHoodFolder = C:\users\gcenx\NetHood\
Property(S): RecentFolder = C:\users\gcenx\Recent\
Property(S): PhysicalMemory = 12288
Property(S): WindowsVolume = C:\
Property(S): TempFolder = C:\users\gcenx\Temp\
Property(S): Privileged = 1
Property(S): MsiNTProductType = 1
Property(S): WindowsBuild = 7601
Property(S): ServicePackLevel = 1
Property(S): VersionMsi = 4.5
Property(S): VersionDatabase = 400
Property(S): Intel = 6
Property(S): MsiAMD64 = 6
Property(S): Msix64 = 6
Property(S): VersionNT64 = 601
Property(S): System64Folder = C:\windows\system32\
Property(S): ProgramFiles64Folder = C:\Program Files\
Property(S): ProgramFilesFolder = C:\Program Files (x86)\
Property(S): CommonFiles64Folder = C:\Program Files\Common Files\
Property(S): CommonFilesFolder = C:\Program Files (x86)\Common Files\
Property(S): ScreenX = 1440
Property(S): ScreenY = 900
Property(S): ColorBits = 32
Property(S): UserSID = S-1-5-21-0-0-0-1000
Property(S): UserLanguageID = 1033
Property(S): SystemLanguageID = 1033
Property(S): ProductState = -1
Property(S): LogonUser = gcenx
Property(S): ComputerName = DEANS-MAC-MINI
Property(S): UILevel = 2
Property(S): PackageCode = {ADBA463F-23EE-4E9C-8A6A-775550D77195}
Property(S): DATABASE = C:\windows\Installer\f78d.msi
Property(S): OriginalDatabase = C:\ProgramData\Package Cache\{37B55901-995A-3650-80B1-BBFD047E2911}v14.0.24212\packages\vcRuntimeMinimum_x86\vc_runtimeMinimum_x86.msi
Property(S): SOURCEDIR = C:\ProgramData\Package Cache\{37B55901-995A-3650-80B1-BBFD047E2911}v14.0.24212\packages\vcRuntimeMinimum_x86\
Property(S): MSIFASTINSTALL = 7
Property(S): NOVSUI = 1
Property(S): ACTION = INSTALL
Property(S): EXECUTEACTION = INSTALL
Property(S): CostingComplete = 1
Property(S): ROOTDRIVE = C:\
Property(S): OutOfDiskSpace = 0
Property(S): OutOfNoRbDiskSpace = 0
1: 2 2: 0 
1: 2 2: 1 
Action ended 5:36:01: INSTALL. Return value 1.
