1: 0 2: 1033 3: 1252 
=== Logging started: 8/7/2022  5:35:57 ===
Message type: 0, Argument: 1033
Message type: 1, Argument: Microsoft Visual C++ 2015 x64 Minimum Runtime - 14.0.24212
Action 5:35:57: INSTALL. 
Action start 5:35:57: INSTALL.
1: 0 2: 1033 3: 1252 
1: 0 2: 1033 3: 1252 
=== Logging started: 8/7/2022  5:35:57 ===
Message type: 0, Argument: 1033
Message type: 1, Argument: Microsoft Visual C++ 2015 x64 Minimum Runtime - 14.0.24212
Action 5:35:57: INSTALL. 
Action start 5:35:57: INSTALL.
1: Microsoft Visual C++ 2015 x64 Minimum Runtime - 14.0.24212 2: {FAAD7243-0141-3987-AA2F-E56B20F80E41} 
Action 5:35:57: FindRelatedProducts. Searching for related applications
Action start 5:35:57: FindRelatedProducts.
Action ended 5:35:57: FindRelatedProducts. Return value 1.
Action 5:35:57: LaunchConditions. Evaluating launch conditions
Action start 5:35:57: LaunchConditions.
Action ended 5:35:57: LaunchConditions. Return value 1.
Action 5:35:57: AppSearch. Searching for installed applications
Action start 5:35:57: AppSearch.
Property: REDISTFOUNDVERLANG, Signature: DetectRedistVerLangSignature
Property: REDISTFOUNDVER, Signature: DetectRedistVerSignature
Property: JSHFOUNDVER, Signature: DetectJSHVerSignature
Property: OCMFOUNDVER, Signature: DetectOCMRedistVerSignature
Property: OCMFOUNDVERLANG, Signature: DetectOCMRedistVerLangSignature
Action ended 5:35:57: AppSearch. Return value 1.
Action 5:35:57: ValidateProductID. 
Action start 5:35:57: ValidateProductID.
Action ended 5:35:57: ValidateProductID. Return value 1.
Action 5:35:57: CostInitialize. Computing space requirements
Action start 5:35:57: CostInitialize.
Action ended 5:35:58: CostInitialize. Return value 1.
Action 5:35:58: FileCost. Computing space requirements
Action start 5:35:58: FileCost.
Action ended 5:35:58: FileCost. Return value 1.
Action 5:35:58: CostFinalize. Computing space requirements
Action start 5:35:58: CostFinalize.
Action ended 5:35:58: CostFinalize. Return value 1.
Action 5:35:58: SetODBCFolders. Initializing ODBC directories
Action start 5:35:58: SetODBCFolders.
Action ended 5:35:58: SetODBCFolders. Return value 1.
Action 5:35:58: InstallValidate. Validating install
Action start 5:35:58: InstallValidate.
Action ended 5:35:58: InstallValidate. Return value 1.
Action 5:35:58: InstallInitialize. 
Action start 5:35:58: InstallInitialize.
Action ended 5:35:58: InstallInitialize. Return value 1.
Action 5:35:58: RemoveExistingProducts. Removing applications
Action start 5:35:58: RemoveExistingProducts.
Action ended 5:35:58: RemoveExistingProducts. Return value 1.
Action 5:35:58: AllocateRegistrySpace. Allocating registry space
Action start 5:35:58: AllocateRegistrySpace.
Free space: 0
Action ended 5:35:58: AllocateRegistrySpace. Return value 1.
Action 5:35:58: ProcessComponents. Updating component registration
Action start 5:35:58: ProcessComponents.
Action ended 5:35:58: ProcessComponents. Return value 1.
Action 5:35:58: UnpublishComponents. Unpublishing Qualified Components
Action start 5:35:58: UnpublishComponents.
Action ended 5:35:58: UnpublishComponents. Return value 1.
Action 5:35:58: MsiUnpublishAssemblies. Unpublishing assembly information
Action start 5:35:58: MsiUnpublishAssemblies.
Action ended 5:35:58: MsiUnpublishAssemblies. Return value 1.
Action 5:35:58: UnpublishFeatures. Unpublishing Product Features
Action start 5:35:58: UnpublishFeatures.
Action ended 5:35:58: UnpublishFeatures. Return value 1.
Action 5:35:58: StopServices. Stopping services
Action start 5:35:58: StopServices.
Action ended 5:35:58: StopServices. Return value 1.
Action 5:35:58: DeleteServices. Deleting services
Action start 5:35:58: DeleteServices.
Action ended 5:35:58: DeleteServices. Return value 1.
Action 5:35:58: UnregisterComPlus. Unregistering COM+ Applications and Components
Action start 5:35:58: UnregisterComPlus.
Action ended 5:35:58: UnregisterComPlus. Return value 1.
Action 5:35:58: SelfUnregModules. Unregistering modules
Action start 5:35:58: SelfUnregModules.
Action ended 5:35:58: SelfUnregModules. Return value 1.
Action 5:35:58: UnregisterTypeLibraries. Unregistering type libraries
Action start 5:35:58: UnregisterTypeLibraries.
Action ended 5:35:58: UnregisterTypeLibraries. Return value 1.
Action 5:35:58: RemoveODBC. Removing ODBC components
Action start 5:35:58: RemoveODBC.
Action ended 5:35:58: RemoveODBC. Return value 1.
Action 5:35:58: UnregisterFonts. Unregistering fonts
Action start 5:35:58: UnregisterFonts.
Action ended 5:35:58: UnregisterFonts. Return value 1.
Action 5:35:58: RemoveRegistryValues. Removing system registry values
Action start 5:35:58: RemoveRegistryValues.
Action ended 5:35:58: RemoveRegistryValues. Return value 1.
Action 5:35:58: UnregisterClassInfo. Unregister Class servers
Action start 5:35:58: UnregisterClassInfo.
Action ended 5:35:58: UnregisterClassInfo. Return value 1.
Action 5:35:58: UnregisterMIMEInfo. Unregistering MIME info
Action start 5:35:58: UnregisterMIMEInfo.
Action ended 5:35:58: UnregisterMIMEInfo. Return value 1.
Action 5:35:58: RemoveIniValues. Removing INI files entries
Action start 5:35:58: RemoveIniValues.
Action ended 5:35:58: RemoveIniValues. Return value 1.
Action 5:35:58: RemoveShortcuts. Removing shortcuts
Action start 5:35:58: RemoveShortcuts.
Action ended 5:35:58: RemoveShortcuts. Return value 1.
Action 5:35:58: RemoveEnvironmentStrings. Updating environment strings
Action start 5:35:58: RemoveEnvironmentStrings.
Action ended 5:35:58: RemoveEnvironmentStrings. Return value 1.
Action 5:35:58: RemoveDuplicateFiles. Removing duplicated files
Action start 5:35:58: RemoveDuplicateFiles.
Action ended 5:35:58: RemoveDuplicateFiles. Return value 1.
Action 5:35:58: RemoveFiles. Removing files
Action start 5:35:58: RemoveFiles.
Action ended 5:35:58: RemoveFiles. Return value 1.
Action 5:35:58: RemoveFolders. Removing folders
Action start 5:35:58: RemoveFolders.
Action ended 5:35:58: RemoveFolders. Return value 1.
Action 5:35:58: CreateFolders. Creating folders
Action start 5:35:58: CreateFolders.
Action ended 5:35:58: CreateFolders. Return value 1.
Action 5:35:58: MoveFiles. Moving files
Action start 5:35:58: MoveFiles.
Action ended 5:35:58: MoveFiles. Return value 1.
Action 5:35:58: InstallFiles. Copying new files
Action start 5:35:58: InstallFiles.
Action ended 5:35:58: InstallFiles. Return value 1.
Action 5:35:58: DuplicateFiles. Creating duplicate files
Action start 5:35:58: DuplicateFiles.
Action ended 5:35:58: DuplicateFiles. Return value 1.
Action 5:35:58: BindImage. Binding executables
Action start 5:35:58: BindImage.
Action ended 5:35:58: BindImage. Return value 1.
Action 5:35:58: RegisterClassInfo. Registering Class servers
Action start 5:35:58: RegisterClassInfo.
Action ended 5:35:58: RegisterClassInfo. Return value 1.
Action 5:35:58: RegisterMIMEInfo. Registering MIME info
Action start 5:35:58: RegisterMIMEInfo.
Action ended 5:35:58: RegisterMIMEInfo. Return value 1.
Action 5:35:58: RegisterTypeLibraries. Registering type libraries
Action start 5:35:58: RegisterTypeLibraries.
Action ended 5:35:58: RegisterTypeLibraries. Return value 1.
Action 5:35:58: WriteRegistryValues. Writing system registry values
Action start 5:35:58: WriteRegistryValues.
Action ended 5:35:58: WriteRegistryValues. Return value 1.
Action 5:35:58: WriteIniValues. Writing INI files values
Action start 5:35:58: WriteIniValues.
Action ended 5:35:58: WriteIniValues. Return value 1.
Action 5:35:58: WriteEnvironmentStrings. Updating environment strings
Action start 5:35:58: WriteEnvironmentStrings.
Action ended 5:35:58: WriteEnvironmentStrings. Return value 1.
Action 5:35:58: RegisterFonts. Registering fonts
Action start 5:35:58: RegisterFonts.
Action ended 5:35:58: RegisterFonts. Return value 1.
Action 5:35:58: InstallODBC. Installing ODBC components
Action start 5:35:58: InstallODBC.
Action ended 5:35:58: InstallODBC. Return value 1.
Action 5:35:58: SelfRegModules. Registering modules
Action start 5:35:58: SelfRegModules.
Action ended 5:35:58: SelfRegModules. Return value 1.
Action 5:35:58: RegisterComPlus. Registering COM+ Applications and Components
Action start 5:35:58: RegisterComPlus.
Action ended 5:35:58: RegisterComPlus. Return value 1.
Action 5:35:58: InstallServices. Installing new services
Action start 5:35:58: InstallServices.
Action ended 5:35:58: InstallServices. Return value 1.
Action 5:35:58: StartServices. Starting services
Action start 5:35:58: StartServices.
Action ended 5:35:58: StartServices. Return value 1.
Action 5:35:58: RegisterUser. Registering user
Action start 5:35:58: RegisterUser.
Action ended 5:35:58: RegisterUser. Return value 1.
Action 5:35:58: RegisterProduct. Registering product
Action start 5:35:58: RegisterProduct.
Action ended 5:35:58: RegisterProduct. Return value 1.
Action 5:35:58: PublishComponents. Publishing Qualified Components
Action start 5:35:58: PublishComponents.
Action ended 5:35:58: PublishComponents. Return value 1.
Action 5:35:58: MsiPublishAssemblies. Publishing assembly information
Action start 5:35:58: MsiPublishAssemblies.
Action ended 5:35:58: MsiPublishAssemblies. Return value 1.
Action 5:35:58: PublishFeatures. Publishing Product Features
Action start 5:35:58: PublishFeatures.
Action ended 5:35:58: PublishFeatures. Return value 1.
Action 5:35:58: PublishProduct. Publishing product information
Action start 5:35:58: PublishProduct.
Action ended 5:35:58: PublishProduct. Return value 1.
Action 5:35:58: CreateShortcuts. Creating shortcuts
Action start 5:35:58: CreateShortcuts.
Action ended 5:35:58: CreateShortcuts. Return value 1.
Action 5:35:58: InstallFinalize. 
Action start 5:35:58: InstallFinalize.
Action 5:35:58: ProcessComponents. Updating component registration
Action start 5:35:58: ProcessComponents.
1: {FAAD7243-0141-3987-AA2F-E56B20F80E41} 2: {4609DEE2-65F1-3235-8765-C98E56CD154E} 3: 02:\SOFTWARE\Microsoft\VisualStudio\14.0\VC\Runtimes\x64\Version 
1: {FAAD7243-0141-3987-AA2F-E56B20F80E41} 2: {E15966DB-54F3-35FA-9A2F-D76F9E8D7752} 3: 02:\SOFTWARE\Microsoft\VisualStudio\14.0\VC\Runtimes\x64\Version 
1: {FAAD7243-0141-3987-AA2F-E56B20F80E41} 2: {03C1EACE-7E47-3142-A7E7-F36508D02BD1} 3:  
1: {FAAD7243-0141-3987-AA2F-E56B20F80E41} 2: {B33258FD-750C-3B42-8BE4-535B48E97DB4} 3: C:\windows\system32\vcruntime140.dll 
1: {FAAD7243-0141-3987-AA2F-E56B20F80E41} 2: {22824972-0C4A-31B4-AEEF-9FC7596F1305} 3: C:\windows\system32\msvcp140.dll 
1: {FAAD7243-0141-3987-AA2F-E56B20F80E41} 2: {35B5C1D2-EB5B-3569-83EB-78E34F5C3254} 3: C:\windows\system32\concrt140.dll 
1: {FAAD7243-0141-3987-AA2F-E56B20F80E41} 2: {D227D7DF-D9F8-33AF-B935-4BF2F47F2EA4} 3: C:\windows\system32\vccorlib140.dll 
1: {FAAD7243-0141-3987-AA2F-E56B20F80E41} 2: {7050289E-BECF-32C7-89DC-08C4480E482B} 3: C:\windows\system32\vcamp140.dll 
1: {FAAD7243-0141-3987-AA2F-E56B20F80E41} 2: {F5E98D96-3C7F-37D7-821F-E4BB03D4384B} 3: C:\windows\system32\vcomp140.dll 
1: {FAAD7243-0141-3987-AA2F-E56B20F80E41} 2: {EA0D3A76-AE46-3F46-B94D-309D5097A125} 3: 02:\SOFTWARE\Microsoft\DevDiv\vc\Servicing\14.0\SP 
1: {FAAD7243-0141-3987-AA2F-E56B20F80E41} 2: {38F26AF8-73D2-34A5-9BB3-83CE1900A2AE} 3: 02:\SOFTWARE\Microsoft\DevDiv\vc\Servicing\14.0\RuntimeMinimum\Install 
1: {FAAD7243-0141-3987-AA2F-E56B20F80E41} 2: {04D1E303-8E0F-36D1-BC1F-E27EE209198A} 3: 02:\SOFTWARE\Microsoft\DevDiv\vc\Servicing\14.0\SP 
1: {FAAD7243-0141-3987-AA2F-E56B20F80E41} 2: {F53F2531-272C-39F4-9C5B-312B318B91E5} 3: 02:\SOFTWARE\Microsoft\DevDiv\vc\Servicing\14.0\RuntimeMinimum\Install 
1: {FAAD7243-0141-3987-AA2F-E56B20F80E41} 2: {31FF3687-EC05-3A6B-A8CE-ADD81BF1506E} 3: -1:\Software\Classes\Installer\Dependencies\Microsoft.VS.VC_RuntimeMinimumVSU_amd64,v14\Version 
Action ended 5:35:58: ProcessComponents. Return value 1.
Action 5:35:58: UnpublishComponents. Unpublishing Qualified Components
Action start 5:35:58: UnpublishComponents.
Action ended 5:35:58: UnpublishComponents. Return value 1.
Action 5:35:58: MsiUnpublishAssemblies. Unpublishing assembly information
Action start 5:35:58: MsiUnpublishAssemblies.
Action ended 5:35:58: MsiUnpublishAssemblies. Return value 1.
Action 5:35:58: UnpublishFeatures. Unpublishing Product Features
Action start 5:35:58: UnpublishFeatures.
Action ended 5:35:58: UnpublishFeatures. Return value 1.
Action 5:35:58: StopServices. Stopping services
Action start 5:35:58: StopServices.
Action ended 5:35:58: StopServices. Return value 1.
Action 5:35:58: DeleteServices. Deleting services
Action start 5:35:58: DeleteServices.
Action ended 5:35:58: DeleteServices. Return value 1.
Action 5:35:58: SelfUnregModules. Unregistering modules
Action start 5:35:58: SelfUnregModules.
Action ended 5:35:58: SelfUnregModules. Return value 1.
Action 5:35:58: UnregisterTypeLibraries. Unregistering type libraries
Action start 5:35:58: UnregisterTypeLibraries.
Action ended 5:35:58: UnregisterTypeLibraries. Return value 1.
Action 5:35:58: RemoveODBC. Removing ODBC components
Action start 5:35:58: RemoveODBC.
Action ended 5:35:58: RemoveODBC. Return value 1.
Action 5:35:58: UnregisterFonts. Unregistering fonts
Action start 5:35:58: UnregisterFonts.
Action ended 5:35:58: UnregisterFonts. Return value 1.
Action 5:35:58: RemoveRegistryValues. Removing system registry values
Action start 5:35:58: RemoveRegistryValues.
Action ended 5:35:58: RemoveRegistryValues. Return value 1.
Action 5:35:58: UnregisterClassInfo. Unregister Class servers
Action start 5:35:58: UnregisterClassInfo.
Action ended 5:35:58: UnregisterClassInfo. Return value 1.
Action 5:35:58: UnregisterMIMEInfo. Unregistering MIME info
Action start 5:35:58: UnregisterMIMEInfo.
Action ended 5:35:58: UnregisterMIMEInfo. Return value 1.
Action 5:35:58: RemoveIniValues. Removing INI files entries
Action start 5:35:58: RemoveIniValues.
Action ended 5:35:58: RemoveIniValues. Return value 1.
Action 5:35:58: RemoveShortcuts. Removing shortcuts
Action start 5:35:58: RemoveShortcuts.
Action ended 5:35:58: RemoveShortcuts. Return value 1.
Action 5:35:58: RemoveEnvironmentStrings. Updating environment strings
Action start 5:35:58: RemoveEnvironmentStrings.
Action ended 5:35:58: RemoveEnvironmentStrings. Return value 1.
Action 5:35:58: RemoveDuplicateFiles. Removing duplicated files
Action start 5:35:58: RemoveDuplicateFiles.
Action ended 5:35:58: RemoveDuplicateFiles. Return value 1.
Action 5:35:58: RemoveFiles. Removing files
Action start 5:35:58: RemoveFiles.
File: api-ms-win-core-console-l1-1-0.dll, Directory: System64Folder_amd64_VC
File: api-ms-win-core-datetime-l1-1-0.dll, Directory: System64Folder_amd64_VC
File: api-ms-win-core-debug-l1-1-0.dll, Directory: System64Folder_amd64_VC
File: api-ms-win-core-errorhandling-l1-1-0.dll, Directory: System64Folder_amd64_VC
File: api-ms-win-core-file-l1-1-0.dll, Directory: System64Folder_amd64_VC
File: api-ms-win-core-file-l1-2-0.dll, Directory: System64Folder_amd64_VC
File: api-ms-win-core-file-l2-1-0.dll, Directory: System64Folder_amd64_VC
File: api-ms-win-core-handle-l1-1-0.dll, Directory: System64Folder_amd64_VC
File: api-ms-win-core-heap-l1-1-0.dll, Directory: System64Folder_amd64_VC
File: api-ms-win-core-interlocked-l1-1-0.dll, Directory: System64Folder_amd64_VC
File: api-ms-win-core-libraryloader-l1-1-0.dll, Directory: System64Folder_amd64_VC
File: api-ms-win-core-localization-l1-2-0.dll, Directory: System64Folder_amd64_VC
File: api-ms-win-core-memory-l1-1-0.dll, Directory: System64Folder_amd64_VC
File: api-ms-win-core-namedpipe-l1-1-0.dll, Directory: System64Folder_amd64_VC
File: api-ms-win-core-processenvironment-l1-1-0.dll, Directory: System64Folder_amd64_VC
File: api-ms-win-core-processthreads-l1-1-0.dll, Directory: System64Folder_amd64_VC
File: api-ms-win-core-processthreads-l1-1-1.dll, Directory: System64Folder_amd64_VC
File: api-ms-win-core-profile-l1-1-0.dll, Directory: System64Folder_amd64_VC
File: api-ms-win-core-rtlsupport-l1-1-0.dll, Directory: System64Folder_amd64_VC
File: api-ms-win-core-string-l1-1-0.dll, Directory: System64Folder_amd64_VC
File: api-ms-win-core-synch-l1-1-0.dll, Directory: System64Folder_amd64_VC
File: api-ms-win-core-synch-l1-2-0.dll, Directory: System64Folder_amd64_VC
File: api-ms-win-core-sysinfo-l1-1-0.dll, Directory: System64Folder_amd64_VC
File: api-ms-win-core-timezone-l1-1-0.dll, Directory: System64Folder_amd64_VC
File: api-ms-win-core-util-l1-1-0.dll, Directory: System64Folder_amd64_VC
File: api-ms-win-crt-conio-l1-1-0.dll, Directory: System64Folder_amd64_VC
File: api-ms-win-crt-convert-l1-1-0.dll, Directory: System64Folder_amd64_VC
File: api-ms-win-crt-environment-l1-1-0.dll, Directory: System64Folder_amd64_VC
File: api-ms-win-crt-filesystem-l1-1-0.dll, Directory: System64Folder_amd64_VC
File: api-ms-win-crt-heap-l1-1-0.dll, Directory: System64Folder_amd64_VC
File: api-ms-win-crt-locale-l1-1-0.dll, Directory: System64Folder_amd64_VC
File: api-ms-win-crt-math-l1-1-0.dll, Directory: System64Folder_amd64_VC
File: api-ms-win-crt-multibyte-l1-1-0.dll, Directory: System64Folder_amd64_VC
File: api-ms-win-crt-private-l1-1-0.dll, Directory: System64Folder_amd64_VC
File: api-ms-win-crt-process-l1-1-0.dll, Directory: System64Folder_amd64_VC
File: api-ms-win-crt-runtime-l1-1-0.dll, Directory: System64Folder_amd64_VC
File: api-ms-win-crt-stdio-l1-1-0.dll, Directory: System64Folder_amd64_VC
File: api-ms-win-crt-string-l1-1-0.dll, Directory: System64Folder_amd64_VC
File: api-ms-win-crt-time-l1-1-0.dll, Directory: System64Folder_amd64_VC
File: api-ms-win-crt-utility-l1-1-0.dll, Directory: System64Folder_amd64_VC
File: concrt140.dll, Directory: System64Folder_amd64_VC
File: msvcp140.dll, Directory: System64Folder_amd64_VC
File: ucrtbase.dll, Directory: System64Folder_amd64_VC
File: vcamp140.dll, Directory: System64Folder_amd64_VC
File: vccorlib140.dll, Directory: System64Folder_amd64_VC
File: vcomp140.dll, Directory: System64Folder_amd64_VC
File: vcruntime140.dll, Directory: System64Folder_amd64_VC
Action ended 5:35:58: RemoveFiles. Return value 1.
Action 5:35:58: RemoveFolders. Removing folders
Action start 5:35:58: RemoveFolders.
Action ended 5:35:58: RemoveFolders. Return value 1.
Action 5:35:58: CreateFolders. Creating folders
Action start 5:35:58: CreateFolders.
Action ended 5:35:58: CreateFolders. Return value 1.
Action 5:35:58: MoveFiles. Moving files
Action start 5:35:58: MoveFiles.
Action ended 5:35:58: MoveFiles. Return value 1.
Action 5:35:58: InstallFiles. Copying new files
Action start 5:35:58: InstallFiles.
File: api-ms-win-core-console-l1-1-0.dll,  Directory: System64Folder_amd64_VC,  Size: 19872
File: api-ms-win-core-datetime-l1-1-0.dll,  Directory: System64Folder_amd64_VC,  Size: 19360
File: api-ms-win-core-debug-l1-1-0.dll,  Directory: System64Folder_amd64_VC,  Size: 19352
File: api-ms-win-core-errorhandling-l1-1-0.dll,  Directory: System64Folder_amd64_VC,  Size: 19384
File: api-ms-win-core-file-l1-1-0.dll,  Directory: System64Folder_amd64_VC,  Size: 22920
File: api-ms-win-core-file-l1-2-0.dll,  Directory: System64Folder_amd64_VC,  Size: 19344
File: api-ms-win-core-file-l2-1-0.dll,  Directory: System64Folder_amd64_VC,  Size: 19344
File: api-ms-win-core-handle-l1-1-0.dll,  Directory: System64Folder_amd64_VC,  Size: 19352
File: api-ms-win-core-heap-l1-1-0.dll,  Directory: System64Folder_amd64_VC,  Size: 19856
File: api-ms-win-core-interlocked-l1-1-0.dll,  Directory: System64Folder_amd64_VC,  Size: 19376
File: api-ms-win-core-libraryloader-l1-1-0.dll,  Directory: System64Folder_amd64_VC,  Size: 19888
File: api-ms-win-core-localization-l1-2-0.dll,  Directory: System64Folder_amd64_VC,  Size: 21936
File: api-ms-win-core-memory-l1-1-0.dll,  Directory: System64Folder_amd64_VC,  Size: 19864
File: api-ms-win-core-namedpipe-l1-1-0.dll,  Directory: System64Folder_amd64_VC,  Size: 19360
File: api-ms-win-core-processenvironment-l1-1-0.dll,  Directory: System64Folder_amd64_VC,  Size: 20424
File: api-ms-win-core-processthreads-l1-1-0.dll,  Directory: System64Folder_amd64_VC,  Size: 21432
File: api-ms-win-core-processthreads-l1-1-1.dll,  Directory: System64Folder_amd64_VC,  Size: 19896
File: api-ms-win-core-profile-l1-1-0.dll,  Directory: System64Folder_amd64_VC,  Size: 18848
File: api-ms-win-core-rtlsupport-l1-1-0.dll,  Directory: System64Folder_amd64_VC,  Size: 19880
File: api-ms-win-core-string-l1-1-0.dll,  Directory: System64Folder_amd64_VC,  Size: 19352
File: api-ms-win-core-synch-l1-1-0.dll,  Directory: System64Folder_amd64_VC,  Size: 21400
File: api-ms-win-core-synch-l1-2-0.dll,  Directory: System64Folder_amd64_VC,  Size: 19864
File: api-ms-win-core-sysinfo-l1-1-0.dll,  Directory: System64Folder_amd64_VC,  Size: 20384
File: api-ms-win-core-timezone-l1-1-0.dll,  Directory: System64Folder_amd64_VC,  Size: 19360
File: api-ms-win-core-util-l1-1-0.dll,  Directory: System64Folder_amd64_VC,  Size: 19344
File: api-ms-win-crt-conio-l1-1-0.dll,  Directory: System64Folder_amd64_VC,  Size: 20368
File: api-ms-win-crt-convert-l1-1-0.dll,  Directory: System64Folder_amd64_VC,  Size: 23448
File: api-ms-win-crt-environment-l1-1-0.dll,  Directory: System64Folder_amd64_VC,  Size: 19880
File: api-ms-win-crt-filesystem-l1-1-0.dll,  Directory: System64Folder_amd64_VC,  Size: 21416
File: api-ms-win-crt-heap-l1-1-0.dll,  Directory: System64Folder_amd64_VC,  Size: 20360
File: api-ms-win-crt-locale-l1-1-0.dll,  Directory: System64Folder_amd64_VC,  Size: 19864
File: api-ms-win-crt-math-l1-1-0.dll,  Directory: System64Folder_amd64_VC,  Size: 28560
File: api-ms-win-crt-multibyte-l1-1-0.dll,  Directory: System64Folder_amd64_VC,  Size: 27552
File: api-ms-win-crt-private-l1-1-0.dll,  Directory: System64Folder_amd64_VC,  Size: 71576
File: api-ms-win-crt-process-l1-1-0.dll,  Directory: System64Folder_amd64_VC,  Size: 20376
File: api-ms-win-crt-runtime-l1-1-0.dll,  Directory: System64Folder_amd64_VC,  Size: 23960
File: api-ms-win-crt-stdio-l1-1-0.dll,  Directory: System64Folder_amd64_VC,  Size: 25488
File: api-ms-win-crt-string-l1-1-0.dll,  Directory: System64Folder_amd64_VC,  Size: 25488
File: api-ms-win-crt-time-l1-1-0.dll,  Directory: System64Folder_amd64_VC,  Size: 21896
File: api-ms-win-crt-utility-l1-1-0.dll,  Directory: System64Folder_amd64_VC,  Size: 19864
File: concrt140.dll,  Directory: System64Folder_amd64_VC,  Size: 333632
File: msvcp140.dll,  Directory: System64Folder_amd64_VC,  Size: 633152
File: ucrtbase.dll,  Directory: System64Folder_amd64_VC,  Size: 993600
File: vcamp140.dll,  Directory: System64Folder_amd64_VC,  Size: 545088
File: vccorlib140.dll,  Directory: System64Folder_amd64_VC,  Size: 395592
File: vcomp140.dll,  Directory: System64Folder_amd64_VC,  Size: 185152
File: vcruntime140.dll,  Directory: System64Folder_amd64_VC,  Size: 87888
Action ended 5:35:58: InstallFiles. Return value 1.
Action 5:35:58: DuplicateFiles. Creating duplicate files
Action start 5:35:58: DuplicateFiles.
Action ended 5:35:58: DuplicateFiles. Return value 1.
Action 5:35:58: RegisterClassInfo. Registering Class servers
Action start 5:35:58: RegisterClassInfo.
Action ended 5:35:58: RegisterClassInfo. Return value 1.
Action 5:35:58: RegisterMIMEInfo. Registering MIME info
Action start 5:35:58: RegisterMIMEInfo.
Action ended 5:35:58: RegisterMIMEInfo. Return value 1.
Action 5:35:58: RegisterTypeLibraries. Registering type libraries
Action start 5:35:58: RegisterTypeLibraries.
Action ended 5:35:58: RegisterTypeLibraries. Return value 1.
Action 5:35:58: WriteRegistryValues. Writing system registry values
Action start 5:35:58: WriteRegistryValues.
Key: HKEY_LOCAL_MACHINE\SOFTWARE\Microsoft\VisualStudio\14.0\VC\Runtimes\x64, Name: Version, Value: v14.0.24212.00
Key: HKEY_LOCAL_MACHINE\SOFTWARE\Microsoft\VisualStudio\14.0\VC\Runtimes\x64, Name: Version, Value: v14.0.24212.00
Key: HKEY_LOCAL_MACHINE\SOFTWARE\Microsoft\DevDiv\vc\Servicing\14.0, Name: SP, Value: 
Key: HKEY_LOCAL_MACHINE\SOFTWARE\Microsoft\DevDiv\vc\Servicing\14.0\RuntimeMinimum, Name: Install, Value: 
Key: HKEY_LOCAL_MACHINE\SOFTWARE\Microsoft\DevDiv\vc\Servicing\14.0, Name: SP, Value: 
Key: HKEY_LOCAL_MACHINE\SOFTWARE\Microsoft\DevDiv\vc\Servicing\14.0\RuntimeMinimum, Name: Install, Value: 
Key: HKEY_LOCAL_MACHINE\Software\Classes\Installer\Dependencies\Microsoft.VS.VC_RuntimeMinimumVSU_amd64,v14, Name: Version, Value: 14.0.24212
Key: HKEY_LOCAL_MACHINE\SOFTWARE\Microsoft\VisualStudio\14.0\VC\Runtimes\x64, Name: Installed, Value: 
Key: HKEY_LOCAL_MACHINE\SOFTWARE\Microsoft\VisualStudio\14.0\VC\Runtimes\x64, Name: Major, Value: 
Key: HKEY_LOCAL_MACHINE\SOFTWARE\Microsoft\VisualStudio\14.0\VC\Runtimes\x64, Name: Minor, Value: 
Key: HKEY_LOCAL_MACHINE\SOFTWARE\Microsoft\VisualStudio\14.0\VC\Runtimes\x64, Name: Bld, Value: 
Key: HKEY_LOCAL_MACHINE\SOFTWARE\Microsoft\VisualStudio\14.0\VC\Runtimes\x64, Name: Rbld, Value: 
Key: HKEY_LOCAL_MACHINE\SOFTWARE\Microsoft\VisualStudio\14.0\VC\Runtimes\x64, Name: Installed, Value: 
Key: HKEY_LOCAL_MACHINE\SOFTWARE\Microsoft\VisualStudio\14.0\VC\Runtimes\x64, Name: Major, Value: 
Key: HKEY_LOCAL_MACHINE\SOFTWARE\Microsoft\VisualStudio\14.0\VC\Runtimes\x64, Name: Minor, Value: 
Key: HKEY_LOCAL_MACHINE\SOFTWARE\Microsoft\VisualStudio\14.0\VC\Runtimes\x64, Name: Bld, Value: 
Key: HKEY_LOCAL_MACHINE\SOFTWARE\Microsoft\VisualStudio\14.0\VC\Runtimes\x64, Name: Rbld, Value: 
Key: HKEY_LOCAL_MACHINE\SOFTWARE\Microsoft\DevDiv\vc\Servicing\14.0, Name: SPIndex, Value: 
Key: HKEY_LOCAL_MACHINE\SOFTWARE\Microsoft\DevDiv\vc\Servicing\14.0\RuntimeMinimum, Name: InstallerType, Value: MSI
Key: HKEY_LOCAL_MACHINE\SOFTWARE\Microsoft\DevDiv\vc\Servicing\14.0\RuntimeMinimum, Name: SP, Value: 
Key: HKEY_LOCAL_MACHINE\SOFTWARE\Microsoft\DevDiv\vc\Servicing\14.0\RuntimeMinimum, Name: SPIndex, Value: 
Key: HKEY_LOCAL_MACHINE\SOFTWARE\Microsoft\DevDiv\vc\Servicing\14.0\RuntimeMinimum, Name: SPName, Value: RTM
Key: HKEY_LOCAL_MACHINE\SOFTWARE\Microsoft\DevDiv\vc\Servicing\14.0\RuntimeMinimum, Name: Version, Value: 14.0.24212
Key: HKEY_LOCAL_MACHINE\SOFTWARE\Microsoft\DevDiv\vc\Servicing\14.0\RuntimeMinimum, Name: UpdateVersion, Value: 14.0.24212
Key: HKEY_LOCAL_MACHINE\SOFTWARE\Microsoft\DevDiv\vc\Servicing\14.0, Name: SPIndex, Value: 
Key: HKEY_LOCAL_MACHINE\SOFTWARE\Microsoft\DevDiv\vc\Servicing\14.0\RuntimeMinimum, Name: InstallerType, Value: MSI
Key: HKEY_LOCAL_MACHINE\SOFTWARE\Microsoft\DevDiv\vc\Servicing\14.0\RuntimeMinimum, Name: SP, Value: 
Key: HKEY_LOCAL_MACHINE\SOFTWARE\Microsoft\DevDiv\vc\Servicing\14.0\RuntimeMinimum, Name: SPIndex, Value: 
Key: HKEY_LOCAL_MACHINE\SOFTWARE\Microsoft\DevDiv\vc\Servicing\14.0\RuntimeMinimum, Name: SPName, Value: RTM
Key: HKEY_LOCAL_MACHINE\SOFTWARE\Microsoft\DevDiv\vc\Servicing\14.0\RuntimeMinimum, Name: Version, Value: 14.0.24212
Key: HKEY_LOCAL_MACHINE\SOFTWARE\Microsoft\DevDiv\vc\Servicing\14.0\RuntimeMinimum, Name: UpdateVersion, Value: 14.0.24212
Key: HKEY_LOCAL_MACHINE\Software\Classes\Installer\Dependencies\Microsoft.VS.VC_RuntimeMinimumVSU_amd64,v14, Name: , Value: {FAAD7243-0141-3987-AA2F-E56B20F80E41}
Key: HKEY_LOCAL_MACHINE\Software\Classes\Installer\Dependencies\Microsoft.VS.VC_RuntimeMinimumVSU_amd64,v14, Name: DisplayName, Value: Microsoft Visual C++ 2015 x64 Minimum Runtime - 14.0.24212
Action ended 5:35:58: WriteRegistryValues. Return value 1.
Action 5:35:58: WriteIniValues. Writing INI files values
Action start 5:35:58: WriteIniValues.
Action ended 5:35:58: WriteIniValues. Return value 1.
Action 5:35:58: WriteEnvironmentStrings. Updating environment strings
Action start 5:35:58: WriteEnvironmentStrings.
Action ended 5:35:58: WriteEnvironmentStrings. Return value 1.
Action 5:35:58: RegisterFonts. Registering fonts
Action start 5:35:58: RegisterFonts.
Action ended 5:35:58: RegisterFonts. Return value 1.
Action 5:35:58: InstallODBC. Installing ODBC components
Action start 5:35:58: InstallODBC.
Action ended 5:35:58: InstallODBC. Return value 1.
Action 5:35:58: SelfRegModules. Registering modules
Action start 5:35:58: SelfRegModules.
Action ended 5:35:58: SelfRegModules. Return value 1.
Action 5:35:58: InstallServices. Installing new services
Action start 5:35:58: InstallServices.
Action ended 5:35:58: InstallServices. Return value 1.
Action 5:35:58: StartServices. Starting services
Action start 5:35:58: StartServices.
Action ended 5:35:58: StartServices. Return value 1.
Action 5:35:58: RegisterUser. Registering user
Action start 5:35:58: RegisterUser.
1:  
Action ended 5:35:58: RegisterUser. Return value 1.
Action 5:35:58: RegisterProduct. Registering product
Action start 5:35:58: RegisterProduct.
1: {FAAD7243-0141-3987-AA2F-E56B20F80E41} 
Action ended 5:35:58: RegisterProduct. Return value 1.
Action 5:35:58: PublishComponents. Publishing Qualified Components
Action start 5:35:58: PublishComponents.
Action ended 5:35:58: PublishComponents. Return value 1.
Action 5:35:58: MsiPublishAssemblies. Publishing assembly information
Action start 5:35:58: MsiPublishAssemblies.
Action ended 5:35:58: MsiPublishAssemblies. Return value 1.
Action 5:35:58: PublishFeatures. Publishing Product Features
Action start 5:35:58: PublishFeatures.
Feature: VC_Runtime_Minimum
Feature: Provider
Feature: Servicing_Key
Action ended 5:35:58: PublishFeatures. Return value 1.
Action 5:35:58: PublishProduct. Publishing product information
Action start 5:35:58: PublishProduct.
1: {FAAD7243-0141-3987-AA2F-E56B20F80E41} 
Action ended 5:35:58: PublishProduct. Return value 1.
Action 5:35:58: CreateShortcuts. Creating shortcuts
Action start 5:35:58: CreateShortcuts.
Action ended 5:35:58: CreateShortcuts. Return value 1.
Action ended 5:35:58: InstallFinalize. Return value 1.
Action ended 5:35:58: INSTALL. Return value 1.
1: Microsoft Visual C++ 2015 x64 Minimum Runtime - 14.0.24212 2: {FAAD7243-0141-3987-AA2F-E56B20F80E41} 3: 1 
Property(S): DiskPrompt = 
Property(S): UpgradeCode = {36F68A90-239C-34DF-B58C-64B30153CE35}
Property(S): TARGETDIR = C:\
Property(S): System64Folder_amd64_VC = C:\windows\system32\
Property(S): SourceDir = C:\ProgramData\Package Cache\{FAAD7243-0141-3987-AA2F-E56B20F80E41}v14.0.24212\packages\vcRuntimeMinimum_amd64\
Property(S): System64Folder = C:\windows\system32\
Property(S): VersionNT = 601
Property(S): ALLUSERS = 1
Property(S): ARPHELPLINK = http://go.microsoft.com/fwlink/?LinkId=133405
Property(S): ARPNOMODIFY = 1
Property(S): ARPURLUpdateInfo = http://go.microsoft.com/fwlink/?LinkId=133408
Property(S): ARPCOMMENTS = Caution. Removing this product might prevent some applications from running.
Property(S): comspec_cmd = %comspec%
Property(S): DDPatch = 0
Property(S): FeatureID = 1
Property(S): FILESINUSETEXT = The following applications should be closed before continuing the install:
Property(S): FXAssemblyVersion = 4.0.0.0
Property(S): FXAssemblyVersion35 = 3.5.0.0
Property(S): INSTALLLEVEL = 2
Property(S): LIMITUI = 1
Property(S): NullGUID = {00000000-0000-0000-0000-000000000000}
Property(S): PIDRegEntryName = ProductID
Property(S): PIDUserNameRegKey = SOFTWARE\Microsoft\VisualStudio\7.0\Registration
Property(S): PIDUserNameRegRoot = HKEY_LOCAL_MACHINE
Property(S): PrimaryDir = VS7.3643236F_FC70_11D3_A536_0090278A1BB8
Property(S): REBOOT = ReallySuppress
Property(S): REPAIR_REINSTALLMODE = pecmsu
Property(S): ReserveAdditionalCostVS7UI = 8388608
Property(S): RunCount = 49
Property(S): UpdateProp1 = 0
Property(S): UpdateProp2 = 0
Property(S): UpdateProp3 = 0
Property(S): UpdateProp4 = 0
Property(S): UpdateProp5 = 0
Property(S): UserNameRegEntryName = UserName
Property(S): ARPSYSTEMCOMPONENT = 1
Property(S): BuildType = ret
Property(S): URTVersion = v4.0.30319
Property(S): LocProductName = Microsoft Visual C++ 2015 x64 Runtime
Property(S): ProductCPU = amd64
Property(S): ProductEdition = Runtime
Property(S): ProductFamily = VC
Property(S): ProductImage = net
Property(S): RTM_ProductVersion = 14.0.24212
Property(S): ProductVersionHigh = 720896
Property(S): ProductVersionLow = 1999110144
Property(S): MsiLogging = voicewarmup
Property(S): Manufacturer = Microsoft Corporation
Property(S): ProductCode = {FAAD7243-0141-3987-AA2F-E56B20F80E41}
Property(S): ProductLanguage = 1033
Property(S): ProductName = Microsoft Visual C++ 2015 x64 Minimum Runtime - 14.0.24212
Property(S): ProductVersion = 14.0.24212
Property(S): DirectoryTable100_amd64 = DirectoryTable
Property(S): SecureCustomProperties = IE501FOUND.3643236F_FC70_11D3_A536_0090278A1BB8;IGNOREDEPENDENCIES;INSTALLBLOCKFOUND.3643236F_FC70_11D3_A536_0090278A1BB8;JSHFOUNDVER;NEWERVCRUNTIMEVERSIONDETECTED;OCMFOUNDVER;OCMFOUNDVERLANG;REDISTFOUNDVER;REDISTFOUNDVERLANG;UNINSTALLBLOCKFOUND.3643236F_FC70_11D3_A536_0090278A1BB8;UPGRADEVCRUNTIME
Property(S): WixPdbPath = f:\ddSetup\SD\5\wix\outs\amd64ret\enu\cooked\vc_RuntimeMinimum_net.wixpdb
Property(S): AdminUser = 1
Property(S): CommonAppDataFolder = C:\ProgramData\
Property(S): FavoritesFolder = C:\users\gcenx\Favorites\
Property(S): FontsFolder = C:\windows\Fonts\
Property(S): SendToFolder = C:\users\gcenx\SendTo\
Property(S): StartMenuFolder = C:\users\gcenx\Start Menu\
Property(S): StartupFolder = C:\users\gcenx\Start Menu\Programs\StartUp\
Property(S): TemplateFolder = C:\users\gcenx\Templates\
Property(S): DesktopFolder = C:\users\gcenx\Desktop\
Property(S): ProgramMenuFolder = C:\users\gcenx\Start Menu\Programs\
Property(S): AdminToolsFolder = C:\users\gcenx\Start Menu\Programs\Administrative Tools\
Property(S): AppDataFolder = C:\users\gcenx\Application Data\
Property(S): SystemFolder = C:\windows\syswow64\
Property(S): System16Folder = C:\windows\system32\
Property(S): LocalAppDataFolder = C:\users\gcenx\Local Settings\Application Data\
Property(S): MyPicturesFolder = C:\users\gcenx\My Pictures\
Property(S): PersonalFolder = C:\users\gcenx\My Documents\
Property(S): WindowsFolder = C:\windows\
Property(S): PrintHoodFolder = C:\users\gcenx\PrintHood\
Property(S): NetHoodFolder = C:\users\gcenx\NetHood\
Property(S): RecentFolder = C:\users\gcenx\Recent\
Property(S): PhysicalMemory = 12288
Property(S): WindowsVolume = C:\
Property(S): TempFolder = C:\users\gcenx\Temp\
Property(S): Privileged = 1
Property(S): MsiNTProductType = 1
Property(S): WindowsBuild = 7601
Property(S): ServicePackLevel = 1
Property(S): VersionMsi = 4.5
Property(S): VersionDatabase = 400
Property(S): Intel = 6
Property(S): MsiAMD64 = 6
Property(S): Msix64 = 6
Property(S): VersionNT64 = 601
Property(S): ProgramFiles64Folder = C:\Program Files\
Property(S): ProgramFilesFolder = C:\Program Files (x86)\
Property(S): CommonFiles64Folder = C:\Program Files\Common Files\
Property(S): CommonFilesFolder = C:\Program Files (x86)\Common Files\
Property(S): ScreenX = 1440
Property(S): ScreenY = 900
Property(S): ColorBits = 32
Property(S): UserSID = S-1-5-21-0-0-0-1000
Property(S): UserLanguageID = 1033
Property(S): SystemLanguageID = 1033
Property(S): ProductState = -1
Property(S): LogonUser = gcenx
Property(S): ComputerName = DEANS-MAC-MINI
Property(S): UILevel = 2
Property(S): PackageCode = {26B11B1C-FE70-4B16-A0A1-527E494CA82D}
Property(S): DATABASE = C:\windows\Installer\ebf9.msi
Property(S): OriginalDatabase = C:\ProgramData\Package Cache\{FAAD7243-0141-3987-AA2F-E56B20F80E41}v14.0.24212\packages\vcRuntimeMinimum_amd64\vc_runtimeMinimum_x64.msi
Property(S): SOURCEDIR = C:\ProgramData\Package Cache\{FAAD7243-0141-3987-AA2F-E56B20F80E41}v14.0.24212\packages\vcRuntimeMinimum_amd64\
Property(S): MSIFASTINSTALL = 7
Property(S): NOVSUI = 1
Property(S): ACTION = INSTALL
Property(S): EXECUTEACTION = INSTALL
Property(S): CostingComplete = 1
Property(S): ROOTDRIVE = C:\
Property(S): OutOfDiskSpace = 0
Property(S): OutOfNoRbDiskSpace = 0
1: 2 2: 0 
1: 2 2: 1 
Action ended 5:35:58: INSTALL. Return value 1.
