1: 0 2: 1033 3: 1252 
=== Logging started: 8/7/2022  5:35:58 ===
Message type: 0, Argument: 1033
Message type: 1, Argument: Microsoft Visual C++ 2015 x64 Additional Runtime - 14.0.24212
Action 5:35:58: INSTALL. 
Action start 5:35:58: INSTALL.
1: 0 2: 1033 3: 1252 
1: 0 2: 1033 3: 1252 
=== Logging started: 8/7/2022  5:35:58 ===
Message type: 0, Argument: 1033
Message type: 1, Argument: Microsoft Visual C++ 2015 x64 Additional Runtime - 14.0.24212
Action 5:35:58: INSTALL. 
Action start 5:35:58: INSTALL.
1: Microsoft Visual C++ 2015 x64 Additional Runtime - 14.0.24212 2: {F20396E5-D84E-3505-A7A8-7358F0155F6C} 
Action 5:35:58: FindRelatedProducts. Searching for related applications
Action start 5:35:58: FindRelatedProducts.
Action ended 5:35:58: FindRelatedProducts. Return value 1.
Action 5:35:58: LaunchConditions. Evaluating launch conditions
Action start 5:35:58: LaunchConditions.
Action ended 5:35:58: LaunchConditions. Return value 1.
Action 5:35:58: AppSearch. Searching for installed applications
Action start 5:35:58: AppSearch.
Property: REDISTFOUNDVERLANG, Signature: DetectRedistVerLangSignature
Property: REDISTFOUNDVER, Signature: DetectRedistVerSignature
Property: JSHFOUNDVER, Signature: DetectJSHVerSignature
Property: OCMFOUNDVER, Signature: DetectOCMRedistVerSignature
Property: OCMFOUNDVERLANG, Signature: DetectOCMRedistVerLangSignature
Action ended 5:35:58: AppSearch. Return value 1.
Action 5:35:58: ValidateProductID. 
Action start 5:35:58: ValidateProductID.
Action ended 5:35:58: ValidateProductID. Return value 1.
Action 5:35:58: CostInitialize. Computing space requirements
Action start 5:35:58: CostInitialize.
Action ended 5:35:58: CostInitialize. Return value 1.
Action 5:35:58: FileCost. Computing space requirements
Action start 5:35:58: FileCost.
Action ended 5:35:58: FileCost. Return value 1.
Action 5:35:58: CostFinalize. Computing space requirements
Action start 5:35:58: CostFinalize.
Action ended 5:35:58: CostFinalize. Return value 1.
Action 5:35:58: SetODBCFolders. Initializing ODBC directories
Action start 5:35:58: SetODBCFolders.
Action ended 5:35:58: SetODBCFolders. Return value 1.
Action 5:35:58: InstallValidate. Validating install
Action start 5:35:58: InstallValidate.
Action ended 5:35:58: InstallValidate. Return value 1.
Action 5:35:58: InstallInitialize. 
Action start 5:35:58: InstallInitialize.
Action ended 5:35:58: InstallInitialize. Return value 1.
Action 5:35:58: RemoveExistingProducts. Removing applications
Action start 5:35:58: RemoveExistingProducts.
Action ended 5:35:58: RemoveExistingProducts. Return value 1.
Action 5:35:58: AllocateRegistrySpace. Allocating registry space
Action start 5:35:58: AllocateRegistrySpace.
Free space: 0
Action ended 5:35:58: AllocateRegistrySpace. Return value 1.
Action 5:35:58: ProcessComponents. Updating component registration
Action start 5:35:58: ProcessComponents.
Action ended 5:35:58: ProcessComponents. Return value 1.
Action 5:35:58: UnpublishComponents. Unpublishing Qualified Components
Action start 5:35:58: UnpublishComponents.
Action ended 5:35:58: UnpublishComponents. Return value 1.
Action 5:35:58: MsiUnpublishAssemblies. Unpublishing assembly information
Action start 5:35:58: MsiUnpublishAssemblies.
Action ended 5:35:58: MsiUnpublishAssemblies. Return value 1.
Action 5:35:58: UnpublishFeatures. Unpublishing Product Features
Action start 5:35:58: UnpublishFeatures.
Action ended 5:35:58: UnpublishFeatures. Return value 1.
Action 5:35:58: StopServices. Stopping services
Action start 5:35:58: StopServices.
Action ended 5:35:58: StopServices. Return value 1.
Action 5:35:58: DeleteServices. Deleting services
Action start 5:35:58: DeleteServices.
Action ended 5:35:58: DeleteServices. Return value 1.
Action 5:35:58: UnregisterComPlus. Unregistering COM+ Applications and Components
Action start 5:35:58: UnregisterComPlus.
Action ended 5:35:58: UnregisterComPlus. Return value 1.
Action 5:35:58: SelfUnregModules. Unregistering modules
Action start 5:35:58: SelfUnregModules.
Action ended 5:35:58: SelfUnregModules. Return value 1.
Action 5:35:58: UnregisterTypeLibraries. Unregistering type libraries
Action start 5:35:58: UnregisterTypeLibraries.
Action ended 5:35:58: UnregisterTypeLibraries. Return value 1.
Action 5:35:58: RemoveODBC. Removing ODBC components
Action start 5:35:58: RemoveODBC.
Action ended 5:35:58: RemoveODBC. Return value 1.
Action 5:35:58: UnregisterFonts. Unregistering fonts
Action start 5:35:58: UnregisterFonts.
Action ended 5:35:58: UnregisterFonts. Return value 1.
Action 5:35:58: RemoveRegistryValues. Removing system registry values
Action start 5:35:58: RemoveRegistryValues.
Action ended 5:35:58: RemoveRegistryValues. Return value 1.
Action 5:35:58: UnregisterClassInfo. Unregister Class servers
Action start 5:35:58: UnregisterClassInfo.
Action ended 5:35:58: UnregisterClassInfo. Return value 1.
Action 5:35:58: UnregisterMIMEInfo. Unregistering MIME info
Action start 5:35:58: UnregisterMIMEInfo.
Action ended 5:35:58: UnregisterMIMEInfo. Return value 1.
Action 5:35:58: RemoveIniValues. Removing INI files entries
Action start 5:35:58: RemoveIniValues.
Action ended 5:35:58: RemoveIniValues. Return value 1.
Action 5:35:58: RemoveShortcuts. Removing shortcuts
Action start 5:35:58: RemoveShortcuts.
Action ended 5:35:58: RemoveShortcuts. Return value 1.
Action 5:35:58: RemoveEnvironmentStrings. Updating environment strings
Action start 5:35:58: RemoveEnvironmentStrings.
Action ended 5:35:58: RemoveEnvironmentStrings. Return value 1.
Action 5:35:58: RemoveDuplicateFiles. Removing duplicated files
Action start 5:35:58: RemoveDuplicateFiles.
Action ended 5:35:58: RemoveDuplicateFiles. Return value 1.
Action 5:35:58: RemoveFiles. Removing files
Action start 5:35:58: RemoveFiles.
Action ended 5:35:58: RemoveFiles. Return value 1.
Action 5:35:58: RemoveFolders. Removing folders
Action start 5:35:58: RemoveFolders.
Action ended 5:35:58: RemoveFolders. Return value 1.
Action 5:35:58: CreateFolders. Creating folders
Action start 5:35:58: CreateFolders.
Action ended 5:35:58: CreateFolders. Return value 1.
Action 5:35:58: MoveFiles. Moving files
Action start 5:35:58: MoveFiles.
Action ended 5:35:58: MoveFiles. Return value 1.
Action 5:35:58: InstallFiles. Copying new files
Action start 5:35:58: InstallFiles.
Action ended 5:35:58: InstallFiles. Return value 1.
Action 5:35:58: DuplicateFiles. Creating duplicate files
Action start 5:35:58: DuplicateFiles.
Action ended 5:35:58: DuplicateFiles. Return value 1.
Action 5:35:58: BindImage. Binding executables
Action start 5:35:58: BindImage.
Action ended 5:35:58: BindImage. Return value 1.
Action 5:35:58: RegisterClassInfo. Registering Class servers
Action start 5:35:58: RegisterClassInfo.
Action ended 5:35:58: RegisterClassInfo. Return value 1.
Action 5:35:58: RegisterMIMEInfo. Registering MIME info
Action start 5:35:58: RegisterMIMEInfo.
Action ended 5:35:58: RegisterMIMEInfo. Return value 1.
Action 5:35:58: RegisterTypeLibraries. Registering type libraries
Action start 5:35:58: RegisterTypeLibraries.
Action ended 5:35:58: RegisterTypeLibraries. Return value 1.
Action 5:35:58: WriteRegistryValues. Writing system registry values
Action start 5:35:58: WriteRegistryValues.
Action ended 5:35:58: WriteRegistryValues. Return value 1.
Action 5:35:58: WriteIniValues. Writing INI files values
Action start 5:35:58: WriteIniValues.
Action ended 5:35:58: WriteIniValues. Return value 1.
Action 5:35:58: WriteEnvironmentStrings. Updating environment strings
Action start 5:35:58: WriteEnvironmentStrings.
Action ended 5:35:58: WriteEnvironmentStrings. Return value 1.
Action 5:35:58: RegisterFonts. Registering fonts
Action start 5:35:58: RegisterFonts.
Action ended 5:35:58: RegisterFonts. Return value 1.
Action 5:35:58: InstallODBC. Installing ODBC components
Action start 5:35:58: InstallODBC.
Action ended 5:35:58: InstallODBC. Return value 1.
Action 5:35:58: SelfRegModules. Registering modules
Action start 5:35:58: SelfRegModules.
Action ended 5:35:58: SelfRegModules. Return value 1.
Action 5:35:58: RegisterComPlus. Registering COM+ Applications and Components
Action start 5:35:58: RegisterComPlus.
Action ended 5:35:58: RegisterComPlus. Return value 1.
Action 5:35:58: InstallServices. Installing new services
Action start 5:35:58: InstallServices.
Action ended 5:35:58: InstallServices. Return value 1.
Action 5:35:58: StartServices. Starting services
Action start 5:35:58: StartServices.
Action ended 5:35:58: StartServices. Return value 1.
Action 5:35:58: RegisterUser. Registering user
Action start 5:35:58: RegisterUser.
Action ended 5:35:58: RegisterUser. Return value 1.
Action 5:35:58: RegisterProduct. Registering product
Action start 5:35:58: RegisterProduct.
Action ended 5:35:58: RegisterProduct. Return value 1.
Action 5:35:58: PublishComponents. Publishing Qualified Components
Action start 5:35:58: PublishComponents.
Action ended 5:35:58: PublishComponents. Return value 1.
Action 5:35:58: MsiPublishAssemblies. Publishing assembly information
Action start 5:35:58: MsiPublishAssemblies.
Action ended 5:35:58: MsiPublishAssemblies. Return value 1.
Action 5:35:58: PublishFeatures. Publishing Product Features
Action start 5:35:58: PublishFeatures.
Action ended 5:35:58: PublishFeatures. Return value 1.
Action 5:35:58: PublishProduct. Publishing product information
Action start 5:35:58: PublishProduct.
Action ended 5:35:58: PublishProduct. Return value 1.
Action 5:35:58: CreateShortcuts. Creating shortcuts
Action start 5:35:58: CreateShortcuts.
Action ended 5:35:58: CreateShortcuts. Return value 1.
Action 5:35:58: InstallFinalize. 
Action start 5:35:58: InstallFinalize.
Action 5:35:58: ProcessComponents. Updating component registration
Action start 5:35:58: ProcessComponents.
1: {F20396E5-D84E-3505-A7A8-7358F0155F6C} 2: {8A2BFAB9-B0A3-337B-B182-D69A20A8055F} 3: 02:\SOFTWARE\Microsoft\VisualStudio\14.0\VC\Runtimes\x64\Version 
1: {F20396E5-D84E-3505-A7A8-7358F0155F6C} 2: {91E55230-49FB-3226-B7D5-83251072D3F9} 3: 02:\SOFTWARE\Microsoft\VisualStudio\14.0\VC\Runtimes\x64\Version 
1: {F20396E5-D84E-3505-A7A8-7358F0155F6C} 2: {99A922E3-648F-3C37-8AE6-78232F317B1E} 3: C:\windows\system32\mfc140.dll 
1: {F20396E5-D84E-3505-A7A8-7358F0155F6C} 2: {8924DA15-E863-388D-A06B-E7A3931AD77B} 3: C:\windows\system32\mfc140u.dll 
1: {F20396E5-D84E-3505-A7A8-7358F0155F6C} 2: {32252141-0BE5-3AFE-9849-D281CD954D43} 3: C:\windows\system32\mfcm140.dll 
1: {F20396E5-D84E-3505-A7A8-7358F0155F6C} 2: {AD221A2C-956B-3F16-8F64-FC938CBFD1C9} 3: C:\windows\system32\mfcm140u.dll 
1: {F20396E5-D84E-3505-A7A8-7358F0155F6C} 2: {CA9C8888-CEE6-38D6-A64D-33DA28675281} 3: C:\windows\system32\mfc140chs.dll 
1: {F20396E5-D84E-3505-A7A8-7358F0155F6C} 2: {F692B585-1C66-3BD5-AC31-442E4221ED80} 3: C:\windows\system32\mfc140cht.dll 
1: {F20396E5-D84E-3505-A7A8-7358F0155F6C} 2: {7F148EE8-E61F-3462-B6D4-E1411A8EC5C9} 3: C:\windows\system32\mfc140deu.dll 
1: {F20396E5-D84E-3505-A7A8-7358F0155F6C} 2: {686933F1-9A99-3CD8-A071-2BE11CEA5E99} 3: C:\windows\system32\mfc140enu.dll 
1: {F20396E5-D84E-3505-A7A8-7358F0155F6C} 2: {674A4EC5-F732-3C6D-A0FB-289D61963665} 3: C:\windows\system32\mfc140esn.dll 
1: {F20396E5-D84E-3505-A7A8-7358F0155F6C} 2: {3A88BA88-2780-3262-A7A9-7A11D3ED9A88} 3: C:\windows\system32\mfc140fra.dll 
1: {F20396E5-D84E-3505-A7A8-7358F0155F6C} 2: {8D300AD7-942A-3EDF-AA03-3D442AF99208} 3: C:\windows\system32\mfc140ita.dll 
1: {F20396E5-D84E-3505-A7A8-7358F0155F6C} 2: {51C499DB-BD7A-31E9-AAFA-5D0813741B43} 3: C:\windows\system32\mfc140jpn.dll 
1: {F20396E5-D84E-3505-A7A8-7358F0155F6C} 2: {C6C22F1F-CEB2-31D6-A2E9-8F124A82428F} 3: C:\windows\system32\mfc140kor.dll 
1: {F20396E5-D84E-3505-A7A8-7358F0155F6C} 2: {21B0261D-5191-3D58-9C29-B9232B27D616} 3: C:\windows\system32\mfc140rus.dll 
1: {F20396E5-D84E-3505-A7A8-7358F0155F6C} 2: {EA0D3A76-AE46-3F46-B94D-309D5097A125} 3: 02:\SOFTWARE\Microsoft\DevDiv\vc\Servicing\14.0\SP 
1: {F20396E5-D84E-3505-A7A8-7358F0155F6C} 2: {225DB27C-EE31-3DF8-B4BB-AC5506C5673A} 3: 02:\SOFTWARE\Microsoft\DevDiv\vc\Servicing\14.0\RuntimeAdditional\Install 
1: {F20396E5-D84E-3505-A7A8-7358F0155F6C} 2: {04D1E303-8E0F-36D1-BC1F-E27EE209198A} 3: 02:\SOFTWARE\Microsoft\DevDiv\vc\Servicing\14.0\SP 
1: {F20396E5-D84E-3505-A7A8-7358F0155F6C} 2: {ABC89929-9E1E-30F1-A5A6-C685BDDDB7E3} 3: 02:\SOFTWARE\Microsoft\DevDiv\vc\Servicing\14.0\RuntimeAdditional\Install 
1: {F20396E5-D84E-3505-A7A8-7358F0155F6C} 2: {610423BB-1113-392F-8B0A-340000E19044} 3: -1:\Software\Classes\Installer\Dependencies\Microsoft.VS.VC_RuntimeAdditionalVSU_amd64,v14\Version 
Action ended 5:35:58: ProcessComponents. Return value 1.
Action 5:35:58: UnpublishComponents. Unpublishing Qualified Components
Action start 5:35:58: UnpublishComponents.
Action ended 5:35:58: UnpublishComponents. Return value 1.
Action 5:35:58: MsiUnpublishAssemblies. Unpublishing assembly information
Action start 5:35:58: MsiUnpublishAssemblies.
Action ended 5:35:58: MsiUnpublishAssemblies. Return value 1.
Action 5:35:58: UnpublishFeatures. Unpublishing Product Features
Action start 5:35:58: UnpublishFeatures.
Action ended 5:35:58: UnpublishFeatures. Return value 1.
Action 5:35:58: StopServices. Stopping services
Action start 5:35:58: StopServices.
Action ended 5:35:58: StopServices. Return value 1.
Action 5:35:58: DeleteServices. Deleting services
Action start 5:35:58: DeleteServices.
Action ended 5:35:58: DeleteServices. Return value 1.
Action 5:35:58: SelfUnregModules. Unregistering modules
Action start 5:35:58: SelfUnregModules.
Action ended 5:35:58: SelfUnregModules. Return value 1.
Action 5:35:58: UnregisterTypeLibraries. Unregistering type libraries
Action start 5:35:58: UnregisterTypeLibraries.
Action ended 5:35:58: UnregisterTypeLibraries. Return value 1.
Action 5:35:58: RemoveODBC. Removing ODBC components
Action start 5:35:58: RemoveODBC.
Action ended 5:35:58: RemoveODBC. Return value 1.
Action 5:35:58: UnregisterFonts. Unregistering fonts
Action start 5:35:58: UnregisterFonts.
Action ended 5:35:58: UnregisterFonts. Return value 1.
Action 5:35:58: RemoveRegistryValues. Removing system registry values
Action start 5:35:58: RemoveRegistryValues.
Action ended 5:35:58: RemoveRegistryValues. Return value 1.
Action 5:35:58: UnregisterClassInfo. Unregister Class servers
Action start 5:35:58: UnregisterClassInfo.
Action ended 5:35:58: UnregisterClassInfo. Return value 1.
Action 5:35:58: UnregisterMIMEInfo. Unregistering MIME info
Action start 5:35:58: UnregisterMIMEInfo.
Action ended 5:35:58: UnregisterMIMEInfo. Return value 1.
Action 5:35:58: RemoveIniValues. Removing INI files entries
Action start 5:35:58: RemoveIniValues.
Action ended 5:35:58: RemoveIniValues. Return value 1.
Action 5:35:58: RemoveShortcuts. Removing shortcuts
Action start 5:35:58: RemoveShortcuts.
Action ended 5:35:58: RemoveShortcuts. Return value 1.
Action 5:35:58: RemoveEnvironmentStrings. Updating environment strings
Action start 5:35:58: RemoveEnvironmentStrings.
Action ended 5:35:58: RemoveEnvironmentStrings. Return value 1.
Action 5:35:58: RemoveDuplicateFiles. Removing duplicated files
Action start 5:35:58: RemoveDuplicateFiles.
Action ended 5:35:58: RemoveDuplicateFiles. Return value 1.
Action 5:35:58: RemoveFiles. Removing files
Action start 5:35:58: RemoveFiles.
File: mfc140.dll, Directory: System64Folder_amd64_VC
File: mfc140chs.dll, Directory: System64Folder_amd64_VC
File: mfc140cht.dll, Directory: System64Folder_amd64_VC
File: mfc140deu.dll, Directory: System64Folder_amd64_VC
File: mfc140enu.dll, Directory: System64Folder_amd64_VC
File: mfc140esn.dll, Directory: System64Folder_amd64_VC
File: mfc140fra.dll, Directory: System64Folder_amd64_VC
File: mfc140ita.dll, Directory: System64Folder_amd64_VC
File: mfc140jpn.dll, Directory: System64Folder_amd64_VC
File: mfc140kor.dll, Directory: System64Folder_amd64_VC
File: mfc140rus.dll, Directory: System64Folder_amd64_VC
File: mfc140u.dll, Directory: System64Folder_amd64_VC
File: mfcm140.dll, Directory: System64Folder_amd64_VC
File: mfcm140u.dll, Directory: System64Folder_amd64_VC
Action ended 5:35:58: RemoveFiles. Return value 1.
Action 5:35:58: RemoveFolders. Removing folders
Action start 5:35:58: RemoveFolders.
Action ended 5:35:58: RemoveFolders. Return value 1.
Action 5:35:58: CreateFolders. Creating folders
Action start 5:35:58: CreateFolders.
Action ended 5:35:58: CreateFolders. Return value 1.
Action 5:35:58: MoveFiles. Moving files
Action start 5:35:58: MoveFiles.
Action ended 5:35:58: MoveFiles. Return value 1.
Action 5:35:58: InstallFiles. Copying new files
Action start 5:35:58: InstallFiles.
File: mfc140.dll,  Directory: System64Folder_amd64_VC,  Size: 6037296
File: mfc140chs.dll,  Directory: System64Folder_amd64_VC,  Size: 46912
File: mfc140cht.dll,  Directory: System64Folder_amd64_VC,  Size: 46912
File: mfc140deu.dll,  Directory: System64Folder_amd64_VC,  Size: 75584
File: mfc140enu.dll,  Directory: System64Folder_amd64_VC,  Size: 65856
File: mfc140esn.dll,  Directory: System64Folder_amd64_VC,  Size: 74560
File: mfc140fra.dll,  Directory: System64Folder_amd64_VC,  Size: 75584
File: mfc140ita.dll,  Directory: System64Folder_amd64_VC,  Size: 73536
File: mfc140jpn.dll,  Directory: System64Folder_amd64_VC,  Size: 55104
File: mfc140kor.dll,  Directory: System64Folder_amd64_VC,  Size: 54080
File: mfc140rus.dll,  Directory: System64Folder_amd64_VC,  Size: 71488
File: mfc140u.dll,  Directory: System64Folder_amd64_VC,  Size: 6065976
File: mfcm140.dll,  Directory: System64Folder_amd64_VC,  Size: 105784
File: mfcm140u.dll,  Directory: System64Folder_amd64_VC,  Size: 106304
Action ended 5:35:58: InstallFiles. Return value 1.
Action 5:35:58: DuplicateFiles. Creating duplicate files
Action start 5:35:58: DuplicateFiles.
Action ended 5:35:58: DuplicateFiles. Return value 1.
Action 5:35:58: RegisterClassInfo. Registering Class servers
Action start 5:35:58: RegisterClassInfo.
Action ended 5:35:58: RegisterClassInfo. Return value 1.
Action 5:35:58: RegisterMIMEInfo. Registering MIME info
Action start 5:35:58: RegisterMIMEInfo.
Action ended 5:35:58: RegisterMIMEInfo. Return value 1.
Action 5:35:58: RegisterTypeLibraries. Registering type libraries
Action start 5:35:58: RegisterTypeLibraries.
Action ended 5:35:58: RegisterTypeLibraries. Return value 1.
Action 5:35:58: WriteRegistryValues. Writing system registry values
Action start 5:35:58: WriteRegistryValues.
Key: HKEY_LOCAL_MACHINE\SOFTWARE\Microsoft\VisualStudio\14.0\VC\Runtimes\x64, Name: Version, Value: v14.0.24212.00
Key: HKEY_LOCAL_MACHINE\SOFTWARE\Microsoft\VisualStudio\14.0\VC\Runtimes\x64, Name: Version, Value: v14.0.24212.00
Key: HKEY_LOCAL_MACHINE\SOFTWARE\Microsoft\DevDiv\vc\Servicing\14.0, Name: SP, Value: 
Key: HKEY_LOCAL_MACHINE\SOFTWARE\Microsoft\DevDiv\vc\Servicing\14.0\RuntimeAdditional, Name: Install, Value: 
Key: HKEY_LOCAL_MACHINE\SOFTWARE\Microsoft\DevDiv\vc\Servicing\14.0, Name: SP, Value: 
Key: HKEY_LOCAL_MACHINE\SOFTWARE\Microsoft\DevDiv\vc\Servicing\14.0\RuntimeAdditional, Name: Install, Value: 
Key: HKEY_LOCAL_MACHINE\Software\Classes\Installer\Dependencies\Microsoft.VS.VC_RuntimeAdditionalVSU_amd64,v14, Name: Version, Value: 14.0.24212
Key: HKEY_LOCAL_MACHINE\SOFTWARE\Microsoft\VisualStudio\14.0\VC\Runtimes\x64, Name: Installed, Value: 
Key: HKEY_LOCAL_MACHINE\SOFTWARE\Microsoft\VisualStudio\14.0\VC\Runtimes\x64, Name: Major, Value: 
Key: HKEY_LOCAL_MACHINE\SOFTWARE\Microsoft\VisualStudio\14.0\VC\Runtimes\x64, Name: Minor, Value: 
Key: HKEY_LOCAL_MACHINE\SOFTWARE\Microsoft\VisualStudio\14.0\VC\Runtimes\x64, Name: Bld, Value: 
Key: HKEY_LOCAL_MACHINE\SOFTWARE\Microsoft\VisualStudio\14.0\VC\Runtimes\x64, Name: Rbld, Value: 
Key: HKEY_LOCAL_MACHINE\SOFTWARE\Microsoft\VisualStudio\14.0\VC\Runtimes\x64, Name: Installed, Value: 
Key: HKEY_LOCAL_MACHINE\SOFTWARE\Microsoft\VisualStudio\14.0\VC\Runtimes\x64, Name: Major, Value: 
Key: HKEY_LOCAL_MACHINE\SOFTWARE\Microsoft\VisualStudio\14.0\VC\Runtimes\x64, Name: Minor, Value: 
Key: HKEY_LOCAL_MACHINE\SOFTWARE\Microsoft\VisualStudio\14.0\VC\Runtimes\x64, Name: Bld, Value: 
Key: HKEY_LOCAL_MACHINE\SOFTWARE\Microsoft\VisualStudio\14.0\VC\Runtimes\x64, Name: Rbld, Value: 
Key: HKEY_LOCAL_MACHINE\SOFTWARE\Microsoft\DevDiv\vc\Servicing\14.0, Name: SPIndex, Value: 
Key: HKEY_LOCAL_MACHINE\SOFTWARE\Microsoft\DevDiv\vc\Servicing\14.0\RuntimeAdditional, Name: InstallerType, Value: MSI
Key: HKEY_LOCAL_MACHINE\SOFTWARE\Microsoft\DevDiv\vc\Servicing\14.0\RuntimeAdditional, Name: SP, Value: 
Key: HKEY_LOCAL_MACHINE\SOFTWARE\Microsoft\DevDiv\vc\Servicing\14.0\RuntimeAdditional, Name: SPIndex, Value: 
Key: HKEY_LOCAL_MACHINE\SOFTWARE\Microsoft\DevDiv\vc\Servicing\14.0\RuntimeAdditional, Name: SPName, Value: RTM
Key: HKEY_LOCAL_MACHINE\SOFTWARE\Microsoft\DevDiv\vc\Servicing\14.0\RuntimeAdditional, Name: Version, Value: 14.0.24212
Key: HKEY_LOCAL_MACHINE\SOFTWARE\Microsoft\DevDiv\vc\Servicing\14.0\RuntimeAdditional, Name: UpdateVersion, Value: 14.0.24212
Key: HKEY_LOCAL_MACHINE\SOFTWARE\Microsoft\DevDiv\vc\Servicing\14.0, Name: SPIndex, Value: 
Key: HKEY_LOCAL_MACHINE\SOFTWARE\Microsoft\DevDiv\vc\Servicing\14.0\RuntimeAdditional, Name: InstallerType, Value: MSI
Key: HKEY_LOCAL_MACHINE\SOFTWARE\Microsoft\DevDiv\vc\Servicing\14.0\RuntimeAdditional, Name: SP, Value: 
Key: HKEY_LOCAL_MACHINE\SOFTWARE\Microsoft\DevDiv\vc\Servicing\14.0\RuntimeAdditional, Name: SPIndex, Value: 
Key: HKEY_LOCAL_MACHINE\SOFTWARE\Microsoft\DevDiv\vc\Servicing\14.0\RuntimeAdditional, Name: SPName, Value: RTM
Key: HKEY_LOCAL_MACHINE\SOFTWARE\Microsoft\DevDiv\vc\Servicing\14.0\RuntimeAdditional, Name: Version, Value: 14.0.24212
Key: HKEY_LOCAL_MACHINE\SOFTWARE\Microsoft\DevDiv\vc\Servicing\14.0\RuntimeAdditional, Name: UpdateVersion, Value: 14.0.24212
Key: HKEY_LOCAL_MACHINE\Software\Classes\Installer\Dependencies\Microsoft.VS.VC_RuntimeAdditionalVSU_amd64,v14, Name: , Value: {F20396E5-D84E-3505-A7A8-7358F0155F6C}
Key: HKEY_LOCAL_MACHINE\Software\Classes\Installer\Dependencies\Microsoft.VS.VC_RuntimeAdditionalVSU_amd64,v14, Name: DisplayName, Value: Microsoft Visual C++ 2015 x64 Additional Runtime - 14.0.24212
Action ended 5:35:58: WriteRegistryValues. Return value 1.
Action 5:35:58: WriteIniValues. Writing INI files values
Action start 5:35:58: WriteIniValues.
Action ended 5:35:58: WriteIniValues. Return value 1.
Action 5:35:58: WriteEnvironmentStrings. Updating environment strings
Action start 5:35:58: WriteEnvironmentStrings.
Action ended 5:35:58: WriteEnvironmentStrings. Return value 1.
Action 5:35:58: RegisterFonts. Registering fonts
Action start 5:35:58: RegisterFonts.
Action ended 5:35:58: RegisterFonts. Return value 1.
Action 5:35:58: InstallODBC. Installing ODBC components
Action start 5:35:58: InstallODBC.
Action ended 5:35:58: InstallODBC. Return value 1.
Action 5:35:58: SelfRegModules. Registering modules
Action start 5:35:58: SelfRegModules.
Action ended 5:35:58: SelfRegModules. Return value 1.
Action 5:35:58: InstallServices. Installing new services
Action start 5:35:58: InstallServices.
Action ended 5:35:58: InstallServices. Return value 1.
Action 5:35:58: StartServices. Starting services
Action start 5:35:58: StartServices.
Action ended 5:35:58: StartServices. Return value 1.
Action 5:35:58: RegisterUser. Registering user
Action start 5:35:58: RegisterUser.
1:  
Action ended 5:35:58: RegisterUser. Return value 1.
Action 5:35:58: RegisterProduct. Registering product
Action start 5:35:58: RegisterProduct.
1: {F20396E5-D84E-3505-A7A8-7358F0155F6C} 
Action ended 5:35:58: RegisterProduct. Return value 1.
Action 5:35:58: PublishComponents. Publishing Qualified Components
Action start 5:35:58: PublishComponents.
Action ended 5:35:58: PublishComponents. Return value 1.
Action 5:35:58: MsiPublishAssemblies. Publishing assembly information
Action start 5:35:58: MsiPublishAssemblies.
Action ended 5:35:58: MsiPublishAssemblies. Return value 1.
Action 5:35:58: PublishFeatures. Publishing Product Features
Action start 5:35:58: PublishFeatures.
Feature: VC_Runtime_Additional
Feature: Provider
Feature: Servicing_Key
Action ended 5:35:58: PublishFeatures. Return value 1.
Action 5:35:58: PublishProduct. Publishing product information
Action start 5:35:58: PublishProduct.
1: {F20396E5-D84E-3505-A7A8-7358F0155F6C} 
Action ended 5:35:58: PublishProduct. Return value 1.
Action 5:35:58: CreateShortcuts. Creating shortcuts
Action start 5:35:58: CreateShortcuts.
Action ended 5:35:58: CreateShortcuts. Return value 1.
Action ended 5:35:58: InstallFinalize. Return value 1.
Action ended 5:35:58: INSTALL. Return value 1.
1: Microsoft Visual C++ 2015 x64 Additional Runtime - 14.0.24212 2: {F20396E5-D84E-3505-A7A8-7358F0155F6C} 3: 1 
Property(S): DiskPrompt = 
Property(S): UpgradeCode = {9B0BAA88-E15F-3A1F-ACC0-B206E9DDF71C}
Property(S): TARGETDIR = C:\
Property(S): System64Folder_amd64_VC = C:\windows\system32\
Property(S): SourceDir = C:\ProgramData\Package Cache\{F20396E5-D84E-3505-A7A8-7358F0155F6C}v14.0.24212\packages\vcRuntimeAdditional_amd64\
Property(S): System64Folder = C:\windows\system32\
Property(S): VersionNT = 601
Property(S): ALLUSERS = 1
Property(S): ARPHELPLINK = http://go.microsoft.com/fwlink/?LinkId=133405
Property(S): ARPNOMODIFY = 1
Property(S): ARPURLUpdateInfo = http://go.microsoft.com/fwlink/?LinkId=133408
Property(S): ARPCOMMENTS = Caution. Removing this product might prevent some applications from running.
Property(S): comspec_cmd = %comspec%
Property(S): DDPatch = 0
Property(S): FeatureID = 1
Property(S): FILESINUSETEXT = The following applications should be closed before continuing the install:
Property(S): FXAssemblyVersion = 4.0.0.0
Property(S): FXAssemblyVersion35 = 3.5.0.0
Property(S): INSTALLLEVEL = 2
Property(S): LIMITUI = 1
Property(S): NullGUID = {00000000-0000-0000-0000-000000000000}
Property(S): PIDRegEntryName = ProductID
Property(S): PIDUserNameRegKey = SOFTWARE\Microsoft\VisualStudio\7.0\Registration
Property(S): PIDUserNameRegRoot = HKEY_LOCAL_MACHINE
Property(S): PrimaryDir = VS7.3643236F_FC70_11D3_A536_0090278A1BB8
Property(S): REBOOT = ReallySuppress
Property(S): REPAIR_REINSTALLMODE = pecmsu
Property(S): ReserveAdditionalCostVS7UI = 8388608
Property(S): RunCount = 49
Property(S): UpdateProp1 = 0
Property(S): UpdateProp2 = 0
Property(S): UpdateProp3 = 0
Property(S): UpdateProp4 = 0
Property(S): UpdateProp5 = 0
Property(S): UserNameRegEntryName = UserName
Property(S): ARPSYSTEMCOMPONENT = 1
Property(S): BuildType = ret
Property(S): URTVersion = v4.0.30319
Property(S): LocProductName = Microsoft Visual C++ 2015 x64 Runtime
Property(S): ProductCPU = amd64
Property(S): ProductEdition = Runtime
Property(S): ProductFamily = VC
Property(S): ProductImage = net
Property(S): RTM_ProductVersion = 14.0.24212
Property(S): ProductVersionHigh = 720896
Property(S): ProductVersionLow = 1999110144
Property(S): MsiLogging = voicewarmup
Property(S): Manufacturer = Microsoft Corporation
Property(S): ProductCode = {F20396E5-D84E-3505-A7A8-7358F0155F6C}
Property(S): ProductLanguage = 1033
Property(S): ProductName = Microsoft Visual C++ 2015 x64 Additional Runtime - 14.0.24212
Property(S): ProductVersion = 14.0.24212
Property(S): DirectoryTable100_amd64 = DirectoryTable
Property(S): SecureCustomProperties = IE501FOUND.3643236F_FC70_11D3_A536_0090278A1BB8;IGNOREDEPENDENCIES;INSTALLBLOCKFOUND.3643236F_FC70_11D3_A536_0090278A1BB8;JSHFOUNDVER;NEWERVCRUNTIMEVERSIONDETECTED;OCMFOUNDVER;OCMFOUNDVERLANG;REDISTFOUNDVER;REDISTFOUNDVERLANG;UNINSTALLBLOCKFOUND.3643236F_FC70_11D3_A536_0090278A1BB8;UPGRADEVCRUNTIME
Property(S): WixPdbPath = f:\ddSetup\SD\1\wix\outs\amd64ret\enu\cooked\vc_RuntimeAdditional_net.wixpdb
Property(S): AdminUser = 1
Property(S): CommonAppDataFolder = C:\ProgramData\
Property(S): FavoritesFolder = C:\users\gcenx\Favorites\
Property(S): FontsFolder = C:\windows\Fonts\
Property(S): SendToFolder = C:\users\gcenx\SendTo\
Property(S): StartMenuFolder = C:\users\gcenx\Start Menu\
Property(S): StartupFolder = C:\users\gcenx\Start Menu\Programs\StartUp\
Property(S): TemplateFolder = C:\users\gcenx\Templates\
Property(S): DesktopFolder = C:\users\gcenx\Desktop\
Property(S): ProgramMenuFolder = C:\users\gcenx\Start Menu\Programs\
Property(S): AdminToolsFolder = C:\users\gcenx\Start Menu\Programs\Administrative Tools\
Property(S): AppDataFolder = C:\users\gcenx\Application Data\
Property(S): SystemFolder = C:\windows\syswow64\
Property(S): System16Folder = C:\windows\system32\
Property(S): LocalAppDataFolder = C:\users\gcenx\Local Settings\Application Data\
Property(S): MyPicturesFolder = C:\users\gcenx\My Pictures\
Property(S): PersonalFolder = C:\users\gcenx\My Documents\
Property(S): WindowsFolder = C:\windows\
Property(S): PrintHoodFolder = C:\users\gcenx\PrintHood\
Property(S): NetHoodFolder = C:\users\gcenx\NetHood\
Property(S): RecentFolder = C:\users\gcenx\Recent\
Property(S): PhysicalMemory = 12288
Property(S): WindowsVolume = C:\
Property(S): TempFolder = C:\users\gcenx\Temp\
Property(S): Privileged = 1
Property(S): MsiNTProductType = 1
Property(S): WindowsBuild = 7601
Property(S): ServicePackLevel = 1
Property(S): VersionMsi = 4.5
Property(S): VersionDatabase = 400
Property(S): Intel = 6
Property(S): MsiAMD64 = 6
Property(S): Msix64 = 6
Property(S): VersionNT64 = 601
Property(S): ProgramFiles64Folder = C:\Program Files\
Property(S): ProgramFilesFolder = C:\Program Files (x86)\
Property(S): CommonFiles64Folder = C:\Program Files\Common Files\
Property(S): CommonFilesFolder = C:\Program Files (x86)\Common Files\
Property(S): ScreenX = 1440
Property(S): ScreenY = 900
Property(S): ColorBits = 32
Property(S): UserSID = S-1-5-21-0-0-0-1000
Property(S): UserLanguageID = 1033
Property(S): SystemLanguageID = 1033
Property(S): ProductState = -1
Property(S): LogonUser = gcenx
Property(S): ComputerName = DEANS-MAC-MINI
Property(S): UILevel = 2
Property(S): PackageCode = {6359ADEF-7A5D-456D-B782-052D2FB30D62}
Property(S): DATABASE = C:\windows\Installer\ecb1.msi
Property(S): OriginalDatabase = C:\ProgramData\Package Cache\{F20396E5-D84E-3505-A7A8-7358F0155F6C}v14.0.24212\packages\vcRuntimeAdditional_amd64\vc_runtimeAdditional_x64.msi
Property(S): SOURCEDIR = C:\ProgramData\Package Cache\{F20396E5-D84E-3505-A7A8-7358F0155F6C}v14.0.24212\packages\vcRuntimeAdditional_amd64\
Property(S): MSIFASTINSTALL = 7
Property(S): NOVSUI = 1
Property(S): ACTION = INSTALL
Property(S): EXECUTEACTION = INSTALL
Property(S): CostingComplete = 1
Property(S): ROOTDRIVE = C:\
Property(S): OutOfDiskSpace = 0
Property(S): OutOfNoRbDiskSpace = 0
1: 2 2: 0 
1: 2 2: 1 
Action ended 5:35:58: INSTALL. Return value 1.
