[02B8:02BC][2022-08-07T17:36:05]i001: Burn v3.7.2829.0, Windows v6.1 (Build 7601: Service Pack 1), path: C:\Program Files (x86)\Origin\vcredist_x86.exe, cmdline: '/q -burn.unelevated BurnPipe.{033E19FD-BB34-4C63-A190-4A2D0F80C01B} {73E89F3C-BBD9-493A-BA75-F21B6CA4CE20} 684'
[02B8:02BC][2022-08-07T17:36:05]i000: Setting string variable 'WixBundleLog' to value 'C:\users\gcenx\Temp\dd_vcredist_x86_20220807173605.log'
[02B8:02BC][2022-08-07T17:36:05]i000: Setting string variable 'WixBundleOriginalSource' to value 'C:\Program Files (x86)\Origin\vcredist_x86.exe'
[02B8:02BC][2022-08-07T17:36:05]i000: Setting string variable 'WixBundleName' to value 'Microsoft Visual C++ 2013 Redistributable (x86) - 12.0.30501'
[02B8:02BC][2022-08-07T17:36:05]i100: Detect begin, 2 packages
[02B8:02BC][2022-08-07T17:36:05]i102: Detected related bundle: {050d4fc8-5d48-4b8f-8972-47c82c46020f}, type: Upgrade, scope: PerMachine, version: 12.0.30501.0, operation: None
[02B8:02BC][2022-08-07T17:36:05]i101: Detected package: vcRuntimeMinimum_x86, state: Absent, cached: None
[02B8:02BC][2022-08-07T17:36:05]i101: Detected package: vcRuntimeAdditional_x86, state: Absent, cached: None
[02B8:02BC][2022-08-07T17:36:05]i052: Condition 'VersionNT >= v6.0 OR (VersionNT = v5.1 AND ServicePackLevel >= 2) OR (VersionNT = v5.2 AND ServicePackLevel >= 1)' evaluates to true.
[02B8:02BC][2022-08-07T17:36:05]i199: Detect complete, result: 0x0
[02B8:02BC][2022-08-07T17:36:05]i200: Plan begin, 2 packages, action: Install
[02B8:02BC][2022-08-07T17:36:05]i000: Setting string variable 'WixBundleRollbackLog_vcRuntimeMinimum_x86' to value 'C:\users\gcenx\Temp\dd_vcredist_x86_20220807173605_0_vcRuntimeMinimum_x86_rollback.log'
[02B8:02BC][2022-08-07T17:36:05]i000: Setting string variable 'WixBundleLog_vcRuntimeMinimum_x86' to value 'C:\users\gcenx\Temp\dd_vcredist_x86_20220807173605_0_vcRuntimeMinimum_x86.log'
[02B8:02BC][2022-08-07T17:36:05]i000: Setting string variable 'WixBundleRollbackLog_vcRuntimeAdditional_x86' to value 'C:\users\gcenx\Temp\dd_vcredist_x86_20220807173605_1_vcRuntimeAdditional_x86_rollback.log'
[02B8:02BC][2022-08-07T17:36:05]i000: Setting string variable 'WixBundleLog_vcRuntimeAdditional_x86' to value 'C:\users\gcenx\Temp\dd_vcredist_x86_20220807173605_1_vcRuntimeAdditional_x86.log'
[02B8:02BC][2022-08-07T17:36:05]i201: Planned package: vcRuntimeMinimum_x86, state: Absent, default requested: Present, ba requested: Present, execute: Install, rollback: Uninstall, cache: Yes, uncache: No, dependency: Register
[02B8:02BC][2022-08-07T17:36:05]i201: Planned package: vcRuntimeAdditional_x86, state: Absent, default requested: Present, ba requested: Present, execute: Install, rollback: Uninstall, cache: Yes, uncache: No, dependency: Register
[02B8:02BC][2022-08-07T17:36:05]i207: Planned related bundle: {050d4fc8-5d48-4b8f-8972-47c82c46020f}, type: Upgrade, default requested: None, ba requested: None, execute: None, rollback: None, dependency: None
[02B8:02BC][2022-08-07T17:36:05]i299: Plan complete, result: 0x0
[02B8:02BC][2022-08-07T17:36:05]i300: Apply begin
[02AC:02B0][2022-08-07T17:36:05]i360: Creating a system restore point.
[02AC:02B0][2022-08-07T17:36:05]i361: Created a system restore point.
[02AC:02B0][2022-08-07T17:36:05]i370: Session begin, registration key: SOFTWARE\Microsoft\Windows\CurrentVersion\Uninstall\{f65db027-aff3-4070-886a-0d87064aabb1}, options: 0x7, disable resume: No
[02AC:02B0][2022-08-07T17:36:05]i000: Caching bundle from: 'C:\users\gcenx\Temp\{f65db027-aff3-4070-886a-0d87064aabb1}\.be\vcredist_x86.exe' to: 'C:\ProgramData\Package Cache\{f65db027-aff3-4070-886a-0d87064aabb1}\vcredist_x86.exe'
[02AC:02B0][2022-08-07T17:36:05]i320: Registering bundle dependency provider: {f65db027-aff3-4070-886a-0d87064aabb1}, version: 12.0.30501.0
[02AC:02B0][2022-08-07T17:36:05]i371: Updating session, registration key: SOFTWARE\Microsoft\Windows\CurrentVersion\Uninstall\{f65db027-aff3-4070-886a-0d87064aabb1}, resume: Active, restart initiated: No, disable resume: No
[02AC:02D0][2022-08-07T17:36:06]i305: Verified acquired payload: vcRuntimeMinimum_x86 at path: C:\ProgramData\Package Cache\.unverified\vcRuntimeMinimum_x86, moving to: C:\ProgramData\Package Cache\{13A4EE12-23EA-3371-91EE-EFB36DDFFF3E}v12.0.21005\packages\vcRuntimeMinimum_x86\vc_runtimeMinimum_x86.msi.
[02AC:02D0][2022-08-07T17:36:06]i305: Verified acquired payload: cab54A5CABBE7274D8A22EB58060AAB7623 at path: C:\ProgramData\Package Cache\.unverified\cab54A5CABBE7274D8A22EB58060AAB7623, moving to: C:\ProgramData\Package Cache\{13A4EE12-23EA-3371-91EE-EFB36DDFFF3E}v12.0.21005\packages\vcRuntimeMinimum_x86\cab1.cab.
[02AC:02D0][2022-08-07T17:36:06]i305: Verified acquired payload: vcRuntimeAdditional_x86 at path: C:\ProgramData\Package Cache\.unverified\vcRuntimeAdditional_x86, moving to: C:\ProgramData\Package Cache\{F8CFEB22-A2E7-3971-9EDA-4B11EDEFC185}v12.0.21005\packages\vcRuntimeAdditional_x86\vc_runtimeAdditional_x86.msi.
[02AC:02D0][2022-08-07T17:36:06]i305: Verified acquired payload: cabB3E1576D1FEFBB979E13B1A5379E0B16 at path: C:\ProgramData\Package Cache\.unverified\cabB3E1576D1FEFBB979E13B1A5379E0B16, moving to: C:\ProgramData\Package Cache\{F8CFEB22-A2E7-3971-9EDA-4B11EDEFC185}v12.0.21005\packages\vcRuntimeAdditional_x86\cab1.cab.
[02AC:02B0][2022-08-07T17:36:06]i301: Applying execute package: vcRuntimeMinimum_x86, action: Install, path: C:\ProgramData\Package Cache\{13A4EE12-23EA-3371-91EE-EFB36DDFFF3E}v12.0.21005\packages\vcRuntimeMinimum_x86\vc_runtimeMinimum_x86.msi, arguments: ' MSIFASTINSTALL="7" NOVSUI="1"'
[02B8:02BC][2022-08-07T17:36:06]i319: Applied execute package: vcRuntimeMinimum_x86, result: 0x0, restart: None
[02AC:02B0][2022-08-07T17:36:06]i325: Registering dependency: {f65db027-aff3-4070-886a-0d87064aabb1} on package provider: Microsoft.VS.VC_RuntimeMinimumVSU_x86,v12, package: vcRuntimeMinimum_x86
[02AC:02B0][2022-08-07T17:36:06]i301: Applying execute package: vcRuntimeAdditional_x86, action: Install, path: C:\ProgramData\Package Cache\{F8CFEB22-A2E7-3971-9EDA-4B11EDEFC185}v12.0.21005\packages\vcRuntimeAdditional_x86\vc_runtimeAdditional_x86.msi, arguments: ' MSIFASTINSTALL="7" NOVSUI="1"'
[02B8:02BC][2022-08-07T17:36:06]i319: Applied execute package: vcRuntimeAdditional_x86, result: 0x0, restart: None
[02AC:02B0][2022-08-07T17:36:06]i325: Registering dependency: {f65db027-aff3-4070-886a-0d87064aabb1} on package provider: Microsoft.VS.VC_RuntimeAdditionalVSU_x86,v12, package: vcRuntimeAdditional_x86
[02AC:02B0][2022-08-07T17:36:06]i372: Session end, registration key: SOFTWARE\Microsoft\Windows\CurrentVersion\Uninstall\{f65db027-aff3-4070-886a-0d87064aabb1}, resume: ARP, restart: None, disable resume: No
[02AC:02B0][2022-08-07T17:36:06]i371: Updating session, registration key: SOFTWARE\Microsoft\Windows\CurrentVersion\Uninstall\{f65db027-aff3-4070-886a-0d87064aabb1}, resume: ARP, restart initiated: No, disable resume: No
[02B8:02BC][2022-08-07T17:36:06]i399: Apply complete, result: 0x0, restart: None, ba requested restart:  No
[02B8:02BC][2022-08-07T17:36:06]i500: Shutting down, exit code: 0x0
[02B8:02BC][2022-08-07T17:36:06]i410: Variable: ServicePackLevel = 1
[02B8:02BC][2022-08-07T17:36:06]i410: Variable: VersionNT = 6.1.0.0
[02B8:02BC][2022-08-07T17:36:06]i410: Variable: WixBundleAction = 5
[02B8:02BC][2022-08-07T17:36:06]i410: Variable: WixBundleElevated = 1
[02B8:02BC][2022-08-07T17:36:06]i410: Variable: WixBundleInstalled = 0
[02B8:02BC][2022-08-07T17:36:06]i410: Variable: WixBundleLog = C:\users\gcenx\Temp\dd_vcredist_x86_20220807173605.log
[02B8:02BC][2022-08-07T17:36:06]i410: Variable: WixBundleLog_vcRuntimeAdditional_x86 = C:\users\gcenx\Temp\dd_vcredist_x86_20220807173605_1_vcRuntimeAdditional_x86.log
[02B8:02BC][2022-08-07T17:36:06]i410: Variable: WixBundleLog_vcRuntimeMinimum_x86 = C:\users\gcenx\Temp\dd_vcredist_x86_20220807173605_0_vcRuntimeMinimum_x86.log
[02B8:02BC][2022-08-07T17:36:06]i410: Variable: WixBundleManufacturer = Microsoft Corporation
[02B8:02BC][2022-08-07T17:36:06]i410: Variable: WixBundleName = Microsoft Visual C++ 2013 Redistributable (x86) - 12.0.30501
[02B8:02BC][2022-08-07T17:36:06]i410: Variable: WixBundleOriginalSource = C:\Program Files (x86)\Origin\vcredist_x86.exe
[02B8:02BC][2022-08-07T17:36:06]i410: Variable: WixBundleProviderKey = {f65db027-aff3-4070-886a-0d87064aabb1}
[02B8:02BC][2022-08-07T17:36:06]i410: Variable: WixBundleRollbackLog_vcRuntimeAdditional_x86 = C:\users\gcenx\Temp\dd_vcredist_x86_20220807173605_1_vcRuntimeAdditional_x86_rollback.log
[02B8:02BC][2022-08-07T17:36:06]i410: Variable: WixBundleRollbackLog_vcRuntimeMinimum_x86 = C:\users\gcenx\Temp\dd_vcredist_x86_20220807173605_0_vcRuntimeMinimum_x86_rollback.log
[02B8:02BC][2022-08-07T17:36:06]i410: Variable: WixBundleTag = 
[02B8:02BC][2022-08-07T17:36:06]i410: Variable: WixBundleVersion = 12.0.30501.0
[02B8:02BC][2022-08-07T17:36:06]i007: Exit code: 0x0, restarting: No
