[013C:0140][2022-08-07T17:39:12]i001: Burn v3.10.4.4718, Windows v5.2 (Build 3790: Service Pack 2), path: C:\windows\temp\{8E43165D-21A2-4BC3-9F12-0BBBCBEBFFEB}\.cr\vc_redist.x86.exe
[013C:0140][2022-08-07T17:39:12]i009: Command Line: '-burn.clean.room=Y:\vcrun2019\vc_redist.x86.exe -burn.filehandle.attached=160 -burn.filehandle.self=164 /q'
[013C:0140][2022-08-07T17:39:12]i000: Setting string variable 'WixBundleOriginalSource' to value 'Y:\vcrun2019\vc_redist.x86.exe'
[013C:0140][2022-08-07T17:39:12]i000: Setting string variable 'WixBundleOriginalSourceFolder' to value 'Y:\vcrun2019\'
[013C:0140][2022-08-07T17:39:12]i000: Setting string variable 'WixBundleLog' to value 'C:\users\gcenx\Temp\dd_vcredist_x86_20220807173912.log'
[013C:0140][2022-08-07T17:39:13]i000: Setting string variable 'WixBundleName' to value 'Microsoft Visual C++ 2015-2019 Redistributable (x86) - 14.29.30139'
[013C:0140][2022-08-07T17:39:13]i000: Setting string variable 'WixBundleManufacturer' to value 'Microsoft Corporation'
[013C:014C][2022-08-07T17:39:13]i000: Setting version variable 'WixBundleFileVersion' to value '14.29.30139.0'
[013C:0140][2022-08-07T17:39:13]i100: Detect begin, 10 packages
[013C:0140][2022-08-07T17:39:13]i000: Setting version variable 'windows_uCRT_DetectKey' to value '10.0.14393.2247'
[013C:0140][2022-08-07T17:39:13]i000: Setting numeric variable 'windows_uCRT_DetectKeyExists' to value 1
[013C:0140][2022-08-07T17:39:13]i102: Detected related bundle: {462f63a8-6347-4894-a1b3-dbfe3a4c981d}, type: Upgrade, scope: PerMachine, version: 14.0.24212.0, operation: MajorUpgrade
[013C:0140][2022-08-07T17:39:13]i052: Condition '(VersionNT = v6.3 AND NOT VersionNT64) AND (windows_uCRT_DetectKeyExists AND windows_uCRT_DetectKey >= v10.0.10240.0)' evaluates to false.
[013C:0140][2022-08-07T17:39:13]i052: Condition '(VersionNT = v6.3 AND VersionNT64) AND (windows_uCRT_DetectKeyExists AND windows_uCRT_DetectKey >= v10.0.10240.0)' evaluates to false.
[013C:0140][2022-08-07T17:39:13]i052: Condition '(VersionNT = v6.2 AND NOT VersionNT64) AND (windows_uCRT_DetectKeyExists AND windows_uCRT_DetectKey >= v10.0.10240.0)' evaluates to false.
[013C:0140][2022-08-07T17:39:13]i052: Condition '(VersionNT = v6.2 AND VersionNT64) AND (windows_uCRT_DetectKeyExists AND windows_uCRT_DetectKey >= v10.0.10240.0)' evaluates to false.
[013C:0140][2022-08-07T17:39:13]i052: Condition '(VersionNT = v6.1 AND NOT VersionNT64) AND (windows_uCRT_DetectKeyExists AND windows_uCRT_DetectKey >= v10.0.10240.0)' evaluates to false.
[013C:0140][2022-08-07T17:39:13]i052: Condition '(VersionNT = v6.1 AND VersionNT64) AND (windows_uCRT_DetectKeyExists AND windows_uCRT_DetectKey >= v10.0.10240.0)' evaluates to false.
[013C:0140][2022-08-07T17:39:13]i052: Condition '(VersionNT = v6.0 AND NOT VersionNT64) AND (windows_uCRT_DetectKeyExists AND windows_uCRT_DetectKey >= v10.0.10240.0)' evaluates to false.
[013C:0140][2022-08-07T17:39:13]i052: Condition '(VersionNT = v6.0 AND VersionNT64) AND (windows_uCRT_DetectKeyExists AND windows_uCRT_DetectKey >= v10.0.10240.0)' evaluates to false.
[013C:0140][2022-08-07T17:39:13]i103: Detected related package: {37B55901-995A-3650-80B1-BBFD047E2911}, scope: PerMachine, version: 14.0.24212.0, language: 0 operation: MajorUpgrade
[013C:0140][2022-08-07T17:39:13]i103: Detected related package: {844ECB74-9B63-3D5C-958C-30BD23F19EE4}, scope: PerMachine, version: 14.0.24212.0, language: 0 operation: MajorUpgrade
[013C:0140][2022-08-07T17:39:13]i101: Detected package: Windows81_x86, state: Absent, cached: None
[013C:0140][2022-08-07T17:39:13]i101: Detected package: Windows81_x64, state: Absent, cached: None
[013C:0140][2022-08-07T17:39:13]i101: Detected package: Windows8_x86, state: Absent, cached: None
[013C:0140][2022-08-07T17:39:13]i101: Detected package: Windows8_x64, state: Absent, cached: None
[013C:0140][2022-08-07T17:39:13]i101: Detected package: Windows7_MSU_x86, state: Absent, cached: None
[013C:0140][2022-08-07T17:39:13]i101: Detected package: Windows7_MSU_x64, state: Absent, cached: None
[013C:0140][2022-08-07T17:39:13]i101: Detected package: WindowsVista_MSU_x86, state: Absent, cached: None
[013C:0140][2022-08-07T17:39:13]i101: Detected package: WindowsVista_MSU_x64, state: Absent, cached: None
[013C:0140][2022-08-07T17:39:13]i101: Detected package: vcRuntimeMinimum_x86, state: Absent, cached: None
[013C:0140][2022-08-07T17:39:13]i101: Detected package: vcRuntimeAdditional_x86, state: Absent, cached: None
[013C:0140][2022-08-07T17:39:13]i052: Condition 'VersionNT >= v6.0 OR (VersionNT = v5.1 AND ServicePackLevel >= 2) OR (VersionNT = v5.2 AND ServicePackLevel >= 1)' evaluates to true.
[013C:0140][2022-08-07T17:39:13]i199: Detect complete, result: 0x0
[013C:0140][2022-08-07T17:39:13]i200: Plan begin, 10 packages, action: Install
[013C:0140][2022-08-07T17:39:13]i052: Condition 'VersionNT = v6.3 AND NOT VersionNT64' evaluates to false.
[013C:0140][2022-08-07T17:39:13]w321: Skipping dependency registration on package with no dependency providers: Windows81_x86
[013C:0140][2022-08-07T17:39:13]i052: Condition 'VersionNT = v6.3 AND VersionNT64' evaluates to false.
[013C:0140][2022-08-07T17:39:13]w321: Skipping dependency registration on package with no dependency providers: Windows81_x64
[013C:0140][2022-08-07T17:39:13]i052: Condition 'VersionNT = v6.2 AND NOT VersionNT64' evaluates to false.
[013C:0140][2022-08-07T17:39:13]w321: Skipping dependency registration on package with no dependency providers: Windows8_x86
[013C:0140][2022-08-07T17:39:13]i052: Condition 'VersionNT = v6.2 AND VersionNT64' evaluates to false.
[013C:0140][2022-08-07T17:39:13]w321: Skipping dependency registration on package with no dependency providers: Windows8_x64
[013C:0140][2022-08-07T17:39:13]i052: Condition 'VersionNT = v6.1 AND NOT VersionNT64' evaluates to false.
[013C:0140][2022-08-07T17:39:13]w321: Skipping dependency registration on package with no dependency providers: Windows7_MSU_x86
[013C:0140][2022-08-07T17:39:13]i052: Condition 'VersionNT = v6.1 AND VersionNT64' evaluates to false.
[013C:0140][2022-08-07T17:39:13]w321: Skipping dependency registration on package with no dependency providers: Windows7_MSU_x64
[013C:0140][2022-08-07T17:39:13]i052: Condition 'VersionNT = v6.0 AND NOT VersionNT64' evaluates to false.
[013C:0140][2022-08-07T17:39:13]w321: Skipping dependency registration on package with no dependency providers: WindowsVista_MSU_x86
[013C:0140][2022-08-07T17:39:13]i052: Condition 'VersionNT = v6.0 AND VersionNT64' evaluates to false.
[013C:0140][2022-08-07T17:39:13]w321: Skipping dependency registration on package with no dependency providers: WindowsVista_MSU_x64
[013C:0140][2022-08-07T17:39:13]i000: Setting string variable 'WixBundleRollbackLog_vcRuntimeMinimum_x86' to value 'C:\users\gcenx\Temp\dd_vcredist_x86_20220807173912_000_vcRuntimeMinimum_x86_rollback.log'
[013C:0140][2022-08-07T17:39:13]i000: Setting string variable 'WixBundleLog_vcRuntimeMinimum_x86' to value 'C:\users\gcenx\Temp\dd_vcredist_x86_20220807173912_000_vcRuntimeMinimum_x86.log'
[013C:0140][2022-08-07T17:39:13]i000: Setting string variable 'WixBundleRollbackLog_vcRuntimeAdditional_x86' to value 'C:\users\gcenx\Temp\dd_vcredist_x86_20220807173912_001_vcRuntimeAdditional_x86_rollback.log'
[013C:0140][2022-08-07T17:39:13]i000: Setting string variable 'WixBundleLog_vcRuntimeAdditional_x86' to value 'C:\users\gcenx\Temp\dd_vcredist_x86_20220807173912_001_vcRuntimeAdditional_x86.log'
[013C:0140][2022-08-07T17:39:13]i201: Planned package: Windows81_x86, state: Absent, default requested: Absent, ba requested: Absent, execute: None, rollback: None, cache: No, uncache: No, dependency: None
[013C:0140][2022-08-07T17:39:13]i201: Planned package: Windows81_x64, state: Absent, default requested: Absent, ba requested: Absent, execute: None, rollback: None, cache: No, uncache: No, dependency: None
[013C:0140][2022-08-07T17:39:13]i201: Planned package: Windows8_x86, state: Absent, default requested: Absent, ba requested: Absent, execute: None, rollback: None, cache: No, uncache: No, dependency: None
[013C:0140][2022-08-07T17:39:13]i201: Planned package: Windows8_x64, state: Absent, default requested: Absent, ba requested: Absent, execute: None, rollback: None, cache: No, uncache: No, dependency: None
[013C:0140][2022-08-07T17:39:13]i201: Planned package: Windows7_MSU_x86, state: Absent, default requested: Absent, ba requested: Absent, execute: None, rollback: None, cache: No, uncache: No, dependency: None
[013C:0140][2022-08-07T17:39:13]i201: Planned package: Windows7_MSU_x64, state: Absent, default requested: Absent, ba requested: Absent, execute: None, rollback: None, cache: No, uncache: No, dependency: None
[013C:0140][2022-08-07T17:39:13]i201: Planned package: WindowsVista_MSU_x86, state: Absent, default requested: Absent, ba requested: Absent, execute: None, rollback: None, cache: No, uncache: No, dependency: None
[013C:0140][2022-08-07T17:39:13]i201: Planned package: WindowsVista_MSU_x64, state: Absent, default requested: Absent, ba requested: Absent, execute: None, rollback: None, cache: No, uncache: No, dependency: None
[013C:0140][2022-08-07T17:39:13]i201: Planned package: vcRuntimeMinimum_x86, state: Absent, default requested: Present, ba requested: Present, execute: Install, rollback: Uninstall, cache: Yes, uncache: No, dependency: Register
[013C:0140][2022-08-07T17:39:13]i201: Planned package: vcRuntimeAdditional_x86, state: Absent, default requested: Present, ba requested: Present, execute: Install, rollback: Uninstall, cache: Yes, uncache: No, dependency: Register
[013C:0140][2022-08-07T17:39:13]i207: Planned related bundle: {462f63a8-6347-4894-a1b3-dbfe3a4c981d}, type: Upgrade, default requested: Absent, ba requested: Absent, execute: Uninstall, rollback: Install, dependency: None
[013C:0140][2022-08-07T17:39:13]i299: Plan complete, result: 0x0
[013C:0140][2022-08-07T17:39:13]i300: Apply begin
[013C:0140][2022-08-07T17:39:13]i010: Launching elevated engine process.
[013C:0140][2022-08-07T17:39:13]i011: Launched elevated engine process.
[013C:0140][2022-08-07T17:39:14]i012: Connected to elevated engine.
[0150:0154][2022-08-07T17:39:14]i358: Pausing automatic updates.
[0150:0154][2022-08-07T17:39:14]i359: Paused automatic updates.
[0150:0154][2022-08-07T17:39:14]i360: Creating a system restore point.
[0150:0154][2022-08-07T17:39:14]i361: Created a system restore point.
[0150:0154][2022-08-07T17:39:14]i370: Session begin, registration key: SOFTWARE\Microsoft\Windows\CurrentVersion\Uninstall\{8d5fdf81-7022-423f-bd8b-b513a1050ae1}, options: 0x7, disable resume: No
[0150:0154][2022-08-07T17:39:14]i000: Caching bundle from: 'C:\windows\Temp\{EED0CFBF-8310-4244-A1CF-C26C83126824}\.be\VC_redist.x86.exe' to: 'C:\ProgramData\Package Cache\{8d5fdf81-7022-423f-bd8b-b513a1050ae1}\VC_redist.x86.exe'
[0150:0154][2022-08-07T17:39:14]i320: Registering bundle dependency provider: VC,redist.x86,x86,14.29,bundle, version: 14.29.30139.0
[0150:0154][2022-08-07T17:39:14]i371: Updating session, registration key: SOFTWARE\Microsoft\Windows\CurrentVersion\Uninstall\{8d5fdf81-7022-423f-bd8b-b513a1050ae1}, resume: Active, restart initiated: No, disable resume: No
[0150:0160][2022-08-07T17:39:14]i305: Verified acquired payload: vcRuntimeMinimum_x86 at path: C:\ProgramData\Package Cache\.unverified\vcRuntimeMinimum_x86, moving to: C:\ProgramData\Package Cache\{1679EF65-55F3-4248-B91E-6B3BE1A69CDF}v14.29.30139\packages\vcRuntimeMinimum_x86\vc_runtimeMinimum_x86.msi.
[0150:0160][2022-08-07T17:39:14]i305: Verified acquired payload: cab54A5CABBE7274D8A22EB58060AAB7623 at path: C:\ProgramData\Package Cache\.unverified\cab54A5CABBE7274D8A22EB58060AAB7623, moving to: C:\ProgramData\Package Cache\{1679EF65-55F3-4248-B91E-6B3BE1A69CDF}v14.29.30139\packages\vcRuntimeMinimum_x86\cab1.cab.
[0150:0160][2022-08-07T17:39:14]i305: Verified acquired payload: vcRuntimeAdditional_x86 at path: C:\ProgramData\Package Cache\.unverified\vcRuntimeAdditional_x86, moving to: C:\ProgramData\Package Cache\{1AEA8854-7597-4CD3-948F-8DE364D94E07}v14.29.30139\packages\vcRuntimeAdditional_x86\vc_runtimeAdditional_x86.msi.
[0150:0160][2022-08-07T17:39:14]i305: Verified acquired payload: cabB3E1576D1FEFBB979E13B1A5379E0B16 at path: C:\ProgramData\Package Cache\.unverified\cabB3E1576D1FEFBB979E13B1A5379E0B16, moving to: C:\ProgramData\Package Cache\{1AEA8854-7597-4CD3-948F-8DE364D94E07}v14.29.30139\packages\vcRuntimeAdditional_x86\cab1.cab.
[0150:0154][2022-08-07T17:39:14]i301: Applying execute package: vcRuntimeMinimum_x86, action: Install, path: C:\ProgramData\Package Cache\{1679EF65-55F3-4248-B91E-6B3BE1A69CDF}v14.29.30139\packages\vcRuntimeMinimum_x86\vc_runtimeMinimum_x86.msi, arguments: ' MSIFASTINSTALL="7" NOVSUI="1"'
[013C:0140][2022-08-07T17:39:15]i319: Applied execute package: vcRuntimeMinimum_x86, result: 0x0, restart: Required
[0150:0154][2022-08-07T17:39:15]i325: Registering dependency: {8d5fdf81-7022-423f-bd8b-b513a1050ae1} on package provider: Microsoft.VS.VC_RuntimeMinimumVSU_x86,v14, package: vcRuntimeMinimum_x86
[0150:0154][2022-08-07T17:39:15]i301: Applying execute package: vcRuntimeAdditional_x86, action: Install, path: C:\ProgramData\Package Cache\{1AEA8854-7597-4CD3-948F-8DE364D94E07}v14.29.30139\packages\vcRuntimeAdditional_x86\vc_runtimeAdditional_x86.msi, arguments: ' MSIFASTINSTALL="7" NOVSUI="1"'
[013C:0140][2022-08-07T17:39:17]i319: Applied execute package: vcRuntimeAdditional_x86, result: 0x0, restart: None
[0150:0154][2022-08-07T17:39:17]i325: Registering dependency: {8d5fdf81-7022-423f-bd8b-b513a1050ae1} on package provider: Microsoft.VS.VC_RuntimeAdditionalVSU_x86,v14, package: vcRuntimeAdditional_x86
[0150:0154][2022-08-07T17:39:17]i301: Applying execute package: {462f63a8-6347-4894-a1b3-dbfe3a4c981d}, action: Uninstall, path: C:\ProgramData\Package Cache\{462f63a8-6347-4894-a1b3-dbfe3a4c981d}\VC_redist.x86.exe, arguments: '"C:\ProgramData\Package Cache\{462f63a8-6347-4894-a1b3-dbfe3a4c981d}\VC_redist.x86.exe" -uninstall -quiet -burn.related.upgrade -burn.ancestors={8d5fdf81-7022-423f-bd8b-b513a1050ae1} -burn.filehandle.self=152'
[0150:0154][2022-08-07T17:39:17]e000: Error 0x80070538: Failed to create the security descriptor for the connection event and pipe.
[0150:0154][2022-08-07T17:39:17]e000: Error 0x80070538: Failed to create embedded pipe.
[0150:0154][2022-08-07T17:39:17]e000: Error 0x80070538: Failed to run bundle as embedded from path: C:\ProgramData\Package Cache\{462f63a8-6347-4894-a1b3-dbfe3a4c981d}\VC_redist.x86.exe
[0150:0154][2022-08-07T17:39:17]e000: Error 0x80070538: Failed to execute EXE package.
[013C:0140][2022-08-07T17:39:17]e000: Error 0x80070538: Failed to configure per-machine EXE package.
[013C:0140][2022-08-07T17:39:17]w350: Applied non-vital package: {462f63a8-6347-4894-a1b3-dbfe3a4c981d}, encountered error: 0x80070538. Continuing...
[0150:0154][2022-08-07T17:39:17]i372: Session end, registration key: SOFTWARE\Microsoft\Windows\CurrentVersion\Uninstall\{8d5fdf81-7022-423f-bd8b-b513a1050ae1}, resume: ARP, restart: Required, disable resume: No
[0150:0154][2022-08-07T17:39:17]i371: Updating session, registration key: SOFTWARE\Microsoft\Windows\CurrentVersion\Uninstall\{8d5fdf81-7022-423f-bd8b-b513a1050ae1}, resume: ARP, restart initiated: No, disable resume: No
[013C:0140][2022-08-07T17:39:17]i399: Apply complete, result: 0x0, restart: Required, ba requested restart:  No
[013C:0140][2022-08-07T17:39:17]i500: Shutting down, exit code: 0xbc2
[013C:0140][2022-08-07T17:39:17]i004: Bootstrapper application requested restart at shutdown. Planned to restart already: No.
[013C:0140][2022-08-07T17:39:17]i410: Variable: ServicePackLevel = 2
[013C:0140][2022-08-07T17:39:17]i410: Variable: SystemFolder = C:\windows\system32\
[013C:0140][2022-08-07T17:39:17]i410: Variable: VersionNT = 5.2.0.0
[013C:0140][2022-08-07T17:39:17]i410: Variable: VersionNT64 = 5.2.0.0
[013C:0140][2022-08-07T17:39:17]i410: Variable: windows_uCRT_DetectKey = 10.0.14393.2247
[013C:0140][2022-08-07T17:39:17]i410: Variable: windows_uCRT_DetectKeyExists = 1
[013C:0140][2022-08-07T17:39:17]i410: Variable: WixBundleAction = 5
[013C:0140][2022-08-07T17:39:17]i410: Variable: WixBundleElevated = 1
[013C:0140][2022-08-07T17:39:17]i410: Variable: WixBundleFileVersion = 14.29.30139.0
[013C:0140][2022-08-07T17:39:17]i410: Variable: WixBundleInstalled = 0
[013C:0140][2022-08-07T17:39:17]i410: Variable: WixBundleLog = C:\users\gcenx\Temp\dd_vcredist_x86_20220807173912.log
[013C:0140][2022-08-07T17:39:17]i410: Variable: WixBundleLog_vcRuntimeAdditional_x86 = C:\users\gcenx\Temp\dd_vcredist_x86_20220807173912_001_vcRuntimeAdditional_x86.log
[013C:0140][2022-08-07T17:39:17]i410: Variable: WixBundleLog_vcRuntimeMinimum_x86 = C:\users\gcenx\Temp\dd_vcredist_x86_20220807173912_000_vcRuntimeMinimum_x86.log
[013C:0140][2022-08-07T17:39:17]i410: Variable: WixBundleManufacturer = Microsoft Corporation
[013C:0140][2022-08-07T17:39:17]i410: Variable: WixBundleName = Microsoft Visual C++ 2015-2019 Redistributable (x86) - 14.29.30139
[013C:0140][2022-08-07T17:39:17]i410: Variable: WixBundleOriginalSource = Y:\vcrun2019\vc_redist.x86.exe
[013C:0140][2022-08-07T17:39:17]i410: Variable: WixBundleOriginalSourceFolder = Y:\vcrun2019\
[013C:0140][2022-08-07T17:39:17]i410: Variable: WixBundleProviderKey = VC,redist.x86,x86,14.29,bundle
[013C:0140][2022-08-07T17:39:17]i410: Variable: WixBundleRollbackLog_vcRuntimeAdditional_x86 = C:\users\gcenx\Temp\dd_vcredist_x86_20220807173912_001_vcRuntimeAdditional_x86_rollback.log
[013C:0140][2022-08-07T17:39:17]i410: Variable: WixBundleRollbackLog_vcRuntimeMinimum_x86 = C:\users\gcenx\Temp\dd_vcredist_x86_20220807173912_000_vcRuntimeMinimum_x86_rollback.log
[013C:0140][2022-08-07T17:39:17]i410: Variable: WixBundleSourceProcessFolder = Y:\vcrun2019\
[013C:0140][2022-08-07T17:39:17]i410: Variable: WixBundleSourceProcessPath = Y:\vcrun2019\vc_redist.x86.exe
[013C:0140][2022-08-07T17:39:17]i410: Variable: WixBundleTag = 
[013C:0140][2022-08-07T17:39:17]i410: Variable: WixBundleVersion = 14.29.30139.0
[013C:0140][2022-08-07T17:39:17]i007: Exit code: 0xbc2, restarting: Yes
[013C:0140][2022-08-07T17:39:17]w005: Restarting computer...
=======================================
