1: 0 2: 1033 3: 1252 
=== Logging started: 8/7/2022  5:36:01 ===
Message type: 0, Argument: 1033
Message type: 1, Argument: Microsoft Visual C++ 2015 x86 Additional Runtime - 14.0.24212
Action 5:36:01: INSTALL. 
Action start 5:36:01: INSTALL.
1: 0 2: 1033 3: 1252 
1: 0 2: 1033 3: 1252 
=== Logging started: 8/7/2022  5:36:01 ===
Message type: 0, Argument: 1033
Message type: 1, Argument: Microsoft Visual C++ 2015 x86 Additional Runtime - 14.0.24212
Action 5:36:01: INSTALL. 
Action start 5:36:01: INSTALL.
1: Microsoft Visual C++ 2015 x86 Additional Runtime - 14.0.24212 2: {844ECB74-9B63-3D5C-958C-30BD23F19EE4} 
Action 5:36:01: FindRelatedProducts. Searching for related applications
Action start 5:36:01: FindRelatedProducts.
Action ended 5:36:01: FindRelatedProducts. Return value 1.
Action 5:36:01: LaunchConditions. Evaluating launch conditions
Action start 5:36:01: LaunchConditions.
Action ended 5:36:01: LaunchConditions. Return value 1.
Action 5:36:01: AppSearch. Searching for installed applications
Action start 5:36:01: AppSearch.
Property: REDISTFOUNDVERLANG, Signature: DetectRedistVerLangSignature
Property: REDISTFOUNDVER, Signature: DetectRedistVerSignature
Property: JSHFOUNDVER, Signature: DetectJSHVerSignature
Property: OCMFOUNDVER, Signature: DetectOCMRedistVerSignature
Property: OCMFOUNDVERLANG, Signature: DetectOCMRedistVerLangSignature
Action ended 5:36:01: AppSearch. Return value 1.
Action 5:36:01: ValidateProductID. 
Action start 5:36:01: ValidateProductID.
Action ended 5:36:01: ValidateProductID. Return value 1.
Action 5:36:01: CostInitialize. Computing space requirements
Action start 5:36:01: CostInitialize.
Action ended 5:36:01: CostInitialize. Return value 1.
Action 5:36:01: FileCost. Computing space requirements
Action start 5:36:01: FileCost.
Action ended 5:36:01: FileCost. Return value 1.
Action 5:36:01: CostFinalize. Computing space requirements
Action start 5:36:01: CostFinalize.
Action ended 5:36:01: CostFinalize. Return value 1.
Action 5:36:01: SetODBCFolders. Initializing ODBC directories
Action start 5:36:01: SetODBCFolders.
Action ended 5:36:01: SetODBCFolders. Return value 1.
Action 5:36:01: InstallValidate. Validating install
Action start 5:36:01: InstallValidate.
Action ended 5:36:01: InstallValidate. Return value 1.
Action 5:36:01: InstallInitialize. 
Action start 5:36:01: InstallInitialize.
Action ended 5:36:01: InstallInitialize. Return value 1.
Action 5:36:01: RemoveExistingProducts. Removing applications
Action start 5:36:01: RemoveExistingProducts.
Action ended 5:36:01: RemoveExistingProducts. Return value 1.
Action 5:36:01: AllocateRegistrySpace. Allocating registry space
Action start 5:36:01: AllocateRegistrySpace.
Free space: 0
Action ended 5:36:01: AllocateRegistrySpace. Return value 1.
Action 5:36:01: ProcessComponents. Updating component registration
Action start 5:36:01: ProcessComponents.
Action ended 5:36:01: ProcessComponents. Return value 1.
Action 5:36:01: UnpublishComponents. Unpublishing Qualified Components
Action start 5:36:01: UnpublishComponents.
Action ended 5:36:01: UnpublishComponents. Return value 1.
Action 5:36:01: MsiUnpublishAssemblies. Unpublishing assembly information
Action start 5:36:01: MsiUnpublishAssemblies.
Action ended 5:36:01: MsiUnpublishAssemblies. Return value 1.
Action 5:36:01: UnpublishFeatures. Unpublishing Product Features
Action start 5:36:01: UnpublishFeatures.
Action ended 5:36:01: UnpublishFeatures. Return value 1.
Action 5:36:01: StopServices. Stopping services
Action start 5:36:01: StopServices.
Action ended 5:36:01: StopServices. Return value 1.
Action 5:36:01: DeleteServices. Deleting services
Action start 5:36:01: DeleteServices.
Action ended 5:36:01: DeleteServices. Return value 1.
Action 5:36:01: UnregisterComPlus. Unregistering COM+ Applications and Components
Action start 5:36:01: UnregisterComPlus.
Action ended 5:36:01: UnregisterComPlus. Return value 1.
Action 5:36:01: SelfUnregModules. Unregistering modules
Action start 5:36:01: SelfUnregModules.
Action ended 5:36:01: SelfUnregModules. Return value 1.
Action 5:36:01: UnregisterTypeLibraries. Unregistering type libraries
Action start 5:36:01: UnregisterTypeLibraries.
Action ended 5:36:01: UnregisterTypeLibraries. Return value 1.
Action 5:36:01: RemoveODBC. Removing ODBC components
Action start 5:36:01: RemoveODBC.
Action ended 5:36:01: RemoveODBC. Return value 1.
Action 5:36:01: UnregisterFonts. Unregistering fonts
Action start 5:36:01: UnregisterFonts.
Action ended 5:36:01: UnregisterFonts. Return value 1.
Action 5:36:01: RemoveRegistryValues. Removing system registry values
Action start 5:36:01: RemoveRegistryValues.
Action ended 5:36:01: RemoveRegistryValues. Return value 1.
Action 5:36:01: UnregisterClassInfo. Unregister Class servers
Action start 5:36:01: UnregisterClassInfo.
Action ended 5:36:01: UnregisterClassInfo. Return value 1.
Action 5:36:01: UnregisterMIMEInfo. Unregistering MIME info
Action start 5:36:01: UnregisterMIMEInfo.
Action ended 5:36:01: UnregisterMIMEInfo. Return value 1.
Action 5:36:01: RemoveIniValues. Removing INI files entries
Action start 5:36:01: RemoveIniValues.
Action ended 5:36:01: RemoveIniValues. Return value 1.
Action 5:36:01: RemoveShortcuts. Removing shortcuts
Action start 5:36:01: RemoveShortcuts.
Action ended 5:36:01: RemoveShortcuts. Return value 1.
Action 5:36:01: RemoveEnvironmentStrings. Updating environment strings
Action start 5:36:01: RemoveEnvironmentStrings.
Action ended 5:36:01: RemoveEnvironmentStrings. Return value 1.
Action 5:36:01: RemoveDuplicateFiles. Removing duplicated files
Action start 5:36:01: RemoveDuplicateFiles.
Action ended 5:36:01: RemoveDuplicateFiles. Return value 1.
Action 5:36:01: RemoveFiles. Removing files
Action start 5:36:01: RemoveFiles.
Action ended 5:36:01: RemoveFiles. Return value 1.
Action 5:36:01: RemoveFolders. Removing folders
Action start 5:36:01: RemoveFolders.
Action ended 5:36:01: RemoveFolders. Return value 1.
Action 5:36:01: CreateFolders. Creating folders
Action start 5:36:01: CreateFolders.
Action ended 5:36:01: CreateFolders. Return value 1.
Action 5:36:01: MoveFiles. Moving files
Action start 5:36:01: MoveFiles.
Action ended 5:36:01: MoveFiles. Return value 1.
Action 5:36:01: InstallFiles. Copying new files
Action start 5:36:01: InstallFiles.
Action ended 5:36:01: InstallFiles. Return value 1.
Action 5:36:01: DuplicateFiles. Creating duplicate files
Action start 5:36:01: DuplicateFiles.
Action ended 5:36:01: DuplicateFiles. Return value 1.
Action 5:36:01: BindImage. Binding executables
Action start 5:36:01: BindImage.
Action ended 5:36:01: BindImage. Return value 1.
Action 5:36:01: RegisterClassInfo. Registering Class servers
Action start 5:36:01: RegisterClassInfo.
Action ended 5:36:01: RegisterClassInfo. Return value 1.
Action 5:36:01: RegisterMIMEInfo. Registering MIME info
Action start 5:36:01: RegisterMIMEInfo.
Action ended 5:36:01: RegisterMIMEInfo. Return value 1.
Action 5:36:01: RegisterTypeLibraries. Registering type libraries
Action start 5:36:01: RegisterTypeLibraries.
Action ended 5:36:01: RegisterTypeLibraries. Return value 1.
Action 5:36:01: WriteRegistryValues. Writing system registry values
Action start 5:36:01: WriteRegistryValues.
Action ended 5:36:01: WriteRegistryValues. Return value 1.
Action 5:36:01: WriteIniValues. Writing INI files values
Action start 5:36:01: WriteIniValues.
Action ended 5:36:01: WriteIniValues. Return value 1.
Action 5:36:01: WriteEnvironmentStrings. Updating environment strings
Action start 5:36:01: WriteEnvironmentStrings.
Action ended 5:36:01: WriteEnvironmentStrings. Return value 1.
Action 5:36:01: RegisterFonts. Registering fonts
Action start 5:36:01: RegisterFonts.
Action ended 5:36:01: RegisterFonts. Return value 1.
Action 5:36:01: InstallODBC. Installing ODBC components
Action start 5:36:01: InstallODBC.
Action ended 5:36:01: InstallODBC. Return value 1.
Action 5:36:01: SelfRegModules. Registering modules
Action start 5:36:01: SelfRegModules.
Action ended 5:36:01: SelfRegModules. Return value 1.
Action 5:36:01: RegisterComPlus. Registering COM+ Applications and Components
Action start 5:36:01: RegisterComPlus.
Action ended 5:36:01: RegisterComPlus. Return value 1.
Action 5:36:01: InstallServices. Installing new services
Action start 5:36:01: InstallServices.
Action ended 5:36:01: InstallServices. Return value 1.
Action 5:36:01: StartServices. Starting services
Action start 5:36:01: StartServices.
Action ended 5:36:01: StartServices. Return value 1.
Action 5:36:01: RegisterUser. Registering user
Action start 5:36:01: RegisterUser.
Action ended 5:36:01: RegisterUser. Return value 1.
Action 5:36:01: RegisterProduct. Registering product
Action start 5:36:01: RegisterProduct.
Action ended 5:36:01: RegisterProduct. Return value 1.
Action 5:36:01: PublishComponents. Publishing Qualified Components
Action start 5:36:01: PublishComponents.
Action ended 5:36:01: PublishComponents. Return value 1.
Action 5:36:01: MsiPublishAssemblies. Publishing assembly information
Action start 5:36:01: MsiPublishAssemblies.
Action ended 5:36:01: MsiPublishAssemblies. Return value 1.
Action 5:36:01: PublishFeatures. Publishing Product Features
Action start 5:36:01: PublishFeatures.
Action ended 5:36:01: PublishFeatures. Return value 1.
Action 5:36:01: PublishProduct. Publishing product information
Action start 5:36:01: PublishProduct.
Action ended 5:36:01: PublishProduct. Return value 1.
Action 5:36:01: CreateShortcuts. Creating shortcuts
Action start 5:36:01: CreateShortcuts.
Action ended 5:36:01: CreateShortcuts. Return value 1.
Action 5:36:01: InstallFinalize. 
Action start 5:36:01: InstallFinalize.
Action 5:36:01: ProcessComponents. Updating component registration
Action start 5:36:01: ProcessComponents.
1: {844ECB74-9B63-3D5C-958C-30BD23F19EE4} 2: {2FBCCF06-0D7B-3E2D-A6AF-5DA2828EBEE9} 3: 02:\SOFTWARE\Microsoft\VisualStudio\14.0\VC\Runtimes\x86\Version 
1: {844ECB74-9B63-3D5C-958C-30BD23F19EE4} 2: {4FD4AB8C-C57F-3782-9230-9CCA22153AD3} 3: C:\windows\syswow64\mfc140.dll 
1: {844ECB74-9B63-3D5C-958C-30BD23F19EE4} 2: {46A1EA6B-3D81-3399-8991-127F7F7AE76A} 3: C:\windows\syswow64\mfc140u.dll 
1: {844ECB74-9B63-3D5C-958C-30BD23F19EE4} 2: {C94DDE19-CC70-3B9A-A6AF-5CA7340B9B9A} 3: C:\windows\syswow64\mfcm140.dll 
1: {844ECB74-9B63-3D5C-958C-30BD23F19EE4} 2: {946D6FA6-49BB-3415-AD2D-4D634C432CF0} 3: C:\windows\syswow64\mfcm140u.dll 
1: {844ECB74-9B63-3D5C-958C-30BD23F19EE4} 2: {E533B148-A83A-3788-A763-0C6C46CF6CC3} 3: C:\windows\syswow64\mfc140chs.dll 
1: {844ECB74-9B63-3D5C-958C-30BD23F19EE4} 2: {8B35C1A3-3BC8-3C7F-B375-6D5B2E278BFF} 3: C:\windows\syswow64\mfc140cht.dll 
1: {844ECB74-9B63-3D5C-958C-30BD23F19EE4} 2: {A06367B0-D1B9-3CA0-A518-2BB563762257} 3: C:\windows\syswow64\mfc140deu.dll 
1: {844ECB74-9B63-3D5C-958C-30BD23F19EE4} 2: {B2A724FB-BE66-3A00-8162-733A2616AA43} 3: C:\windows\syswow64\mfc140enu.dll 
1: {844ECB74-9B63-3D5C-958C-30BD23F19EE4} 2: {29C00ECB-07FA-314C-93B9-A4058FE2025B} 3: C:\windows\syswow64\mfc140esn.dll 
1: {844ECB74-9B63-3D5C-958C-30BD23F19EE4} 2: {4E5D8DF7-1BC9-3950-B148-90102BCE777A} 3: C:\windows\syswow64\mfc140fra.dll 
1: {844ECB74-9B63-3D5C-958C-30BD23F19EE4} 2: {B9E93E81-8CA8-3A5A-AE53-58269C7974C8} 3: C:\windows\syswow64\mfc140ita.dll 
1: {844ECB74-9B63-3D5C-958C-30BD23F19EE4} 2: {BFAB25E7-7089-3F7F-B206-5B894ABD7B7A} 3: C:\windows\syswow64\mfc140jpn.dll 
1: {844ECB74-9B63-3D5C-958C-30BD23F19EE4} 2: {8A2ECF25-CE78-39E8-B94D-AB1B1A825FC3} 3: C:\windows\syswow64\mfc140kor.dll 
1: {844ECB74-9B63-3D5C-958C-30BD23F19EE4} 2: {DE8821FC-6B01-34B3-822E-1F37A99E4A2E} 3: C:\windows\syswow64\mfc140rus.dll 
1: {844ECB74-9B63-3D5C-958C-30BD23F19EE4} 2: {C96DC6F1-894A-33E0-A8C1-3E9E7394FA28} 3: 02:\SOFTWARE\Microsoft\DevDiv\vc\Servicing\14.0\SP 
1: {844ECB74-9B63-3D5C-958C-30BD23F19EE4} 2: {1EA220DF-5B36-3289-B979-D06841E41888} 3: 02:\SOFTWARE\Microsoft\DevDiv\vc\Servicing\14.0\RuntimeAdditional\Install 
1: {844ECB74-9B63-3D5C-958C-30BD23F19EE4} 2: {7F3A911D-F2F1-31B0-9880-590B7CA662C7} 3: -1:\Software\Classes\Installer\Dependencies\Microsoft.VS.VC_RuntimeAdditionalVSU_x86,v14\Version 
Action ended 5:36:01: ProcessComponents. Return value 1.
Action 5:36:01: UnpublishComponents. Unpublishing Qualified Components
Action start 5:36:01: UnpublishComponents.
Action ended 5:36:01: UnpublishComponents. Return value 1.
Action 5:36:01: MsiUnpublishAssemblies. Unpublishing assembly information
Action start 5:36:01: MsiUnpublishAssemblies.
Action ended 5:36:01: MsiUnpublishAssemblies. Return value 1.
Action 5:36:01: UnpublishFeatures. Unpublishing Product Features
Action start 5:36:01: UnpublishFeatures.
Action ended 5:36:01: UnpublishFeatures. Return value 1.
Action 5:36:01: StopServices. Stopping services
Action start 5:36:01: StopServices.
Action ended 5:36:01: StopServices. Return value 1.
Action 5:36:01: DeleteServices. Deleting services
Action start 5:36:01: DeleteServices.
Action ended 5:36:01: DeleteServices. Return value 1.
Action 5:36:01: SelfUnregModules. Unregistering modules
Action start 5:36:01: SelfUnregModules.
Action ended 5:36:01: SelfUnregModules. Return value 1.
Action 5:36:01: UnregisterTypeLibraries. Unregistering type libraries
Action start 5:36:01: UnregisterTypeLibraries.
Action ended 5:36:01: UnregisterTypeLibraries. Return value 1.
Action 5:36:01: RemoveODBC. Removing ODBC components
Action start 5:36:01: RemoveODBC.
Action ended 5:36:01: RemoveODBC. Return value 1.
Action 5:36:01: UnregisterFonts. Unregistering fonts
Action start 5:36:01: UnregisterFonts.
Action ended 5:36:01: UnregisterFonts. Return value 1.
Action 5:36:01: RemoveRegistryValues. Removing system registry values
Action start 5:36:01: RemoveRegistryValues.
Action ended 5:36:01: RemoveRegistryValues. Return value 1.
Action 5:36:01: UnregisterClassInfo. Unregister Class servers
Action start 5:36:01: UnregisterClassInfo.
Action ended 5:36:01: UnregisterClassInfo. Return value 1.
Action 5:36:01: UnregisterMIMEInfo. Unregistering MIME info
Action start 5:36:01: UnregisterMIMEInfo.
Action ended 5:36:01: UnregisterMIMEInfo. Return value 1.
Action 5:36:01: RemoveIniValues. Removing INI files entries
Action start 5:36:01: RemoveIniValues.
Action ended 5:36:01: RemoveIniValues. Return value 1.
Action 5:36:01: RemoveShortcuts. Removing shortcuts
Action start 5:36:01: RemoveShortcuts.
Action ended 5:36:01: RemoveShortcuts. Return value 1.
Action 5:36:01: RemoveEnvironmentStrings. Updating environment strings
Action start 5:36:01: RemoveEnvironmentStrings.
Action ended 5:36:01: RemoveEnvironmentStrings. Return value 1.
Action 5:36:01: RemoveDuplicateFiles. Removing duplicated files
Action start 5:36:01: RemoveDuplicateFiles.
Action ended 5:36:01: RemoveDuplicateFiles. Return value 1.
Action 5:36:01: RemoveFiles. Removing files
Action start 5:36:01: RemoveFiles.
File: mfc140.dll, Directory: SystemFolder_x86_VC
File: mfc140chs.dll, Directory: SystemFolder_x86_VC
File: mfc140cht.dll, Directory: SystemFolder_x86_VC
File: mfc140deu.dll, Directory: SystemFolder_x86_VC
File: mfc140enu.dll, Directory: SystemFolder_x86_VC
File: mfc140esn.dll, Directory: SystemFolder_x86_VC
File: mfc140fra.dll, Directory: SystemFolder_x86_VC
File: mfc140ita.dll, Directory: SystemFolder_x86_VC
File: mfc140jpn.dll, Directory: SystemFolder_x86_VC
File: mfc140kor.dll, Directory: SystemFolder_x86_VC
File: mfc140rus.dll, Directory: SystemFolder_x86_VC
File: mfc140u.dll, Directory: SystemFolder_x86_VC
File: mfcm140.dll, Directory: SystemFolder_x86_VC
File: mfcm140u.dll, Directory: SystemFolder_x86_VC
Action ended 5:36:01: RemoveFiles. Return value 1.
Action 5:36:01: RemoveFolders. Removing folders
Action start 5:36:01: RemoveFolders.
Action ended 5:36:01: RemoveFolders. Return value 1.
Action 5:36:01: CreateFolders. Creating folders
Action start 5:36:01: CreateFolders.
Action ended 5:36:01: CreateFolders. Return value 1.
Action 5:36:01: MoveFiles. Moving files
Action start 5:36:01: MoveFiles.
Action ended 5:36:01: MoveFiles. Return value 1.
Action 5:36:01: InstallFiles. Copying new files
Action start 5:36:01: InstallFiles.
File: mfc140.dll,  Directory: SystemFolder_x86_VC,  Size: 4705072
File: mfc140chs.dll,  Directory: SystemFolder_x86_VC,  Size: 46912
File: mfc140cht.dll,  Directory: SystemFolder_x86_VC,  Size: 46912
File: mfc140deu.dll,  Directory: SystemFolder_x86_VC,  Size: 75584
File: mfc140enu.dll,  Directory: SystemFolder_x86_VC,  Size: 65856
File: mfc140esn.dll,  Directory: SystemFolder_x86_VC,  Size: 74560
File: mfc140fra.dll,  Directory: SystemFolder_x86_VC,  Size: 75584
File: mfc140ita.dll,  Directory: SystemFolder_x86_VC,  Size: 73536
File: mfc140jpn.dll,  Directory: SystemFolder_x86_VC,  Size: 55104
File: mfc140kor.dll,  Directory: SystemFolder_x86_VC,  Size: 54080
File: mfc140rus.dll,  Directory: SystemFolder_x86_VC,  Size: 71488
File: mfc140u.dll,  Directory: SystemFolder_x86_VC,  Size: 4775224
File: mfcm140.dll,  Directory: SystemFolder_x86_VC,  Size: 95032
File: mfcm140u.dll,  Directory: SystemFolder_x86_VC,  Size: 95552
Action ended 5:36:01: InstallFiles. Return value 1.
Action 5:36:01: DuplicateFiles. Creating duplicate files
Action start 5:36:01: DuplicateFiles.
Action ended 5:36:01: DuplicateFiles. Return value 1.
Action 5:36:01: RegisterClassInfo. Registering Class servers
Action start 5:36:01: RegisterClassInfo.
Action ended 5:36:01: RegisterClassInfo. Return value 1.
Action 5:36:01: RegisterMIMEInfo. Registering MIME info
Action start 5:36:01: RegisterMIMEInfo.
Action ended 5:36:01: RegisterMIMEInfo. Return value 1.
Action 5:36:01: RegisterTypeLibraries. Registering type libraries
Action start 5:36:01: RegisterTypeLibraries.
Action ended 5:36:01: RegisterTypeLibraries. Return value 1.
Action 5:36:01: WriteRegistryValues. Writing system registry values
Action start 5:36:01: WriteRegistryValues.
Key: HKEY_LOCAL_MACHINE\SOFTWARE\Microsoft\VisualStudio\14.0\VC\Runtimes\x86, Name: Version, Value: v14.0.24212.00
Key: HKEY_LOCAL_MACHINE\SOFTWARE\Microsoft\DevDiv\vc\Servicing\14.0, Name: SP, Value: 
Key: HKEY_LOCAL_MACHINE\SOFTWARE\Microsoft\DevDiv\vc\Servicing\14.0\RuntimeAdditional, Name: Install, Value: 
Key: HKEY_LOCAL_MACHINE\Software\Classes\Installer\Dependencies\Microsoft.VS.VC_RuntimeAdditionalVSU_x86,v14, Name: Version, Value: 14.0.24212
Key: HKEY_LOCAL_MACHINE\SOFTWARE\Microsoft\VisualStudio\14.0\VC\Runtimes\x86, Name: Installed, Value: 
Key: HKEY_LOCAL_MACHINE\SOFTWARE\Microsoft\VisualStudio\14.0\VC\Runtimes\x86, Name: Major, Value: 
Key: HKEY_LOCAL_MACHINE\SOFTWARE\Microsoft\VisualStudio\14.0\VC\Runtimes\x86, Name: Minor, Value: 
Key: HKEY_LOCAL_MACHINE\SOFTWARE\Microsoft\VisualStudio\14.0\VC\Runtimes\x86, Name: Bld, Value: 
Key: HKEY_LOCAL_MACHINE\SOFTWARE\Microsoft\VisualStudio\14.0\VC\Runtimes\x86, Name: Rbld, Value: 
Key: HKEY_LOCAL_MACHINE\SOFTWARE\Microsoft\DevDiv\vc\Servicing\14.0, Name: SPIndex, Value: 
Key: HKEY_LOCAL_MACHINE\SOFTWARE\Microsoft\DevDiv\vc\Servicing\14.0\RuntimeAdditional, Name: InstallerType, Value: MSI
Key: HKEY_LOCAL_MACHINE\SOFTWARE\Microsoft\DevDiv\vc\Servicing\14.0\RuntimeAdditional, Name: SP, Value: 
Key: HKEY_LOCAL_MACHINE\SOFTWARE\Microsoft\DevDiv\vc\Servicing\14.0\RuntimeAdditional, Name: SPIndex, Value: 
Key: HKEY_LOCAL_MACHINE\SOFTWARE\Microsoft\DevDiv\vc\Servicing\14.0\RuntimeAdditional, Name: SPName, Value: RTM
Key: HKEY_LOCAL_MACHINE\SOFTWARE\Microsoft\DevDiv\vc\Servicing\14.0\RuntimeAdditional, Name: Version, Value: 14.0.24212
Key: HKEY_LOCAL_MACHINE\SOFTWARE\Microsoft\DevDiv\vc\Servicing\14.0\RuntimeAdditional, Name: UpdateVersion, Value: 14.0.24212
Key: HKEY_LOCAL_MACHINE\Software\Classes\Installer\Dependencies\Microsoft.VS.VC_RuntimeAdditionalVSU_x86,v14, Name: , Value: {844ECB74-9B63-3D5C-958C-30BD23F19EE4}
Key: HKEY_LOCAL_MACHINE\Software\Classes\Installer\Dependencies\Microsoft.VS.VC_RuntimeAdditionalVSU_x86,v14, Name: DisplayName, Value: Microsoft Visual C++ 2015 x86 Additional Runtime - 14.0.24212
Action ended 5:36:01: WriteRegistryValues. Return value 1.
Action 5:36:01: WriteIniValues. Writing INI files values
Action start 5:36:01: WriteIniValues.
Action ended 5:36:01: WriteIniValues. Return value 1.
Action 5:36:01: WriteEnvironmentStrings. Updating environment strings
Action start 5:36:01: WriteEnvironmentStrings.
Action ended 5:36:01: WriteEnvironmentStrings. Return value 1.
Action 5:36:01: RegisterFonts. Registering fonts
Action start 5:36:01: RegisterFonts.
Action ended 5:36:01: RegisterFonts. Return value 1.
Action 5:36:01: InstallODBC. Installing ODBC components
Action start 5:36:01: InstallODBC.
Action ended 5:36:01: InstallODBC. Return value 1.
Action 5:36:01: SelfRegModules. Registering modules
Action start 5:36:01: SelfRegModules.
Action ended 5:36:01: SelfRegModules. Return value 1.
Action 5:36:01: InstallServices. Installing new services
Action start 5:36:01: InstallServices.
Action ended 5:36:01: InstallServices. Return value 1.
Action 5:36:01: StartServices. Starting services
Action start 5:36:01: StartServices.
Action ended 5:36:01: StartServices. Return value 1.
Action 5:36:01: RegisterUser. Registering user
Action start 5:36:01: RegisterUser.
1:  
Action ended 5:36:01: RegisterUser. Return value 1.
Action 5:36:01: RegisterProduct. Registering product
Action start 5:36:01: RegisterProduct.
1: {844ECB74-9B63-3D5C-958C-30BD23F19EE4} 
Action ended 5:36:01: RegisterProduct. Return value 1.
Action 5:36:01: PublishComponents. Publishing Qualified Components
Action start 5:36:01: PublishComponents.
Action ended 5:36:01: PublishComponents. Return value 1.
Action 5:36:01: MsiPublishAssemblies. Publishing assembly information
Action start 5:36:01: MsiPublishAssemblies.
Action ended 5:36:01: MsiPublishAssemblies. Return value 1.
Action 5:36:01: PublishFeatures. Publishing Product Features
Action start 5:36:01: PublishFeatures.
Feature: VC_Runtime_Additional
Feature: Provider
Feature: Servicing_Key
Action ended 5:36:01: PublishFeatures. Return value 1.
Action 5:36:01: PublishProduct. Publishing product information
Action start 5:36:01: PublishProduct.
1: {844ECB74-9B63-3D5C-958C-30BD23F19EE4} 
Action ended 5:36:01: PublishProduct. Return value 1.
Action 5:36:01: CreateShortcuts. Creating shortcuts
Action start 5:36:01: CreateShortcuts.
Action ended 5:36:01: CreateShortcuts. Return value 1.
Action ended 5:36:01: InstallFinalize. Return value 1.
Action ended 5:36:01: INSTALL. Return value 1.
1: Microsoft Visual C++ 2015 x86 Additional Runtime - 14.0.24212 2: {844ECB74-9B63-3D5C-958C-30BD23F19EE4} 3: 1 
Property(S): DiskPrompt = 
Property(S): UpgradeCode = {C78B8E51-0C65-377E-85D1-282F689FE505}
Property(S): TARGETDIR = C:\
Property(S): SystemFolder_x86_VC = C:\windows\syswow64\
Property(S): SourceDir = C:\ProgramData\Package Cache\{844ECB74-9B63-3D5C-958C-30BD23F19EE4}v14.0.24212\packages\vcRuntimeAdditional_x86\
Property(S): SystemFolder = C:\windows\syswow64\
Property(S): VersionNT = 601
Property(S): ALLUSERS = 1
Property(S): ARPHELPLINK = http://go.microsoft.com/fwlink/?LinkId=133405
Property(S): ARPNOMODIFY = 1
Property(S): ARPURLUpdateInfo = http://go.microsoft.com/fwlink/?LinkId=133408
Property(S): ARPCOMMENTS = Caution. Removing this product might prevent some applications from running.
Property(S): comspec_cmd = %comspec%
Property(S): DDPatch = 0
Property(S): FeatureID = 1
Property(S): FILESINUSETEXT = The following applications should be closed before continuing the install:
Property(S): FXAssemblyVersion = 4.0.0.0
Property(S): FXAssemblyVersion35 = 3.5.0.0
Property(S): INSTALLLEVEL = 2
Property(S): LIMITUI = 1
Property(S): NullGUID = {00000000-0000-0000-0000-000000000000}
Property(S): PIDRegEntryName = ProductID
Property(S): PIDUserNameRegKey = SOFTWARE\Microsoft\VisualStudio\7.0\Registration
Property(S): PIDUserNameRegRoot = HKEY_LOCAL_MACHINE
Property(S): PrimaryDir = VS7.3643236F_FC70_11D3_A536_0090278A1BB8
Property(S): REBOOT = ReallySuppress
Property(S): REPAIR_REINSTALLMODE = pecmsu
Property(S): ReserveAdditionalCostVS7UI = 8388608
Property(S): RunCount = 49
Property(S): UpdateProp1 = 0
Property(S): UpdateProp2 = 0
Property(S): UpdateProp3 = 0
Property(S): UpdateProp4 = 0
Property(S): UpdateProp5 = 0
Property(S): UserNameRegEntryName = UserName
Property(S): ARPSYSTEMCOMPONENT = 1
Property(S): BuildType = ret
Property(S): URTVersion = v4.0.30319
Property(S): LocProductName = Microsoft Visual C++ 2015 x86 Runtime
Property(S): ProductCPU = x86
Property(S): ProductEdition = Runtime
Property(S): ProductFamily = VC
Property(S): ProductImage = net
Property(S): RTM_ProductVersion = 14.0.24212
Property(S): ProductVersionHigh = 720896
Property(S): ProductVersionLow = 1999110144
Property(S): MsiLogging = voicewarmup
Property(S): Manufacturer = Microsoft Corporation
Property(S): ProductCode = {844ECB74-9B63-3D5C-958C-30BD23F19EE4}
Property(S): ProductLanguage = 1033
Property(S): ProductName = Microsoft Visual C++ 2015 x86 Additional Runtime - 14.0.24212
Property(S): ProductVersion = 14.0.24212
Property(S): DirectoryTable100_x86 = DirectoryTable
Property(S): SecureCustomProperties = IE501FOUND.3643236F_FC70_11D3_A536_0090278A1BB8;IGNOREDEPENDENCIES;INSTALLBLOCKFOUND.3643236F_FC70_11D3_A536_0090278A1BB8;JSHFOUNDVER;NEWERVCRUNTIMEVERSIONDETECTED;OCMFOUNDVER;OCMFOUNDVERLANG;REDISTFOUNDVER;REDISTFOUNDVERLANG;UNINSTALLBLOCKFOUND.3643236F_FC70_11D3_A536_0090278A1BB8;UPGRADEVCRUNTIME
Property(S): WixPdbPath = f:\ddSetup\SD\3\wix\outs\x86ret\enu\cooked\vc_RuntimeAdditional_net.wixpdb
Property(S): AdminUser = 1
Property(S): CommonAppDataFolder = C:\ProgramData\
Property(S): FavoritesFolder = C:\users\gcenx\Favorites\
Property(S): FontsFolder = C:\windows\Fonts\
Property(S): SendToFolder = C:\users\gcenx\SendTo\
Property(S): StartMenuFolder = C:\users\gcenx\Start Menu\
Property(S): StartupFolder = C:\users\gcenx\Start Menu\Programs\StartUp\
Property(S): TemplateFolder = C:\users\gcenx\Templates\
Property(S): DesktopFolder = C:\users\gcenx\Desktop\
Property(S): ProgramMenuFolder = C:\users\gcenx\Start Menu\Programs\
Property(S): AdminToolsFolder = C:\users\gcenx\Start Menu\Programs\Administrative Tools\
Property(S): AppDataFolder = C:\users\gcenx\Application Data\
Property(S): System16Folder = C:\windows\system32\
Property(S): LocalAppDataFolder = C:\users\gcenx\Local Settings\Application Data\
Property(S): MyPicturesFolder = C:\users\gcenx\My Pictures\
Property(S): PersonalFolder = C:\users\gcenx\My Documents\
Property(S): WindowsFolder = C:\windows\
Property(S): PrintHoodFolder = C:\users\gcenx\PrintHood\
Property(S): NetHoodFolder = C:\users\gcenx\NetHood\
Property(S): RecentFolder = C:\users\gcenx\Recent\
Property(S): PhysicalMemory = 12288
Property(S): WindowsVolume = C:\
Property(S): TempFolder = C:\users\gcenx\Temp\
Property(S): Privileged = 1
Property(S): MsiNTProductType = 1
Property(S): WindowsBuild = 7601
Property(S): ServicePackLevel = 1
Property(S): VersionMsi = 4.5
Property(S): VersionDatabase = 400
Property(S): Intel = 6
Property(S): MsiAMD64 = 6
Property(S): Msix64 = 6
Property(S): VersionNT64 = 601
Property(S): System64Folder = C:\windows\system32\
Property(S): ProgramFiles64Folder = C:\Program Files\
Property(S): ProgramFilesFolder = C:\Program Files (x86)\
Property(S): CommonFiles64Folder = C:\Program Files\Common Files\
Property(S): CommonFilesFolder = C:\Program Files (x86)\Common Files\
Property(S): ScreenX = 1440
Property(S): ScreenY = 900
Property(S): ColorBits = 32
Property(S): UserSID = S-1-5-21-0-0-0-1000
Property(S): UserLanguageID = 1033
Property(S): SystemLanguageID = 1033
Property(S): ProductState = -1
Property(S): LogonUser = gcenx
Property(S): ComputerName = DEANS-MAC-MINI
Property(S): UILevel = 2
Property(S): PackageCode = {2F389DFE-8C3B-4F06-AEED-A18D91814871}
Property(S): DATABASE = C:\windows\Installer\f835.msi
Property(S): OriginalDatabase = C:\ProgramData\Package Cache\{844ECB74-9B63-3D5C-958C-30BD23F19EE4}v14.0.24212\packages\vcRuntimeAdditional_x86\vc_runtimeAdditional_x86.msi
Property(S): SOURCEDIR = C:\ProgramData\Package Cache\{844ECB74-9B63-3D5C-958C-30BD23F19EE4}v14.0.24212\packages\vcRuntimeAdditional_x86\
Property(S): MSIFASTINSTALL = 7
Property(S): NOVSUI = 1
Property(S): ACTION = INSTALL
Property(S): EXECUTEACTION = INSTALL
Property(S): CostingComplete = 1
Property(S): ROOTDRIVE = C:\
Property(S): OutOfDiskSpace = 0
Property(S): OutOfNoRbDiskSpace = 0
1: 2 2: 0 
1: 2 2: 1 
Action ended 5:36:01: INSTALL. Return value 1.
