[0258:025C][2022-08-07T17:35:59]i001: Burn v3.7.3813.0, Windows v6.1 (Build 7601: Service Pack 1), path: C:\Program Files (x86)\Origin\vcredist_x86_vs2015.exe, cmdline: '/q -burn.unelevated BurnPipe.{E03C5FA9-8198-4EBB-B558-06B2F3C9A22B} {DF90F8D5-4975-43F6-A04C-90CC0B6F560F} 588'
[0258:025C][2022-08-07T17:35:59]i000: Setting string variable 'WixBundleLog' to value 'C:\users\gcenx\Temp\dd_vcredist_x86_20220807173559.log'
[0258:025C][2022-08-07T17:35:59]i000: Setting string variable 'WixBundleOriginalSource' to value 'C:\Program Files (x86)\Origin\vcredist_x86_vs2015.exe'
[0258:025C][2022-08-07T17:35:59]i000: Setting string variable 'WixBundleOriginalSourceFolder' to value 'C:\Program Files (x86)\Origin\'
[0258:025C][2022-08-07T17:36:00]i000: Setting string variable 'WixBundleName' to value 'Microsoft Visual C++ 2015 Redistributable (x86) - 14.0.24212'
[0258:025C][2022-08-07T17:36:00]i100: Detect begin, 10 packages
[0258:025C][2022-08-07T17:36:00]i000: Setting version variable 'windows_uCRT_DetectKey' to value '10.0.14393.2247'
[0258:025C][2022-08-07T17:36:00]i000: Setting numeric variable 'windows_uCRT_DetectKeyExists' to value 1
[0258:025C][2022-08-07T17:36:00]i052: Condition '(VersionNT = v6.3 AND NOT VersionNT64) AND (windows_uCRT_DetectKeyExists AND windows_uCRT_DetectKey >= v10.0.10240.0)' evaluates to false.
[0258:025C][2022-08-07T17:36:00]i052: Condition '(VersionNT = v6.3 AND VersionNT64) AND (windows_uCRT_DetectKeyExists AND windows_uCRT_DetectKey >= v10.0.10240.0)' evaluates to false.
[0258:025C][2022-08-07T17:36:00]i052: Condition '(VersionNT = v6.2 AND NOT VersionNT64) AND (windows_uCRT_DetectKeyExists AND windows_uCRT_DetectKey >= v10.0.10240.0)' evaluates to false.
[0258:025C][2022-08-07T17:36:00]i052: Condition '(VersionNT = v6.2 AND VersionNT64) AND (windows_uCRT_DetectKeyExists AND windows_uCRT_DetectKey >= v10.0.10240.0)' evaluates to false.
[0258:025C][2022-08-07T17:36:00]i052: Condition '(VersionNT = v6.1 AND NOT VersionNT64) AND (windows_uCRT_DetectKeyExists AND windows_uCRT_DetectKey >= v10.0.10240.0)' evaluates to false.
[0258:025C][2022-08-07T17:36:00]i052: Condition '(VersionNT = v6.1 AND VersionNT64) AND (windows_uCRT_DetectKeyExists AND windows_uCRT_DetectKey >= v10.0.10240.0)' evaluates to true.
[0258:025C][2022-08-07T17:36:00]i052: Condition '(VersionNT = v6.0 AND NOT VersionNT64) AND (windows_uCRT_DetectKeyExists AND windows_uCRT_DetectKey >= v10.0.10240.0)' evaluates to false.
[0258:025C][2022-08-07T17:36:00]i052: Condition '(VersionNT = v6.0 AND VersionNT64) AND (windows_uCRT_DetectKeyExists AND windows_uCRT_DetectKey >= v10.0.10240.0)' evaluates to false.
[0258:025C][2022-08-07T17:36:00]i101: Detected package: vcRuntimeMinimum_x86, state: Absent, cached: None
[0258:025C][2022-08-07T17:36:00]i101: Detected package: vcRuntimeAdditional_x86, state: Absent, cached: None
[0258:025C][2022-08-07T17:36:00]i101: Detected package: Windows81_x86, state: Absent, cached: None
[0258:025C][2022-08-07T17:36:00]i101: Detected package: Windows81_x64, state: Absent, cached: None
[0258:025C][2022-08-07T17:36:00]i101: Detected package: Windows8_x86, state: Absent, cached: None
[0258:025C][2022-08-07T17:36:00]i101: Detected package: Windows8_x64, state: Absent, cached: None
[0258:025C][2022-08-07T17:36:00]i101: Detected package: Windows7_MSU_x86, state: Absent, cached: None
[0258:025C][2022-08-07T17:36:00]i101: Detected package: Windows7_MSU_x64, state: Present, cached: None
[0258:025C][2022-08-07T17:36:00]i101: Detected package: WindowsVista_MSU_x86, state: Absent, cached: None
[0258:025C][2022-08-07T17:36:00]i101: Detected package: WindowsVista_MSU_x64, state: Absent, cached: None
[0258:025C][2022-08-07T17:36:00]i052: Condition 'VersionNT >= v6.0 OR (VersionNT = v5.1 AND ServicePackLevel >= 2) OR (VersionNT = v5.2 AND ServicePackLevel >= 1)' evaluates to true.
[0258:025C][2022-08-07T17:36:00]i199: Detect complete, result: 0x0
[0258:025C][2022-08-07T17:36:00]i200: Plan begin, 10 packages, action: Install
[0258:025C][2022-08-07T17:36:00]i000: Setting string variable 'WixBundleRollbackLog_vcRuntimeMinimum_x86' to value 'C:\users\gcenx\Temp\dd_vcredist_x86_20220807173559_000_vcRuntimeMinimum_x86_rollback.log'
[0258:025C][2022-08-07T17:36:00]i000: Setting string variable 'WixBundleLog_vcRuntimeMinimum_x86' to value 'C:\users\gcenx\Temp\dd_vcredist_x86_20220807173559_000_vcRuntimeMinimum_x86.log'
[0258:025C][2022-08-07T17:36:00]i000: Setting string variable 'WixBundleRollbackLog_vcRuntimeAdditional_x86' to value 'C:\users\gcenx\Temp\dd_vcredist_x86_20220807173559_001_vcRuntimeAdditional_x86_rollback.log'
[0258:025C][2022-08-07T17:36:00]i000: Setting string variable 'WixBundleLog_vcRuntimeAdditional_x86' to value 'C:\users\gcenx\Temp\dd_vcredist_x86_20220807173559_001_vcRuntimeAdditional_x86.log'
[0258:025C][2022-08-07T17:36:00]i052: Condition 'VersionNT = v6.3 AND NOT VersionNT64' evaluates to false.
[0258:025C][2022-08-07T17:36:00]w321: Skipping dependency registration on package with no dependency providers: Windows81_x86
[0258:025C][2022-08-07T17:36:00]i052: Condition 'VersionNT = v6.3 AND VersionNT64' evaluates to false.
[0258:025C][2022-08-07T17:36:00]w321: Skipping dependency registration on package with no dependency providers: Windows81_x64
[0258:025C][2022-08-07T17:36:00]i052: Condition 'VersionNT = v6.2 AND NOT VersionNT64' evaluates to false.
[0258:025C][2022-08-07T17:36:00]w321: Skipping dependency registration on package with no dependency providers: Windows8_x86
[0258:025C][2022-08-07T17:36:00]i052: Condition 'VersionNT = v6.2 AND VersionNT64' evaluates to false.
[0258:025C][2022-08-07T17:36:00]w321: Skipping dependency registration on package with no dependency providers: Windows8_x64
[0258:025C][2022-08-07T17:36:00]i052: Condition 'VersionNT = v6.1 AND NOT VersionNT64' evaluates to false.
[0258:025C][2022-08-07T17:36:00]w321: Skipping dependency registration on package with no dependency providers: Windows7_MSU_x86
[0258:025C][2022-08-07T17:36:00]i052: Condition 'VersionNT = v6.1 AND VersionNT64' evaluates to true.
[0258:025C][2022-08-07T17:36:00]w321: Skipping dependency registration on package with no dependency providers: Windows7_MSU_x64
[0258:025C][2022-08-07T17:36:00]i052: Condition 'VersionNT = v6.0 AND NOT VersionNT64' evaluates to false.
[0258:025C][2022-08-07T17:36:00]w321: Skipping dependency registration on package with no dependency providers: WindowsVista_MSU_x86
[0258:025C][2022-08-07T17:36:00]i052: Condition 'VersionNT = v6.0 AND VersionNT64' evaluates to false.
[0258:025C][2022-08-07T17:36:00]w321: Skipping dependency registration on package with no dependency providers: WindowsVista_MSU_x64
[0258:025C][2022-08-07T17:36:00]i201: Planned package: vcRuntimeMinimum_x86, state: Absent, default requested: Present, ba requested: Present, execute: Install, rollback: Uninstall, cache: Yes, uncache: No, dependency: Register
[0258:025C][2022-08-07T17:36:00]i201: Planned package: vcRuntimeAdditional_x86, state: Absent, default requested: Present, ba requested: Present, execute: Install, rollback: Uninstall, cache: Yes, uncache: No, dependency: Register
[0258:025C][2022-08-07T17:36:00]i201: Planned package: Windows81_x86, state: Absent, default requested: Absent, ba requested: Absent, execute: None, rollback: None, cache: No, uncache: No, dependency: None
[0258:025C][2022-08-07T17:36:00]i201: Planned package: Windows81_x64, state: Absent, default requested: Absent, ba requested: Absent, execute: None, rollback: None, cache: No, uncache: No, dependency: None
[0258:025C][2022-08-07T17:36:00]i201: Planned package: Windows8_x86, state: Absent, default requested: Absent, ba requested: Absent, execute: None, rollback: None, cache: No, uncache: No, dependency: None
[0258:025C][2022-08-07T17:36:00]i201: Planned package: Windows8_x64, state: Absent, default requested: Absent, ba requested: Absent, execute: None, rollback: None, cache: No, uncache: No, dependency: None
[0258:025C][2022-08-07T17:36:00]i201: Planned package: Windows7_MSU_x86, state: Absent, default requested: Absent, ba requested: Absent, execute: None, rollback: None, cache: No, uncache: No, dependency: None
[0258:025C][2022-08-07T17:36:00]i201: Planned package: Windows7_MSU_x64, state: Present, default requested: Present, ba requested: Present, execute: None, rollback: None, cache: No, uncache: No, dependency: None
[0258:025C][2022-08-07T17:36:00]i201: Planned package: WindowsVista_MSU_x86, state: Absent, default requested: Absent, ba requested: Absent, execute: None, rollback: None, cache: No, uncache: No, dependency: None
[0258:025C][2022-08-07T17:36:00]i201: Planned package: WindowsVista_MSU_x64, state: Absent, default requested: Absent, ba requested: Absent, execute: None, rollback: None, cache: No, uncache: No, dependency: None
[0258:025C][2022-08-07T17:36:00]i299: Plan complete, result: 0x0
[0258:025C][2022-08-07T17:36:00]i300: Apply begin
[024C:0250][2022-08-07T17:36:00]i360: Creating a system restore point.
[024C:0250][2022-08-07T17:36:00]i361: Created a system restore point.
[024C:0250][2022-08-07T17:36:00]i370: Session begin, registration key: SOFTWARE\Microsoft\Windows\CurrentVersion\Uninstall\{462f63a8-6347-4894-a1b3-dbfe3a4c981d}, options: 0x7, disable resume: No
[024C:0250][2022-08-07T17:36:00]i000: Caching bundle from: 'C:\users\gcenx\Temp\{462f63a8-6347-4894-a1b3-dbfe3a4c981d}\.be\VC_redist.x86.exe' to: 'C:\ProgramData\Package Cache\{462f63a8-6347-4894-a1b3-dbfe3a4c981d}\VC_redist.x86.exe'
[024C:0250][2022-08-07T17:36:00]i320: Registering bundle dependency provider: {462f63a8-6347-4894-a1b3-dbfe3a4c981d}, version: 14.0.24212.0
[024C:0250][2022-08-07T17:36:00]i371: Updating session, registration key: SOFTWARE\Microsoft\Windows\CurrentVersion\Uninstall\{462f63a8-6347-4894-a1b3-dbfe3a4c981d}, resume: Active, restart initiated: No, disable resume: No
[024C:0270][2022-08-07T17:36:00]i304: Verified existing payload: vcRuntimeMinimum_x86 at path: C:\ProgramData\Package Cache\.unverified\vcRuntimeMinimum_x86.
[024C:0270][2022-08-07T17:36:00]i305: Verified acquired payload: vcRuntimeMinimum_x86 at path: C:\ProgramData\Package Cache\.unverified\vcRuntimeMinimum_x86, moving to: C:\ProgramData\Package Cache\{37B55901-995A-3650-80B1-BBFD047E2911}v14.0.24212\packages\vcRuntimeMinimum_x86\vc_runtimeMinimum_x86.msi.
[024C:0270][2022-08-07T17:36:00]i304: Verified existing payload: cab54A5CABBE7274D8A22EB58060AAB7623 at path: C:\ProgramData\Package Cache\.unverified\cab54A5CABBE7274D8A22EB58060AAB7623.
[024C:0270][2022-08-07T17:36:00]i305: Verified acquired payload: cab54A5CABBE7274D8A22EB58060AAB7623 at path: C:\ProgramData\Package Cache\.unverified\cab54A5CABBE7274D8A22EB58060AAB7623, moving to: C:\ProgramData\Package Cache\{37B55901-995A-3650-80B1-BBFD047E2911}v14.0.24212\packages\vcRuntimeMinimum_x86\cab1.cab.
[024C:0270][2022-08-07T17:36:00]i304: Verified existing payload: vcRuntimeAdditional_x86 at path: C:\ProgramData\Package Cache\.unverified\vcRuntimeAdditional_x86.
[024C:0270][2022-08-07T17:36:00]i305: Verified acquired payload: vcRuntimeAdditional_x86 at path: C:\ProgramData\Package Cache\.unverified\vcRuntimeAdditional_x86, moving to: C:\ProgramData\Package Cache\{844ECB74-9B63-3D5C-958C-30BD23F19EE4}v14.0.24212\packages\vcRuntimeAdditional_x86\vc_runtimeAdditional_x86.msi.
[024C:0270][2022-08-07T17:36:00]i304: Verified existing payload: cabB3E1576D1FEFBB979E13B1A5379E0B16 at path: C:\ProgramData\Package Cache\.unverified\cabB3E1576D1FEFBB979E13B1A5379E0B16.
[024C:0270][2022-08-07T17:36:00]i305: Verified acquired payload: cabB3E1576D1FEFBB979E13B1A5379E0B16 at path: C:\ProgramData\Package Cache\.unverified\cabB3E1576D1FEFBB979E13B1A5379E0B16, moving to: C:\ProgramData\Package Cache\{844ECB74-9B63-3D5C-958C-30BD23F19EE4}v14.0.24212\packages\vcRuntimeAdditional_x86\cab1.cab.
[024C:0250][2022-08-07T17:36:00]i301: Applying execute package: vcRuntimeMinimum_x86, action: Install, path: C:\ProgramData\Package Cache\{37B55901-995A-3650-80B1-BBFD047E2911}v14.0.24212\packages\vcRuntimeMinimum_x86\vc_runtimeMinimum_x86.msi, arguments: ' MSIFASTINSTALL="7" NOVSUI="1"'
[0258:025C][2022-08-07T17:36:01]i319: Applied execute package: vcRuntimeMinimum_x86, result: 0x0, restart: None
[024C:0250][2022-08-07T17:36:01]i325: Registering dependency: {462f63a8-6347-4894-a1b3-dbfe3a4c981d} on package provider: Microsoft.VS.VC_RuntimeMinimumVSU_x86,v14, package: vcRuntimeMinimum_x86
[024C:0250][2022-08-07T17:36:01]i301: Applying execute package: vcRuntimeAdditional_x86, action: Install, path: C:\ProgramData\Package Cache\{844ECB74-9B63-3D5C-958C-30BD23F19EE4}v14.0.24212\packages\vcRuntimeAdditional_x86\vc_runtimeAdditional_x86.msi, arguments: ' MSIFASTINSTALL="7" NOVSUI="1"'
[0258:025C][2022-08-07T17:36:01]i319: Applied execute package: vcRuntimeAdditional_x86, result: 0x0, restart: None
[024C:0250][2022-08-07T17:36:01]i325: Registering dependency: {462f63a8-6347-4894-a1b3-dbfe3a4c981d} on package provider: Microsoft.VS.VC_RuntimeAdditionalVSU_x86,v14, package: vcRuntimeAdditional_x86
[024C:0250][2022-08-07T17:36:01]i372: Session end, registration key: SOFTWARE\Microsoft\Windows\CurrentVersion\Uninstall\{462f63a8-6347-4894-a1b3-dbfe3a4c981d}, resume: ARP, restart: None, disable resume: No
[024C:0250][2022-08-07T17:36:01]i371: Updating session, registration key: SOFTWARE\Microsoft\Windows\CurrentVersion\Uninstall\{462f63a8-6347-4894-a1b3-dbfe3a4c981d}, resume: ARP, restart initiated: No, disable resume: No
[0258:025C][2022-08-07T17:36:01]i399: Apply complete, result: 0x0, restart: None, ba requested restart:  No
[0258:025C][2022-08-07T17:36:01]i500: Shutting down, exit code: 0x0
[0258:025C][2022-08-07T17:36:01]i410: Variable: ServicePackLevel = 1
[0258:025C][2022-08-07T17:36:01]i410: Variable: SystemFolder = C:\windows\system32\
[0258:025C][2022-08-07T17:36:01]i410: Variable: VersionNT = 6.1.0.0
[0258:025C][2022-08-07T17:36:01]i410: Variable: VersionNT64 = 6.1.0.0
[0258:025C][2022-08-07T17:36:01]i410: Variable: windows_uCRT_DetectKey = 10.0.14393.2247
[0258:025C][2022-08-07T17:36:01]i410: Variable: windows_uCRT_DetectKeyExists = 1
[0258:025C][2022-08-07T17:36:01]i410: Variable: WixBundleAction = 5
[0258:025C][2022-08-07T17:36:01]i410: Variable: WixBundleCompressed = 1
[0258:025C][2022-08-07T17:36:01]i410: Variable: WixBundleElevated = 1
[0258:025C][2022-08-07T17:36:01]i410: Variable: WixBundleInstalled = 0
[0258:025C][2022-08-07T17:36:01]i410: Variable: WixBundleLog = C:\users\gcenx\Temp\dd_vcredist_x86_20220807173559.log
[0258:025C][2022-08-07T17:36:01]i410: Variable: WixBundleLog_vcRuntimeAdditional_x86 = C:\users\gcenx\Temp\dd_vcredist_x86_20220807173559_001_vcRuntimeAdditional_x86.log
[0258:025C][2022-08-07T17:36:01]i410: Variable: WixBundleLog_vcRuntimeMinimum_x86 = C:\users\gcenx\Temp\dd_vcredist_x86_20220807173559_000_vcRuntimeMinimum_x86.log
[0258:025C][2022-08-07T17:36:01]i410: Variable: WixBundleManufacturer = Microsoft Corporation
[0258:025C][2022-08-07T17:36:01]i410: Variable: WixBundleName = Microsoft Visual C++ 2015 Redistributable (x86) - 14.0.24212
[0258:025C][2022-08-07T17:36:01]i410: Variable: WixBundleOriginalSource = C:\Program Files (x86)\Origin\vcredist_x86_vs2015.exe
[0258:025C][2022-08-07T17:36:01]i410: Variable: WixBundleOriginalSourceFolder = C:\Program Files (x86)\Origin\
[0258:025C][2022-08-07T17:36:01]i410: Variable: WixBundleProviderKey = {462f63a8-6347-4894-a1b3-dbfe3a4c981d}
[0258:025C][2022-08-07T17:36:01]i410: Variable: WixBundleRollbackLog_vcRuntimeAdditional_x86 = C:\users\gcenx\Temp\dd_vcredist_x86_20220807173559_001_vcRuntimeAdditional_x86_rollback.log
[0258:025C][2022-08-07T17:36:01]i410: Variable: WixBundleRollbackLog_vcRuntimeMinimum_x86 = C:\users\gcenx\Temp\dd_vcredist_x86_20220807173559_000_vcRuntimeMinimum_x86_rollback.log
[0258:025C][2022-08-07T17:36:01]i410: Variable: WixBundleTag = 
[0258:025C][2022-08-07T17:36:01]i410: Variable: WixBundleVersion = 14.0.24212.0
[0258:025C][2022-08-07T17:36:01]i007: Exit code: 0x0, restarting: No
