Hardware:

    Hardware Overview:

      Model Name: MacBook Pro
      Model Identifier: MacBookPro18,3
      Model Number: MKGP3LL/A
      Chip: Unknown
      Total Number of Cores: 8 (6 performance and 2 efficiency)
      Memory: 16 GB
      System Firmware Version: 8419.0.151.0.1
      OS Loader Version: 8419.0.151.0.1

Graphics/Displays:

    Apple M1 Pro:

      Chipset Model: Apple M1 Pro
      Type: GPU
      Bus: Built-In
      Total Number of Cores: 14
      Vendor: Apple (0x106b)
      Metal Support: Metal 3
      Displays:
        U32V3:
          Resolution: 3840 x 2160 (2160p/4K UHD 1 - Ultra High Definition)
          UI Looks like: 3840 x 2160 @ 60.00Hz
          Main Display: Yes
          Mirror: Off
          Online: Yes
        Color LCD:
          Display Type: Built-in Liquid Retina XDR Display
          Resolution: 3024 x 1964 Retina
          Mirror: Off
          Online: Yes
          Automatically Adjust Brightness: Yes
          Connection Type: Internal

Hardware:

    Hardware Overview:

      Model Name: MacBook Pro
      Model Identifier: MacBookPro18,3
      Model Number: MKGP3LL/A
      Chip: Unknown
      Total Number of Cores: 8 (6 performance and 2 efficiency)
      Memory: 16 GB
      System Firmware Version: 8419.0.151.0.1
      OS Loader Version: 8419.0.151.0.1

Graphics/Displays:

    Apple M1 Pro:

      Chipset Model: Apple M1 Pro
      Type: GPU
      Bus: Built-In
      Total Number of Cores: 14
      Vendor: Apple (0x106b)
      Metal Support: Metal 3
      Displays:
        U32V3:
          Resolution: 3840 x 2160 (2160p/4K UHD 1 - Ultra High Definition)
          UI Looks like: 3840 x 2160 @ 60.00Hz
          Main Display: Yes
          Mirror: Off
          Online: Yes
        Color LCD:
          Display Type: Built-in Liquid Retina XDR Display
          Resolution: 3024 x 1964 Retina
          Mirror: Off
          Online: Yes
          Automatically Adjust Brightness: Yes
          Connection Type: Internal

Hardware:

    Hardware Overview:

      Model Name: MacBook Pro
      Model Identifier: MacBookPro18,3
      Model Number: MKGP3LL/A
      Chip: Unknown
      Total Number of Cores: 8 (6 performance and 2 efficiency)
      Memory: 16 GB
      System Firmware Version: 8419.0.151.0.1
      OS Loader Version: 8419.0.151.0.1

Graphics/Displays:

    Apple M1 Pro:

      Chipset Model: Apple M1 Pro
      Type: GPU
      Bus: Built-In
      Total Number of Cores: 14
      Vendor: Apple (0x106b)
      Metal Support: Metal 3
      Displays:
        U32V3:
          Resolution: 3840 x 2160 (2160p/4K UHD 1 - Ultra High Definition)
          UI Looks like: 3840 x 2160 @ 60.00Hz
          Main Display: Yes
          Mirror: Off
          Online: Yes
        Color LCD:
          Display Type: Built-in Liquid Retina XDR Display
          Resolution: 3024 x 1964 Retina
          Mirror: Off
          Online: Yes
          Automatically Adjust Brightness: Yes
          Connection Type: Internal

Hardware:

    Hardware Overview:

      Model Name: MacBook Pro
      Model Identifier: MacBookPro18,3
      Model Number: MKGP3LL/A
      Chip: Unknown
      Total Number of Cores: 8 (6 performance and 2 efficiency)
      Memory: 16 GB
      System Firmware Version: 8419.0.151.0.1
      OS Loader Version: 8419.0.151.0.1

Graphics/Displays:

    Apple M1 Pro:

      Chipset Model: Apple M1 Pro
      Type: GPU
      Bus: Built-In
      Total Number of Cores: 14
      Vendor: Apple (0x106b)
      Metal Support: Metal 3
      Displays:
        U32V3:
          Resolution: 3840 x 2160 (2160p/4K UHD 1 - Ultra High Definition)
          UI Looks like: 3840 x 2160 @ 60.00Hz
          Main Display: Yes
          Mirror: Off
          Online: Yes
        Color LCD:
          Display Type: Built-in Liquid Retina XDR Display
          Resolution: 3024 x 1964 Retina
          Mirror: Off
          Online: Yes
          Automatically Adjust Brightness: Yes
          Connection Type: Internal

Hardware:

    Hardware Overview:

      Model Name: MacBook Pro
      Model Identifier: MacBookPro18,3
      Model Number: MKGP3LL/A
      Chip: Unknown
      Total Number of Cores: 8 (6 performance and 2 efficiency)
      Memory: 16 GB
      System Firmware Version: 8419.0.151.0.1
      OS Loader Version: 8419.0.151.0.1

Graphics/Displays:

    Apple M1 Pro:

      Chipset Model: Apple M1 Pro
      Type: GPU
      Bus: Built-In
      Total Number of Cores: 14
      Vendor: Apple (0x106b)
      Metal Support: Metal 3
      Displays:
        U32V3:
          Resolution: 3840 x 2160 (2160p/4K UHD 1 - Ultra High Definition)
          UI Looks like: 3840 x 2160 @ 60.00Hz
          Main Display: Yes
          Mirror: Off
          Online: Yes
        Color LCD:
          Display Type: Built-in Liquid Retina XDR Display
          Resolution: 3024 x 1964 Retina
          Mirror: Off
          Online: Yes
          Automatically Adjust Brightness: Yes
          Connection Type: Internal

